19-Oct-2021 09:21:53.473 INFORMACIÓN [main] org.apache.catalina.startup.VersionLoggerListener.log Nombre de la versión del servidor: Apache Tomcat/8.5.71
19-Oct-2021 09:21:53.488 INFORMACIÓN [main] org.apache.catalina.startup.VersionLoggerListener.log Server built:                      Sep 9 2021 18:43:14 UTC
19-Oct-2021 09:21:53.488 INFORMACIÓN [main] org.apache.catalina.startup.VersionLoggerListener.log Número de versión de servidor:     8.5.71.0
19-Oct-2021 09:21:53.488 INFORMACIÓN [main] org.apache.catalina.startup.VersionLoggerListener.log OS Name:                           Windows 10
19-Oct-2021 09:21:53.488 INFORMACIÓN [main] org.apache.catalina.startup.VersionLoggerListener.log Versión de Systema Operativo:      10.0
19-Oct-2021 09:21:53.488 INFORMACIÓN [main] org.apache.catalina.startup.VersionLoggerListener.log Arquitectura:                      amd64
19-Oct-2021 09:21:53.488 INFORMACIÓN [main] org.apache.catalina.startup.VersionLoggerListener.log Java Home:                         C:\Program Files\Java\jdk1.8.0_271\jre
19-Oct-2021 09:21:53.488 INFORMACIÓN [main] org.apache.catalina.startup.VersionLoggerListener.log JVM Version:                       1.8.0_271-b09
19-Oct-2021 09:21:53.488 INFORMACIÓN [main] org.apache.catalina.startup.VersionLoggerListener.log Vededor JVM:                       Oracle Corporation
19-Oct-2021 09:21:53.488 INFORMACIÓN [main] org.apache.catalina.startup.VersionLoggerListener.log CATALINA_BASE:                     C:\Users\Manuel\OneDrive\Documents\NetBeansProjects\Server\apache-tomcat-8.5.71
19-Oct-2021 09:21:53.488 INFORMACIÓN [main] org.apache.catalina.startup.VersionLoggerListener.log CATALINA_HOME:                     C:\Users\Manuel\OneDrive\Documents\NetBeansProjects\Server\apache-tomcat-8.5.71
19-Oct-2021 09:21:53.488 INFORMACIÓN [main] org.apache.catalina.startup.VersionLoggerListener.log Command line argument:             -Djava.util.logging.config.file=C:\Users\Manuel\OneDrive\Documents\NetBeansProjects\Server\apache-tomcat-8.5.71\conf\logging.properties
19-Oct-2021 09:21:53.488 INFORMACIÓN [main] org.apache.catalina.startup.VersionLoggerListener.log Command line argument:             -Djava.util.logging.manager=org.apache.juli.ClassLoaderLogManager
19-Oct-2021 09:21:53.488 INFORMACIÓN [main] org.apache.catalina.startup.VersionLoggerListener.log Command line argument:             -Dhttp.nonProxyHosts=localhost|127.0.0.1|LAPTOP-7MAH5C0M
19-Oct-2021 09:21:53.488 INFORMACIÓN [main] org.apache.catalina.startup.VersionLoggerListener.log Command line argument:             -Djdk.tls.ephemeralDHKeySize=2048
19-Oct-2021 09:21:53.488 INFORMACIÓN [main] org.apache.catalina.startup.VersionLoggerListener.log Command line argument:             -Djava.protocol.handler.pkgs=org.apache.catalina.webresources
19-Oct-2021 09:21:53.488 INFORMACIÓN [main] org.apache.catalina.startup.VersionLoggerListener.log Command line argument:             -Dignore.endorsed.dirs=
19-Oct-2021 09:21:53.488 INFORMACIÓN [main] org.apache.catalina.startup.VersionLoggerListener.log Command line argument:             -Dcatalina.base=C:\Users\Manuel\OneDrive\Documents\NetBeansProjects\Server\apache-tomcat-8.5.71
19-Oct-2021 09:21:53.488 INFORMACIÓN [main] org.apache.catalina.startup.VersionLoggerListener.log Command line argument:             -Dcatalina.home=C:\Users\Manuel\OneDrive\Documents\NetBeansProjects\Server\apache-tomcat-8.5.71
19-Oct-2021 09:21:53.488 INFORMACIÓN [main] org.apache.catalina.startup.VersionLoggerListener.log Command line argument:             -Djava.io.tmpdir=C:\Users\Manuel\OneDrive\Documents\NetBeansProjects\Server\apache-tomcat-8.5.71\temp
19-Oct-2021 09:21:53.488 INFORMACIÓN [main] org.apache.catalina.core.AprLifecycleListener.lifecycleEvent Cargada la biblioteca nativa APR de Apache Tomcat [1.2.31] con la versión APR [1.7.0].
19-Oct-2021 09:21:53.488 INFORMACIÓN [main] org.apache.catalina.core.AprLifecycleListener.lifecycleEvent Capacidades APR: IPv6 [true], enviar fichero [true], aceptar filtros [false], aleatorio [true].
19-Oct-2021 09:21:53.488 INFORMACIÓN [main] org.apache.catalina.core.AprLifecycleListener.lifecycleEvent APR/OpenSSL configuration: useAprConnector [false], useOpenSSL [true]
19-Oct-2021 09:21:53.642 INFORMACIÓN [main] org.apache.catalina.core.AprLifecycleListener.initializeSSL OpenSSL inicializado correctamente [OpenSSL 1.1.1l  24 Aug 2021]
19-Oct-2021 09:21:53.958 INFORMACIÓN [main] org.apache.coyote.AbstractProtocol.init Inicializando el manejador de protocolo ["http-nio-8080"]

19-Oct-2021 09:21:54.175 INFORMACIÓN [main] org.apache.tomcat.util.net.NioSelectorPool.getSharedSelector Using a shared selector for servlet write/read
19-Oct-2021 09:21:54.206 INFORMACIÓN [main] org.apache.catalina.startup.Catalina.load Initialization processed in 1355 ms
19-Oct-2021 09:21:54.383 INFORMACIÓN [main] org.apache.catalina.core.StandardService.startInternal Arrancando servicio [Catalina]
19-Oct-2021 09:21:54.383 INFORMACIÓN [main] org.apache.catalina.core.StandardEngine.startInternal Starting Servlet engine: [Apache Tomcat/8.5.71]
19-Oct-2021 09:21:54.426 INFORMACIÓN [localhost-startStop-1] org.apache.catalina.startup.HostConfig.deployDescriptor Desplieque del descriptor de configuración [C:\Users\Manuel\OneDrive\Documents\NetBeansProjects\Server\apache-tomcat-8.5.71\conf\Catalina\localhost\Futbol.xml]
19-Oct-2021 09:21:55.449 INFORMACIÓN [localhost-startStop-1] org.apache.jasper.servlet.TldScanner.scanJars Al menos un JAR, que se ha explorado buscando TLDs, aún no contenía TLDs. Activar historial de depuración para este historiador para una completa lista de los JARs que fueron explorados y de los que nos se halló TLDs. Saltarse JARs no necesarios durante la exploración puede dar lugar a una mejora de tiempo significativa en el arranque y compilación de JSP .
19-Oct-2021 09:21:55.664 INFORMACIÓN [localhost-startStop-1] org.apache.catalina.startup.HostConfig.deployDescriptor Deployment of deployment descriptor [C:\Users\Manuel\OneDrive\Documents\NetBeansProjects\Server\apache-tomcat-8.5.71\conf\Catalina\localhost\Futbol.xml] has finished in [1.222] ms
19-Oct-2021 09:21:55.664 INFORMACIÓN [localhost-startStop-1] org.apache.catalina.startup.HostConfig.deployDescriptor Desplieque del descriptor de configuración [C:\Users\Manuel\OneDrive\Documents\NetBeansProjects\Server\apache-tomcat-8.5.71\conf\Catalina\localhost\GastosFamiliares.xml]
19-Oct-2021 09:21:56.027 INFORMACIÓN [localhost-startStop-1] org.apache.jasper.servlet.TldScanner.scanJars Al menos un JAR, que se ha explorado buscando TLDs, aún no contenía TLDs. Activar historial de depuración para este historiador para una completa lista de los JARs que fueron explorados y de los que nos se halló TLDs. Saltarse JARs no necesarios durante la exploración puede dar lugar a una mejora de tiempo significativa en el arranque y compilación de JSP .
19-Oct-2021 09:21:56.043 INFORMACIÓN [localhost-startStop-1] org.apache.catalina.startup.HostConfig.deployDescriptor Deployment of deployment descriptor [C:\Users\Manuel\OneDrive\Documents\NetBeansProjects\Server\apache-tomcat-8.5.71\conf\Catalina\localhost\GastosFamiliares.xml] has finished in [379] ms
19-Oct-2021 09:21:56.043 INFORMACIÓN [localhost-startStop-1] org.apache.catalina.startup.HostConfig.deployDescriptor Desplieque del descriptor de configuración [C:\Users\Manuel\OneDrive\Documents\NetBeansProjects\Server\apache-tomcat-8.5.71\conf\Catalina\localhost\parqueaderoWeb2021.xml]
19-Oct-2021 09:21:56.397 INFORMACIÓN [localhost-startStop-1] org.apache.jasper.servlet.TldScanner.scanJars Al menos un JAR, que se ha explorado buscando TLDs, aún no contenía TLDs. Activar historial de depuración para este historiador para una completa lista de los JARs que fueron explorados y de los que nos se halló TLDs. Saltarse JARs no necesarios durante la exploración puede dar lugar a una mejora de tiempo significativa en el arranque y compilación de JSP .
19-Oct-2021 09:21:56.413 INFORMACIÓN [localhost-startStop-1] org.apache.catalina.startup.HostConfig.deployDescriptor Deployment of deployment descriptor [C:\Users\Manuel\OneDrive\Documents\NetBeansProjects\Server\apache-tomcat-8.5.71\conf\Catalina\localhost\parqueaderoWeb2021.xml] has finished in [370] ms
19-Oct-2021 09:21:56.413 INFORMACIÓN [localhost-startStop-1] org.apache.catalina.startup.HostConfig.deployDescriptor Desplieque del descriptor de configuración [C:\Users\Manuel\OneDrive\Documents\NetBeansProjects\Server\apache-tomcat-8.5.71\conf\Catalina\localhost\Prestaya.xml]
19-Oct-2021 09:21:56.783 INFORMACIÓN [localhost-startStop-1] org.apache.jasper.servlet.TldScanner.scanJars Al menos un JAR, que se ha explorado buscando TLDs, aún no contenía TLDs. Activar historial de depuración para este historiador para una completa lista de los JARs que fueron explorados y de los que nos se halló TLDs. Saltarse JARs no necesarios durante la exploración puede dar lugar a una mejora de tiempo significativa en el arranque y compilación de JSP .
19-Oct-2021 09:21:56.783 INFORMACIÓN [localhost-startStop-1] org.apache.catalina.startup.HostConfig.deployDescriptor Deployment of deployment descriptor [C:\Users\Manuel\OneDrive\Documents\NetBeansProjects\Server\apache-tomcat-8.5.71\conf\Catalina\localhost\Prestaya.xml] has finished in [370] ms
19-Oct-2021 09:21:56.783 INFORMACIÓN [localhost-startStop-1] org.apache.catalina.startup.HostConfig.deployDescriptor Desplieque del descriptor de configuración [C:\Users\Manuel\OneDrive\Documents\NetBeansProjects\Server\apache-tomcat-8.5.71\conf\Catalina\localhost\votacionesAndroid.xml]
19-Oct-2021 09:21:56.783 GRAVE [localhost-startStop-1] org.apache.catalina.core.ContainerBase.addChildInternal ContainerBase.addChild: start: 
	org.apache.catalina.LifecycleException: Failed to start component [org.apache.catalina.webresources.StandardRoot@43bffd56]
		at org.apache.catalina.util.LifecycleBase.handleSubClassException(LifecycleBase.java:440)
		at org.apache.catalina.util.LifecycleBase.start(LifecycleBase.java:198)
		at org.apache.catalina.core.StandardContext.resourcesStart(StandardContext.java:4880)
		at org.apache.catalina.core.StandardContext.startInternal(StandardContext.java:5018)
		at org.apache.catalina.util.LifecycleBase.start(LifecycleBase.java:183)
		at org.apache.catalina.core.ContainerBase.addChildInternal(ContainerBase.java:753)
		at org.apache.catalina.core.ContainerBase.addChild(ContainerBase.java:727)
		at org.apache.catalina.core.StandardHost.addChild(StandardHost.java:695)
		at org.apache.catalina.startup.HostConfig.deployDescriptor(HostConfig.java:673)
		at org.apache.catalina.startup.HostConfig$DeployDescriptor.run(HostConfig.java:1881)
		at java.util.concurrent.Executors$RunnableAdapter.call(Executors.java:511)
		at java.util.concurrent.FutureTask.run(FutureTask.java:266)
		at java.util.concurrent.ThreadPoolExecutor.runWorker(ThreadPoolExecutor.java:1149)
		at java.util.concurrent.ThreadPoolExecutor$Worker.run(ThreadPoolExecutor.java:624)
		at java.lang.Thread.run(Thread.java:748)
	Caused by: java.lang.IllegalArgumentException: The main resource set specified [C:\Users\Manuel\OneDrive\Documents\NetBeansProjects\votacionesAndroid\build\web] is not valid
		at org.apache.catalina.webresources.StandardRoot.createMainResourceSet(StandardRoot.java:747)
		at org.apache.catalina.webresources.StandardRoot.startInternal(StandardRoot.java:705)
		at org.apache.catalina.util.LifecycleBase.start(LifecycleBase.java:183)
		... 13 more
19-Oct-2021 09:21:56.798 GRAVE [localhost-startStop-1] org.apache.catalina.startup.HostConfig.deployDescriptor Error durante el despliegue del descriptor de configuración [C:\Users\Manuel\OneDrive\Documents\NetBeansProjects\Server\apache-tomcat-8.5.71\conf\Catalina\localhost\votacionesAndroid.xml]
	java.lang.IllegalStateException: Error starting child
		at org.apache.catalina.core.ContainerBase.addChildInternal(ContainerBase.java:757)
		at org.apache.catalina.core.ContainerBase.addChild(ContainerBase.java:727)
		at org.apache.catalina.core.StandardHost.addChild(StandardHost.java:695)
		at org.apache.catalina.startup.HostConfig.deployDescriptor(HostConfig.java:673)
		at org.apache.catalina.startup.HostConfig$DeployDescriptor.run(HostConfig.java:1881)
		at java.util.concurrent.Executors$RunnableAdapter.call(Executors.java:511)
		at java.util.concurrent.FutureTask.run(FutureTask.java:266)
		at java.util.concurrent.ThreadPoolExecutor.runWorker(ThreadPoolExecutor.java:1149)
		at java.util.concurrent.ThreadPoolExecutor$Worker.run(ThreadPoolExecutor.java:624)
		at java.lang.Thread.run(Thread.java:748)
	Caused by: org.apache.catalina.LifecycleException: Failed to start component [org.apache.catalina.webresources.StandardRoot@43bffd56]
		at org.apache.catalina.util.LifecycleBase.handleSubClassException(LifecycleBase.java:440)
		at org.apache.catalina.util.LifecycleBase.start(LifecycleBase.java:198)
		at org.apache.catalina.core.StandardContext.resourcesStart(StandardContext.java:4880)
		at org.apache.catalina.core.StandardContext.startInternal(StandardContext.java:5018)
		at org.apache.catalina.util.LifecycleBase.start(LifecycleBase.java:183)
		at org.apache.catalina.core.ContainerBase.addChildInternal(ContainerBase.java:753)
		... 9 more
	Caused by: java.lang.IllegalArgumentException: The main resource set specified [C:\Users\Manuel\OneDrive\Documents\NetBeansProjects\votacionesAndroid\build\web] is not valid
		at org.apache.catalina.webresources.StandardRoot.createMainResourceSet(StandardRoot.java:747)
		at org.apache.catalina.webresources.StandardRoot.startInternal(StandardRoot.java:705)
		at org.apache.catalina.util.LifecycleBase.start(LifecycleBase.java:183)
		... 13 more
19-Oct-2021 09:21:56.845 INFORMACIÓN [localhost-startStop-1] org.apache.catalina.startup.HostConfig.deployDescriptor Deployment of deployment descriptor [C:\Users\Manuel\OneDrive\Documents\NetBeansProjects\Server\apache-tomcat-8.5.71\conf\Catalina\localhost\votacionesAndroid.xml] has finished in [62] ms
19-Oct-2021 09:21:56.845 INFORMACIÓN [localhost-startStop-1] org.apache.catalina.startup.HostConfig.deployDirectory Desplegando el directorio [C:\Users\Manuel\OneDrive\Documents\NetBeansProjects\Server\apache-tomcat-8.5.71\webapps\docs] de la aplicación web
19-Oct-2021 09:21:56.946 INFORMACIÓN [localhost-startStop-1] org.apache.catalina.startup.HostConfig.deployDirectory Deployment of web application directory [C:\Users\Manuel\OneDrive\Documents\NetBeansProjects\Server\apache-tomcat-8.5.71\webapps\docs] has finished in [101] ms
19-Oct-2021 09:21:56.946 INFORMACIÓN [localhost-startStop-1] org.apache.catalina.startup.HostConfig.deployDirectory Desplegando el directorio [C:\Users\Manuel\OneDrive\Documents\NetBeansProjects\Server\apache-tomcat-8.5.71\webapps\examples] de la aplicación web
19-Oct-2021 09:21:58.049 INFORMACIÓN [localhost-startStop-1] org.apache.catalina.startup.HostConfig.deployDirectory Deployment of web application directory [C:\Users\Manuel\OneDrive\Documents\NetBeansProjects\Server\apache-tomcat-8.5.71\webapps\examples] has finished in [1.103] ms
19-Oct-2021 09:21:58.049 INFORMACIÓN [localhost-startStop-1] org.apache.catalina.startup.HostConfig.deployDirectory Desplegando el directorio [C:\Users\Manuel\OneDrive\Documents\NetBeansProjects\Server\apache-tomcat-8.5.71\webapps\host-manager] de la aplicación web
19-Oct-2021 09:21:58.133 INFORMACIÓN [localhost-startStop-1] org.apache.catalina.startup.HostConfig.deployDirectory Deployment of web application directory [C:\Users\Manuel\OneDrive\Documents\NetBeansProjects\Server\apache-tomcat-8.5.71\webapps\host-manager] has finished in [84] ms
19-Oct-2021 09:21:58.133 INFORMACIÓN [localhost-startStop-1] org.apache.catalina.startup.HostConfig.deployDirectory Desplegando el directorio [C:\Users\Manuel\OneDrive\Documents\NetBeansProjects\Server\apache-tomcat-8.5.71\webapps\manager] de la aplicación web
19-Oct-2021 09:21:58.266 INFORMACIÓN [localhost-startStop-1] org.apache.catalina.startup.HostConfig.deployDirectory Deployment of web application directory [C:\Users\Manuel\OneDrive\Documents\NetBeansProjects\Server\apache-tomcat-8.5.71\webapps\manager] has finished in [133] ms
19-Oct-2021 09:21:58.266 INFORMACIÓN [localhost-startStop-1] org.apache.catalina.startup.HostConfig.deployDirectory Desplegando el directorio [C:\Users\Manuel\OneDrive\Documents\NetBeansProjects\Server\apache-tomcat-8.5.71\webapps\ROOT] de la aplicación web
19-Oct-2021 09:21:58.307 INFORMACIÓN [localhost-startStop-1] org.apache.catalina.startup.HostConfig.deployDirectory Deployment of web application directory [C:\Users\Manuel\OneDrive\Documents\NetBeansProjects\Server\apache-tomcat-8.5.71\webapps\ROOT] has finished in [41] ms
19-Oct-2021 09:21:58.317 INFORMACIÓN [main] org.apache.coyote.AbstractProtocol.start Starting ProtocolHandler ["http-nio-8080"]
19-Oct-2021 09:21:58.345 INFORMACIÓN [main] org.apache.catalina.startup.Catalina.start Server startup in 4134 ms
19-Oct-2021 09:22:00.598 INFORMACIÓN [http-nio-8080-exec-6] org.apache.catalina.core.StandardContext.reload Ha comenzado la recarga de Contexto [/Futbol]
19-Oct-2021 09:22:01.042 INFORMACIÓN [http-nio-8080-exec-6] org.apache.jasper.servlet.TldScanner.scanJars Al menos un JAR, que se ha explorado buscando TLDs, aún no contenía TLDs. Activar historial de depuración para este historiador para una completa lista de los JARs que fueron explorados y de los que nos se halló TLDs. Saltarse JARs no necesarios durante la exploración puede dar lugar a una mejora de tiempo significativa en el arranque y compilación de JSP .
19-Oct-2021 09:22:01.051 INFORMACIÓN [http-nio-8080-exec-6] org.apache.catalina.core.StandardContext.reload Se ha completado la recarga de este Contexto
19-Oct-2021 10:57:29.405 INFORMACIÓN [http-nio-8080-exec-15] org.apache.catalina.core.StandardContext.reload Ha comenzado la recarga de Contexto [/Futbol]
19-Oct-2021 10:57:29.405 ADVERTENCIA [http-nio-8080-exec-15] org.apache.catalina.loader.WebappClassLoaderBase.clearReferencesJdbc La aplicación web [Futbol] registró el conductor JDBC [org.postgresql.Driver] pero falló al anular el registro mientras la aplicación web estaba parada. Para prevenir un fallo de memoria, se ha anulado el registro del conductor JDBC por la fuerza.
19-Oct-2021 10:57:29.659 INFORMACIÓN [http-nio-8080-exec-15] org.apache.jasper.servlet.TldScanner.scanJars Al menos un JAR, que se ha explorado buscando TLDs, aún no contenía TLDs. Activar historial de depuración para este historiador para una completa lista de los JARs que fueron explorados y de los que nos se halló TLDs. Saltarse JARs no necesarios durante la exploración puede dar lugar a una mejora de tiempo significativa en el arranque y compilación de JSP .
19-Oct-2021 10:57:29.675 INFORMACIÓN [http-nio-8080-exec-15] org.apache.catalina.core.StandardContext.reload Se ha completado la recarga de este Contexto
19-Oct-2021 11:56:32.690 INFORMACIÓN [http-nio-8080-exec-21] org.apache.catalina.core.StandardContext.reload Ha comenzado la recarga de Contexto [/Futbol]
19-Oct-2021 11:56:32.975 INFORMACIÓN [http-nio-8080-exec-21] org.apache.jasper.servlet.TldScanner.scanJars Al menos un JAR, que se ha explorado buscando TLDs, aún no contenía TLDs. Activar historial de depuración para este historiador para una completa lista de los JARs que fueron explorados y de los que nos se halló TLDs. Saltarse JARs no necesarios durante la exploración puede dar lugar a una mejora de tiempo significativa en el arranque y compilación de JSP .
19-Oct-2021 11:56:32.975 INFORMACIÓN [http-nio-8080-exec-21] org.apache.catalina.core.StandardContext.reload Se ha completado la recarga de este Contexto
19-Oct-2021 15:52:24.376 INFORMACIÓN [http-nio-8080-exec-37] org.apache.catalina.startup.HostConfig.deployDescriptor Desplieque del descriptor de configuración [C:\Users\Manuel\OneDrive\Documents\NetBeansProjects\Server\apache-tomcat-8.5.71\conf\Catalina\localhost\HistoriasMedicas.xml]
19-Oct-2021 15:52:24.529 INFORMACIÓN [http-nio-8080-exec-37] org.apache.catalina.startup.HostConfig.deployDescriptor Deployment of deployment descriptor [C:\Users\Manuel\OneDrive\Documents\NetBeansProjects\Server\apache-tomcat-8.5.71\conf\Catalina\localhost\HistoriasMedicas.xml] has finished in [153] ms
19-Oct-2021 15:52:24.545 INFORMACIÓN [http-nio-8080-exec-36] org.apache.catalina.util.LifecycleBase.start The start() method was called on component [StandardEngine[Catalina].StandardHost[localhost].StandardContext[/HistoriasMedicas]] after start() had already been called. The second call will be ignored.
19-Oct-2021 15:54:13.750 INFORMACIÓN [http-nio-8080-exec-35] org.apache.catalina.core.StandardContext.reload Ha comenzado la recarga de Contexto [/HistoriasMedicas]
19-Oct-2021 15:54:14.263 INFORMACIÓN [http-nio-8080-exec-35] org.apache.jasper.servlet.TldScanner.scanJars Al menos un JAR, que se ha explorado buscando TLDs, aún no contenía TLDs. Activar historial de depuración para este historiador para una completa lista de los JARs que fueron explorados y de los que nos se halló TLDs. Saltarse JARs no necesarios durante la exploración puede dar lugar a una mejora de tiempo significativa en el arranque y compilación de JSP .
19-Oct-2021 15:54:14.279 INFORMACIÓN [http-nio-8080-exec-35] org.apache.catalina.core.StandardContext.reload Se ha completado la recarga de este Contexto
19-Oct-2021 15:54:14.854 INFORMACIÓN [http-nio-8080-exec-39] org.apache.catalina.core.StandardContext.reload Ha comenzado la recarga de Contexto [/HistoriasMedicas]
19-Oct-2021 15:54:15.202 INFORMACIÓN [http-nio-8080-exec-39] org.apache.jasper.servlet.TldScanner.scanJars Al menos un JAR, que se ha explorado buscando TLDs, aún no contenía TLDs. Activar historial de depuración para este historiador para una completa lista de los JARs que fueron explorados y de los que nos se halló TLDs. Saltarse JARs no necesarios durante la exploración puede dar lugar a una mejora de tiempo significativa en el arranque y compilación de JSP .
19-Oct-2021 15:54:15.217 INFORMACIÓN [http-nio-8080-exec-39] org.apache.catalina.core.StandardContext.reload Se ha completado la recarga de este Contexto
19-Oct-2021 15:54:23.994 INFORMACIÓN [http-nio-8080-exec-38] org.apache.catalina.core.StandardContext.reload Ha comenzado la recarga de Contexto [/HistoriasMedicas]
19-Oct-2021 15:54:24.449 INFORMACIÓN [http-nio-8080-exec-38] org.apache.jasper.servlet.TldScanner.scanJars Al menos un JAR, que se ha explorado buscando TLDs, aún no contenía TLDs. Activar historial de depuración para este historiador para una completa lista de los JARs que fueron explorados y de los que nos se halló TLDs. Saltarse JARs no necesarios durante la exploración puede dar lugar a una mejora de tiempo significativa en el arranque y compilación de JSP .
19-Oct-2021 15:54:24.457 INFORMACIÓN [http-nio-8080-exec-38] org.apache.catalina.core.StandardContext.reload Se ha completado la recarga de este Contexto
19-Oct-2021 16:09:18.606 INFORMACIÓN [http-nio-8080-exec-43] org.apache.catalina.core.StandardContext.reload Ha comenzado la recarga de Contexto [/HistoriasMedicas]
19-Oct-2021 16:09:18.806 INFORMACIÓN [http-nio-8080-exec-43] org.apache.jasper.servlet.TldScanner.scanJars Al menos un JAR, que se ha explorado buscando TLDs, aún no contenía TLDs. Activar historial de depuración para este historiador para una completa lista de los JARs que fueron explorados y de los que nos se halló TLDs. Saltarse JARs no necesarios durante la exploración puede dar lugar a una mejora de tiempo significativa en el arranque y compilación de JSP .
19-Oct-2021 16:09:18.806 INFORMACIÓN [http-nio-8080-exec-43] org.apache.catalina.core.StandardContext.reload Se ha completado la recarga de este Contexto
19-Oct-2021 16:16:30.993 INFORMACIÓN [http-nio-8080-exec-53] org.apache.catalina.core.StandardContext.reload Ha comenzado la recarga de Contexto [/HistoriasMedicas]
19-Oct-2021 16:16:31.209 INFORMACIÓN [http-nio-8080-exec-53] org.apache.jasper.servlet.TldScanner.scanJars Al menos un JAR, que se ha explorado buscando TLDs, aún no contenía TLDs. Activar historial de depuración para este historiador para una completa lista de los JARs que fueron explorados y de los que nos se halló TLDs. Saltarse JARs no necesarios durante la exploración puede dar lugar a una mejora de tiempo significativa en el arranque y compilación de JSP .
19-Oct-2021 16:16:31.209 INFORMACIÓN [http-nio-8080-exec-53] org.apache.catalina.core.StandardContext.reload Se ha completado la recarga de este Contexto
19-Oct-2021 16:25:39.288 INFORMACIÓN [http-nio-8080-exec-70] org.apache.catalina.core.StandardContext.reload Ha comenzado la recarga de Contexto [/HistoriasMedicas]
19-Oct-2021 16:25:39.489 INFORMACIÓN [http-nio-8080-exec-70] org.apache.jasper.servlet.TldScanner.scanJars Al menos un JAR, que se ha explorado buscando TLDs, aún no contenía TLDs. Activar historial de depuración para este historiador para una completa lista de los JARs que fueron explorados y de los que nos se halló TLDs. Saltarse JARs no necesarios durante la exploración puede dar lugar a una mejora de tiempo significativa en el arranque y compilación de JSP .
19-Oct-2021 16:25:39.504 INFORMACIÓN [http-nio-8080-exec-70] org.apache.catalina.core.StandardContext.reload Se ha completado la recarga de este Contexto
19-Oct-2021 16:42:04.550 INFORMACIÓN [http-nio-8080-exec-75] org.apache.catalina.core.StandardContext.reload Ha comenzado la recarga de Contexto [/HistoriasMedicas]
19-Oct-2021 16:42:04.890 INFORMACIÓN [http-nio-8080-exec-75] org.apache.jasper.servlet.TldScanner.scanJars Al menos un JAR, que se ha explorado buscando TLDs, aún no contenía TLDs. Activar historial de depuración para este historiador para una completa lista de los JARs que fueron explorados y de los que nos se halló TLDs. Saltarse JARs no necesarios durante la exploración puede dar lugar a una mejora de tiempo significativa en el arranque y compilación de JSP .
19-Oct-2021 16:42:04.890 INFORMACIÓN [http-nio-8080-exec-75] org.apache.catalina.core.StandardContext.reload Se ha completado la recarga de este Contexto
19-Oct-2021 16:42:05.226 INFORMACIÓN [http-nio-8080-exec-80] org.apache.catalina.core.StandardContext.reload Ha comenzado la recarga de Contexto [/HistoriasMedicas]
19-Oct-2021 16:42:05.322 INFORMACIÓN [http-nio-8080-exec-80] org.apache.jasper.servlet.TldScanner.scanJars Al menos un JAR, que se ha explorado buscando TLDs, aún no contenía TLDs. Activar historial de depuración para este historiador para una completa lista de los JARs que fueron explorados y de los que nos se halló TLDs. Saltarse JARs no necesarios durante la exploración puede dar lugar a una mejora de tiempo significativa en el arranque y compilación de JSP .
19-Oct-2021 16:42:05.322 INFORMACIÓN [http-nio-8080-exec-80] org.apache.catalina.core.StandardContext.reload Se ha completado la recarga de este Contexto
19-Oct-2021 16:44:11.989 INFORMACIÓN [http-nio-8080-exec-83] org.apache.catalina.core.StandardContext.reload Ha comenzado la recarga de Contexto [/HistoriasMedicas]
19-Oct-2021 16:44:12.221 INFORMACIÓN [http-nio-8080-exec-83] org.apache.jasper.servlet.TldScanner.scanJars Al menos un JAR, que se ha explorado buscando TLDs, aún no contenía TLDs. Activar historial de depuración para este historiador para una completa lista de los JARs que fueron explorados y de los que nos se halló TLDs. Saltarse JARs no necesarios durante la exploración puede dar lugar a una mejora de tiempo significativa en el arranque y compilación de JSP .
19-Oct-2021 16:44:12.221 INFORMACIÓN [http-nio-8080-exec-83] org.apache.catalina.core.StandardContext.reload Se ha completado la recarga de este Contexto
19-Oct-2021 16:56:42.601 INFORMACIÓN [http-nio-8080-exec-88] org.apache.catalina.core.StandardContext.reload Ha comenzado la recarga de Contexto [/HistoriasMedicas]
19-Oct-2021 16:56:42.855 INFORMACIÓN [http-nio-8080-exec-88] org.apache.jasper.servlet.TldScanner.scanJars Al menos un JAR, que se ha explorado buscando TLDs, aún no contenía TLDs. Activar historial de depuración para este historiador para una completa lista de los JARs que fueron explorados y de los que nos se halló TLDs. Saltarse JARs no necesarios durante la exploración puede dar lugar a una mejora de tiempo significativa en el arranque y compilación de JSP .
19-Oct-2021 16:56:42.861 INFORMACIÓN [http-nio-8080-exec-88] org.apache.catalina.core.StandardContext.reload Se ha completado la recarga de este Contexto
19-Oct-2021 17:12:01.895 INFORMACIÓN [http-nio-8080-exec-101] org.apache.catalina.core.StandardContext.reload Ha comenzado la recarga de Contexto [/HistoriasMedicas]
19-Oct-2021 17:12:02.127 INFORMACIÓN [http-nio-8080-exec-101] org.apache.jasper.servlet.TldScanner.scanJars Al menos un JAR, que se ha explorado buscando TLDs, aún no contenía TLDs. Activar historial de depuración para este historiador para una completa lista de los JARs que fueron explorados y de los que nos se halló TLDs. Saltarse JARs no necesarios durante la exploración puede dar lugar a una mejora de tiempo significativa en el arranque y compilación de JSP .
19-Oct-2021 17:12:02.127 INFORMACIÓN [http-nio-8080-exec-101] org.apache.catalina.core.StandardContext.reload Se ha completado la recarga de este Contexto
19-Oct-2021 17:22:15.819 INFORMACIÓN [http-nio-8080-exec-111] org.apache.catalina.core.StandardContext.reload Ha comenzado la recarga de Contexto [/HistoriasMedicas]
19-Oct-2021 17:22:16.135 INFORMACIÓN [http-nio-8080-exec-111] org.apache.jasper.servlet.TldScanner.scanJars Al menos un JAR, que se ha explorado buscando TLDs, aún no contenía TLDs. Activar historial de depuración para este historiador para una completa lista de los JARs que fueron explorados y de los que nos se halló TLDs. Saltarse JARs no necesarios durante la exploración puede dar lugar a una mejora de tiempo significativa en el arranque y compilación de JSP .
19-Oct-2021 17:22:16.142 INFORMACIÓN [http-nio-8080-exec-111] org.apache.catalina.core.StandardContext.reload Se ha completado la recarga de este Contexto
19-Oct-2021 17:22:16.142 INFORMACIÓN [http-nio-8080-exec-114] org.apache.catalina.core.StandardContext.reload Ha comenzado la recarga de Contexto [/HistoriasMedicas]
19-Oct-2021 17:22:16.314 INFORMACIÓN [http-nio-8080-exec-114] org.apache.jasper.servlet.TldScanner.scanJars Al menos un JAR, que se ha explorado buscando TLDs, aún no contenía TLDs. Activar historial de depuración para este historiador para una completa lista de los JARs que fueron explorados y de los que nos se halló TLDs. Saltarse JARs no necesarios durante la exploración puede dar lugar a una mejora de tiempo significativa en el arranque y compilación de JSP .
19-Oct-2021 17:22:16.330 INFORMACIÓN [http-nio-8080-exec-114] org.apache.catalina.core.StandardContext.reload Se ha completado la recarga de este Contexto
19-Oct-2021 17:24:04.526 INFORMACIÓN [http-nio-8080-exec-117] org.apache.catalina.core.StandardContext.reload Ha comenzado la recarga de Contexto [/HistoriasMedicas]
19-Oct-2021 17:24:04.789 INFORMACIÓN [http-nio-8080-exec-117] org.apache.jasper.servlet.TldScanner.scanJars Al menos un JAR, que se ha explorado buscando TLDs, aún no contenía TLDs. Activar historial de depuración para este historiador para una completa lista de los JARs que fueron explorados y de los que nos se halló TLDs. Saltarse JARs no necesarios durante la exploración puede dar lugar a una mejora de tiempo significativa en el arranque y compilación de JSP .
19-Oct-2021 17:24:04.805 INFORMACIÓN [http-nio-8080-exec-117] org.apache.catalina.core.StandardContext.reload Se ha completado la recarga de este Contexto
19-Oct-2021 17:24:04.805 INFORMACIÓN [http-nio-8080-exec-118] org.apache.catalina.core.StandardContext.reload Ha comenzado la recarga de Contexto [/HistoriasMedicas]
19-Oct-2021 17:24:04.990 INFORMACIÓN [http-nio-8080-exec-118] org.apache.jasper.servlet.TldScanner.scanJars Al menos un JAR, que se ha explorado buscando TLDs, aún no contenía TLDs. Activar historial de depuración para este historiador para una completa lista de los JARs que fueron explorados y de los que nos se halló TLDs. Saltarse JARs no necesarios durante la exploración puede dar lugar a una mejora de tiempo significativa en el arranque y compilación de JSP .
19-Oct-2021 17:24:04.990 INFORMACIÓN [http-nio-8080-exec-118] org.apache.catalina.core.StandardContext.reload Se ha completado la recarga de este Contexto
19-Oct-2021 17:25:20.009 INFORMACIÓN [http-nio-8080-exec-124] org.apache.catalina.core.StandardContext.reload Ha comenzado la recarga de Contexto [/HistoriasMedicas]
19-Oct-2021 17:25:20.294 INFORMACIÓN [http-nio-8080-exec-124] org.apache.jasper.servlet.TldScanner.scanJars Al menos un JAR, que se ha explorado buscando TLDs, aún no contenía TLDs. Activar historial de depuración para este historiador para una completa lista de los JARs que fueron explorados y de los que nos se halló TLDs. Saltarse JARs no necesarios durante la exploración puede dar lugar a una mejora de tiempo significativa en el arranque y compilación de JSP .
19-Oct-2021 17:25:20.294 INFORMACIÓN [http-nio-8080-exec-124] org.apache.catalina.core.StandardContext.reload Se ha completado la recarga de este Contexto
19-Oct-2021 17:25:20.310 INFORMACIÓN [http-nio-8080-exec-123] org.apache.catalina.core.StandardContext.reload Ha comenzado la recarga de Contexto [/HistoriasMedicas]
19-Oct-2021 17:25:20.542 INFORMACIÓN [http-nio-8080-exec-123] org.apache.jasper.servlet.TldScanner.scanJars Al menos un JAR, que se ha explorado buscando TLDs, aún no contenía TLDs. Activar historial de depuración para este historiador para una completa lista de los JARs que fueron explorados y de los que nos se halló TLDs. Saltarse JARs no necesarios durante la exploración puede dar lugar a una mejora de tiempo significativa en el arranque y compilación de JSP .
19-Oct-2021 17:25:20.542 INFORMACIÓN [http-nio-8080-exec-123] org.apache.catalina.core.StandardContext.reload Se ha completado la recarga de este Contexto
19-Oct-2021 17:26:08.265 INFORMACIÓN [http-nio-8080-exec-132] org.apache.catalina.core.StandardContext.reload Ha comenzado la recarga de Contexto [/HistoriasMedicas]
19-Oct-2021 17:26:08.466 INFORMACIÓN [http-nio-8080-exec-132] org.apache.jasper.servlet.TldScanner.scanJars Al menos un JAR, que se ha explorado buscando TLDs, aún no contenía TLDs. Activar historial de depuración para este historiador para una completa lista de los JARs que fueron explorados y de los que nos se halló TLDs. Saltarse JARs no necesarios durante la exploración puede dar lugar a una mejora de tiempo significativa en el arranque y compilación de JSP .
19-Oct-2021 17:26:08.466 INFORMACIÓN [http-nio-8080-exec-132] org.apache.catalina.core.StandardContext.reload Se ha completado la recarga de este Contexto
19-Oct-2021 17:28:52.300 INFORMACIÓN [http-nio-8080-exec-133] org.apache.catalina.core.StandardContext.reload Ha comenzado la recarga de Contexto [/HistoriasMedicas]
19-Oct-2021 17:28:52.548 INFORMACIÓN [http-nio-8080-exec-133] org.apache.jasper.servlet.TldScanner.scanJars Al menos un JAR, que se ha explorado buscando TLDs, aún no contenía TLDs. Activar historial de depuración para este historiador para una completa lista de los JARs que fueron explorados y de los que nos se halló TLDs. Saltarse JARs no necesarios durante la exploración puede dar lugar a una mejora de tiempo significativa en el arranque y compilación de JSP .
19-Oct-2021 17:28:52.548 INFORMACIÓN [http-nio-8080-exec-133] org.apache.catalina.core.StandardContext.reload Se ha completado la recarga de este Contexto
19-Oct-2021 17:28:52.849 INFORMACIÓN [http-nio-8080-exec-121] org.apache.catalina.core.StandardContext.reload Ha comenzado la recarga de Contexto [/HistoriasMedicas]
19-Oct-2021 17:28:53.065 INFORMACIÓN [http-nio-8080-exec-121] org.apache.jasper.servlet.TldScanner.scanJars Al menos un JAR, que se ha explorado buscando TLDs, aún no contenía TLDs. Activar historial de depuración para este historiador para una completa lista de los JARs que fueron explorados y de los que nos se halló TLDs. Saltarse JARs no necesarios durante la exploración puede dar lugar a una mejora de tiempo significativa en el arranque y compilación de JSP .
19-Oct-2021 17:28:53.065 INFORMACIÓN [http-nio-8080-exec-121] org.apache.catalina.core.StandardContext.reload Se ha completado la recarga de este Contexto
19-Oct-2021 17:32:09.065 INFORMACIÓN [http-nio-8080-exec-136] org.apache.catalina.core.StandardContext.reload Ha comenzado la recarga de Contexto [/HistoriasMedicas]
19-Oct-2021 17:32:09.318 INFORMACIÓN [http-nio-8080-exec-136] org.apache.jasper.servlet.TldScanner.scanJars Al menos un JAR, que se ha explorado buscando TLDs, aún no contenía TLDs. Activar historial de depuración para este historiador para una completa lista de los JARs que fueron explorados y de los que nos se halló TLDs. Saltarse JARs no necesarios durante la exploración puede dar lugar a una mejora de tiempo significativa en el arranque y compilación de JSP .
19-Oct-2021 17:32:09.318 INFORMACIÓN [http-nio-8080-exec-136] org.apache.catalina.core.StandardContext.reload Se ha completado la recarga de este Contexto
19-Oct-2021 17:32:09.318 INFORMACIÓN [http-nio-8080-exec-141] org.apache.catalina.core.StandardContext.reload Ha comenzado la recarga de Contexto [/HistoriasMedicas]
19-Oct-2021 17:32:09.566 INFORMACIÓN [http-nio-8080-exec-141] org.apache.jasper.servlet.TldScanner.scanJars Al menos un JAR, que se ha explorado buscando TLDs, aún no contenía TLDs. Activar historial de depuración para este historiador para una completa lista de los JARs que fueron explorados y de los que nos se halló TLDs. Saltarse JARs no necesarios durante la exploración puede dar lugar a una mejora de tiempo significativa en el arranque y compilación de JSP .
19-Oct-2021 17:32:09.566 INFORMACIÓN [http-nio-8080-exec-141] org.apache.catalina.core.StandardContext.reload Se ha completado la recarga de este Contexto
19-Oct-2021 17:32:37.617 INFORMACIÓN [http-nio-8080-exec-149] org.apache.catalina.core.StandardContext.reload Ha comenzado la recarga de Contexto [/HistoriasMedicas]
19-Oct-2021 17:32:37.849 INFORMACIÓN [http-nio-8080-exec-149] org.apache.jasper.servlet.TldScanner.scanJars Al menos un JAR, que se ha explorado buscando TLDs, aún no contenía TLDs. Activar historial de depuración para este historiador para una completa lista de los JARs que fueron explorados y de los que nos se halló TLDs. Saltarse JARs no necesarios durante la exploración puede dar lugar a una mejora de tiempo significativa en el arranque y compilación de JSP .
19-Oct-2021 17:32:37.849 INFORMACIÓN [http-nio-8080-exec-149] org.apache.catalina.core.StandardContext.reload Se ha completado la recarga de este Contexto
19-Oct-2021 17:32:37.849 INFORMACIÓN [http-nio-8080-exec-149] org.apache.catalina.core.StandardContext.reload Ha comenzado la recarga de Contexto [/HistoriasMedicas]
19-Oct-2021 17:32:38.081 INFORMACIÓN [http-nio-8080-exec-149] org.apache.jasper.servlet.TldScanner.scanJars Al menos un JAR, que se ha explorado buscando TLDs, aún no contenía TLDs. Activar historial de depuración para este historiador para una completa lista de los JARs que fueron explorados y de los que nos se halló TLDs. Saltarse JARs no necesarios durante la exploración puede dar lugar a una mejora de tiempo significativa en el arranque y compilación de JSP .
19-Oct-2021 17:32:38.081 INFORMACIÓN [http-nio-8080-exec-149] org.apache.catalina.core.StandardContext.reload Se ha completado la recarga de este Contexto
19-Oct-2021 17:38:34.877 INFORMACIÓN [http-nio-8080-exec-153] org.apache.catalina.core.StandardContext.reload Ha comenzado la recarga de Contexto [/HistoriasMedicas]
19-Oct-2021 17:38:35.182 INFORMACIÓN [http-nio-8080-exec-153] org.apache.jasper.servlet.TldScanner.scanJars Al menos un JAR, que se ha explorado buscando TLDs, aún no contenía TLDs. Activar historial de depuración para este historiador para una completa lista de los JARs que fueron explorados y de los que nos se halló TLDs. Saltarse JARs no necesarios durante la exploración puede dar lugar a una mejora de tiempo significativa en el arranque y compilación de JSP .
19-Oct-2021 17:38:35.184 INFORMACIÓN [http-nio-8080-exec-153] org.apache.catalina.core.StandardContext.reload Se ha completado la recarga de este Contexto
19-Oct-2021 17:38:35.212 INFORMACIÓN [http-nio-8080-exec-160] org.apache.catalina.core.StandardContext.reload Ha comenzado la recarga de Contexto [/HistoriasMedicas]
19-Oct-2021 17:38:35.447 INFORMACIÓN [http-nio-8080-exec-160] org.apache.jasper.servlet.TldScanner.scanJars Al menos un JAR, que se ha explorado buscando TLDs, aún no contenía TLDs. Activar historial de depuración para este historiador para una completa lista de los JARs que fueron explorados y de los que nos se halló TLDs. Saltarse JARs no necesarios durante la exploración puede dar lugar a una mejora de tiempo significativa en el arranque y compilación de JSP .
19-Oct-2021 17:38:35.449 INFORMACIÓN [http-nio-8080-exec-160] org.apache.catalina.core.StandardContext.reload Se ha completado la recarga de este Contexto
19-Oct-2021 17:40:54.581 INFORMACIÓN [http-nio-8080-exec-165] org.apache.catalina.core.StandardContext.reload Ha comenzado la recarga de Contexto [/HistoriasMedicas]
19-Oct-2021 17:40:54.766 INFORMACIÓN [http-nio-8080-exec-165] org.apache.jasper.servlet.TldScanner.scanJars Al menos un JAR, que se ha explorado buscando TLDs, aún no contenía TLDs. Activar historial de depuración para este historiador para una completa lista de los JARs que fueron explorados y de los que nos se halló TLDs. Saltarse JARs no necesarios durante la exploración puede dar lugar a una mejora de tiempo significativa en el arranque y compilación de JSP .
19-Oct-2021 17:40:54.766 INFORMACIÓN [http-nio-8080-exec-165] org.apache.catalina.core.StandardContext.reload Se ha completado la recarga de este Contexto
19-Oct-2021 17:46:28.398 INFORMACIÓN [main] org.apache.catalina.core.StandardServer.await Se ha recibido un comando de apagado a través del puerto de apagado. Parando la instancia del Servidor.
19-Oct-2021 17:46:28.398 INFORMACIÓN [main] org.apache.coyote.AbstractProtocol.pause Pausing ProtocolHandler ["http-nio-8080"]
19-Oct-2021 17:46:28.555 INFORMACIÓN [main] org.apache.catalina.core.StandardService.stopInternal Parando servicio [Catalina]
19-Oct-2021 17:46:28.567 ADVERTENCIA [localhost-startStop-2] org.apache.catalina.loader.WebappClassLoaderBase.clearReferencesJdbc La aplicación web [HistoriasMedicas] registró el conductor JDBC [org.postgresql.Driver] pero falló al anular el registro mientras la aplicación web estaba parada. Para prevenir un fallo de memoria, se ha anulado el registro del conductor JDBC por la fuerza.
19-Oct-2021 17:46:28.583 INFORMACIÓN [main] org.apache.coyote.AbstractProtocol.stop Stopping ProtocolHandler ["http-nio-8080"]
19-Oct-2021 17:46:28.599 INFORMACIÓN [main] org.apache.coyote.AbstractProtocol.destroy Destroying ProtocolHandler ["http-nio-8080"]
19-Oct-2021 17:47:23.811 INFORMACIÓN [main] org.apache.catalina.startup.VersionLoggerListener.log Nombre de la versión del servidor: Apache Tomcat/8.5.71
19-Oct-2021 17:47:23.827 INFORMACIÓN [main] org.apache.catalina.startup.VersionLoggerListener.log Server built:                      Sep 9 2021 18:43:14 UTC
19-Oct-2021 17:47:23.827 INFORMACIÓN [main] org.apache.catalina.startup.VersionLoggerListener.log Número de versión de servidor:     8.5.71.0
19-Oct-2021 17:47:23.827 INFORMACIÓN [main] org.apache.catalina.startup.VersionLoggerListener.log OS Name:                           Windows 10
19-Oct-2021 17:47:23.827 INFORMACIÓN [main] org.apache.catalina.startup.VersionLoggerListener.log Versión de Systema Operativo:      10.0
19-Oct-2021 17:47:23.827 INFORMACIÓN [main] org.apache.catalina.startup.VersionLoggerListener.log Arquitectura:                      amd64
19-Oct-2021 17:47:23.827 INFORMACIÓN [main] org.apache.catalina.startup.VersionLoggerListener.log Java Home:                         C:\Program Files\Java\jdk1.8.0_271\jre
19-Oct-2021 17:47:23.827 INFORMACIÓN [main] org.apache.catalina.startup.VersionLoggerListener.log JVM Version:                       1.8.0_271-b09
19-Oct-2021 17:47:23.827 INFORMACIÓN [main] org.apache.catalina.startup.VersionLoggerListener.log Vededor JVM:                       Oracle Corporation
19-Oct-2021 17:47:23.827 INFORMACIÓN [main] org.apache.catalina.startup.VersionLoggerListener.log CATALINA_BASE:                     C:\Users\Manuel\OneDrive\Documents\NetBeansProjects\Server\apache-tomcat-8.5.71
19-Oct-2021 17:47:23.827 INFORMACIÓN [main] org.apache.catalina.startup.VersionLoggerListener.log CATALINA_HOME:                     C:\Users\Manuel\OneDrive\Documents\NetBeansProjects\Server\apache-tomcat-8.5.71
19-Oct-2021 17:47:23.827 INFORMACIÓN [main] org.apache.catalina.startup.VersionLoggerListener.log Command line argument:             -Djava.util.logging.config.file=C:\Users\Manuel\OneDrive\Documents\NetBeansProjects\Server\apache-tomcat-8.5.71\conf\logging.properties
19-Oct-2021 17:47:23.827 INFORMACIÓN [main] org.apache.catalina.startup.VersionLoggerListener.log Command line argument:             -Djava.util.logging.manager=org.apache.juli.ClassLoaderLogManager
19-Oct-2021 17:47:23.827 INFORMACIÓN [main] org.apache.catalina.startup.VersionLoggerListener.log Command line argument:             -Dhttp.nonProxyHosts=localhost|127.0.0.1|LAPTOP-7MAH5C0M
19-Oct-2021 17:47:23.827 INFORMACIÓN [main] org.apache.catalina.startup.VersionLoggerListener.log Command line argument:             -Djdk.tls.ephemeralDHKeySize=2048
19-Oct-2021 17:47:23.827 INFORMACIÓN [main] org.apache.catalina.startup.VersionLoggerListener.log Command line argument:             -Djava.protocol.handler.pkgs=org.apache.catalina.webresources
19-Oct-2021 17:47:23.827 INFORMACIÓN [main] org.apache.catalina.startup.VersionLoggerListener.log Command line argument:             -Dignore.endorsed.dirs=
19-Oct-2021 17:47:23.827 INFORMACIÓN [main] org.apache.catalina.startup.VersionLoggerListener.log Command line argument:             -Dcatalina.base=C:\Users\Manuel\OneDrive\Documents\NetBeansProjects\Server\apache-tomcat-8.5.71
19-Oct-2021 17:47:23.827 INFORMACIÓN [main] org.apache.catalina.startup.VersionLoggerListener.log Command line argument:             -Dcatalina.home=C:\Users\Manuel\OneDrive\Documents\NetBeansProjects\Server\apache-tomcat-8.5.71
19-Oct-2021 17:47:23.827 INFORMACIÓN [main] org.apache.catalina.startup.VersionLoggerListener.log Command line argument:             -Djava.io.tmpdir=C:\Users\Manuel\OneDrive\Documents\NetBeansProjects\Server\apache-tomcat-8.5.71\temp
19-Oct-2021 17:47:23.827 INFORMACIÓN [main] org.apache.catalina.core.AprLifecycleListener.lifecycleEvent Cargada la biblioteca nativa APR de Apache Tomcat [1.2.31] con la versión APR [1.7.0].
19-Oct-2021 17:47:23.827 INFORMACIÓN [main] org.apache.catalina.core.AprLifecycleListener.lifecycleEvent Capacidades APR: IPv6 [true], enviar fichero [true], aceptar filtros [false], aleatorio [true].
19-Oct-2021 17:47:23.827 INFORMACIÓN [main] org.apache.catalina.core.AprLifecycleListener.lifecycleEvent APR/OpenSSL configuration: useAprConnector [false], useOpenSSL [true]
19-Oct-2021 17:47:23.996 INFORMACIÓN [main] org.apache.catalina.core.AprLifecycleListener.initializeSSL OpenSSL inicializado correctamente [OpenSSL 1.1.1l  24 Aug 2021]
19-Oct-2021 17:47:24.298 INFORMACIÓN [main] org.apache.coyote.AbstractProtocol.init Inicializando el manejador de protocolo ["http-nio-8080"]

19-Oct-2021 17:47:24.552 INFORMACIÓN [main] org.apache.tomcat.util.net.NioSelectorPool.getSharedSelector Using a shared selector for servlet write/read
19-Oct-2021 17:47:24.568 INFORMACIÓN [main] org.apache.catalina.startup.Catalina.load Initialization processed in 1363 ms
19-Oct-2021 17:47:24.637 INFORMACIÓN [main] org.apache.catalina.core.StandardService.startInternal Arrancando servicio [Catalina]
19-Oct-2021 17:47:24.637 INFORMACIÓN [main] org.apache.catalina.core.StandardEngine.startInternal Starting Servlet engine: [Apache Tomcat/8.5.71]
19-Oct-2021 17:47:24.653 INFORMACIÓN [localhost-startStop-1] org.apache.catalina.startup.HostConfig.deployDescriptor Desplieque del descriptor de configuración [C:\Users\Manuel\OneDrive\Documents\NetBeansProjects\Server\apache-tomcat-8.5.71\conf\Catalina\localhost\Futbol.xml]
19-Oct-2021 17:47:25.344 INFORMACIÓN [localhost-startStop-1] org.apache.jasper.servlet.TldScanner.scanJars Al menos un JAR, que se ha explorado buscando TLDs, aún no contenía TLDs. Activar historial de depuración para este historiador para una completa lista de los JARs que fueron explorados y de los que nos se halló TLDs. Saltarse JARs no necesarios durante la exploración puede dar lugar a una mejora de tiempo significativa en el arranque y compilación de JSP .
19-Oct-2021 17:47:25.431 INFORMACIÓN [localhost-startStop-1] org.apache.catalina.startup.HostConfig.deployDescriptor Deployment of deployment descriptor [C:\Users\Manuel\OneDrive\Documents\NetBeansProjects\Server\apache-tomcat-8.5.71\conf\Catalina\localhost\Futbol.xml] has finished in [778] ms
19-Oct-2021 17:47:25.431 INFORMACIÓN [localhost-startStop-1] org.apache.catalina.startup.HostConfig.deployDescriptor Desplieque del descriptor de configuración [C:\Users\Manuel\OneDrive\Documents\NetBeansProjects\Server\apache-tomcat-8.5.71\conf\Catalina\localhost\GastosFamiliares.xml]
19-Oct-2021 17:47:25.816 INFORMACIÓN [localhost-startStop-1] org.apache.jasper.servlet.TldScanner.scanJars Al menos un JAR, que se ha explorado buscando TLDs, aún no contenía TLDs. Activar historial de depuración para este historiador para una completa lista de los JARs que fueron explorados y de los que nos se halló TLDs. Saltarse JARs no necesarios durante la exploración puede dar lugar a una mejora de tiempo significativa en el arranque y compilación de JSP .
19-Oct-2021 17:47:25.816 INFORMACIÓN [localhost-startStop-1] org.apache.catalina.startup.HostConfig.deployDescriptor Deployment of deployment descriptor [C:\Users\Manuel\OneDrive\Documents\NetBeansProjects\Server\apache-tomcat-8.5.71\conf\Catalina\localhost\GastosFamiliares.xml] has finished in [385] ms
19-Oct-2021 17:47:25.816 INFORMACIÓN [localhost-startStop-1] org.apache.catalina.startup.HostConfig.deployDescriptor Desplieque del descriptor de configuración [C:\Users\Manuel\OneDrive\Documents\NetBeansProjects\Server\apache-tomcat-8.5.71\conf\Catalina\localhost\HistoriasMedicas.xml]
19-Oct-2021 17:47:26.043 INFORMACIÓN [localhost-startStop-1] org.apache.jasper.servlet.TldScanner.scanJars Al menos un JAR, que se ha explorado buscando TLDs, aún no contenía TLDs. Activar historial de depuración para este historiador para una completa lista de los JARs que fueron explorados y de los que nos se halló TLDs. Saltarse JARs no necesarios durante la exploración puede dar lugar a una mejora de tiempo significativa en el arranque y compilación de JSP .
19-Oct-2021 17:47:26.158 INFORMACIÓN [localhost-startStop-1] org.apache.catalina.startup.HostConfig.deployDescriptor Deployment of deployment descriptor [C:\Users\Manuel\OneDrive\Documents\NetBeansProjects\Server\apache-tomcat-8.5.71\conf\Catalina\localhost\HistoriasMedicas.xml] has finished in [342] ms
19-Oct-2021 17:47:26.158 INFORMACIÓN [localhost-startStop-1] org.apache.catalina.startup.HostConfig.deployDescriptor Desplieque del descriptor de configuración [C:\Users\Manuel\OneDrive\Documents\NetBeansProjects\Server\apache-tomcat-8.5.71\conf\Catalina\localhost\parqueaderoWeb2021.xml]
19-Oct-2021 17:47:26.544 INFORMACIÓN [localhost-startStop-1] org.apache.jasper.servlet.TldScanner.scanJars Al menos un JAR, que se ha explorado buscando TLDs, aún no contenía TLDs. Activar historial de depuración para este historiador para una completa lista de los JARs que fueron explorados y de los que nos se halló TLDs. Saltarse JARs no necesarios durante la exploración puede dar lugar a una mejora de tiempo significativa en el arranque y compilación de JSP .
19-Oct-2021 17:47:26.544 INFORMACIÓN [localhost-startStop-1] org.apache.catalina.startup.HostConfig.deployDescriptor Deployment of deployment descriptor [C:\Users\Manuel\OneDrive\Documents\NetBeansProjects\Server\apache-tomcat-8.5.71\conf\Catalina\localhost\parqueaderoWeb2021.xml] has finished in [386] ms
19-Oct-2021 17:47:26.544 INFORMACIÓN [localhost-startStop-1] org.apache.catalina.startup.HostConfig.deployDescriptor Desplieque del descriptor de configuración [C:\Users\Manuel\OneDrive\Documents\NetBeansProjects\Server\apache-tomcat-8.5.71\conf\Catalina\localhost\Prestaya.xml]
19-Oct-2021 17:47:26.760 INFORMACIÓN [localhost-startStop-1] org.apache.jasper.servlet.TldScanner.scanJars Al menos un JAR, que se ha explorado buscando TLDs, aún no contenía TLDs. Activar historial de depuración para este historiador para una completa lista de los JARs que fueron explorados y de los que nos se halló TLDs. Saltarse JARs no necesarios durante la exploración puede dar lugar a una mejora de tiempo significativa en el arranque y compilación de JSP .
19-Oct-2021 17:47:26.775 INFORMACIÓN [localhost-startStop-1] org.apache.catalina.startup.HostConfig.deployDescriptor Deployment of deployment descriptor [C:\Users\Manuel\OneDrive\Documents\NetBeansProjects\Server\apache-tomcat-8.5.71\conf\Catalina\localhost\Prestaya.xml] has finished in [231] ms
19-Oct-2021 17:47:26.775 INFORMACIÓN [localhost-startStop-1] org.apache.catalina.startup.HostConfig.deployDescriptor Desplieque del descriptor de configuración [C:\Users\Manuel\OneDrive\Documents\NetBeansProjects\Server\apache-tomcat-8.5.71\conf\Catalina\localhost\votacionesAndroid.xml]
19-Oct-2021 17:47:26.775 GRAVE [localhost-startStop-1] org.apache.catalina.core.ContainerBase.addChildInternal ContainerBase.addChild: start: 
	org.apache.catalina.LifecycleException: Failed to start component [org.apache.catalina.webresources.StandardRoot@7bac69de]
		at org.apache.catalina.util.LifecycleBase.handleSubClassException(LifecycleBase.java:440)
		at org.apache.catalina.util.LifecycleBase.start(LifecycleBase.java:198)
		at org.apache.catalina.core.StandardContext.resourcesStart(StandardContext.java:4880)
		at org.apache.catalina.core.StandardContext.startInternal(StandardContext.java:5018)
		at org.apache.catalina.util.LifecycleBase.start(LifecycleBase.java:183)
		at org.apache.catalina.core.ContainerBase.addChildInternal(ContainerBase.java:753)
		at org.apache.catalina.core.ContainerBase.addChild(ContainerBase.java:727)
		at org.apache.catalina.core.StandardHost.addChild(StandardHost.java:695)
		at org.apache.catalina.startup.HostConfig.deployDescriptor(HostConfig.java:673)
		at org.apache.catalina.startup.HostConfig$DeployDescriptor.run(HostConfig.java:1881)
		at java.util.concurrent.Executors$RunnableAdapter.call(Executors.java:511)
		at java.util.concurrent.FutureTask.run(FutureTask.java:266)
		at java.util.concurrent.ThreadPoolExecutor.runWorker(ThreadPoolExecutor.java:1149)
		at java.util.concurrent.ThreadPoolExecutor$Worker.run(ThreadPoolExecutor.java:624)
		at java.lang.Thread.run(Thread.java:748)
	Caused by: java.lang.IllegalArgumentException: The main resource set specified [C:\Users\Manuel\OneDrive\Documents\NetBeansProjects\votacionesAndroid\build\web] is not valid
		at org.apache.catalina.webresources.StandardRoot.createMainResourceSet(StandardRoot.java:747)
		at org.apache.catalina.webresources.StandardRoot.startInternal(StandardRoot.java:705)
		at org.apache.catalina.util.LifecycleBase.start(LifecycleBase.java:183)
		... 13 more
19-Oct-2021 17:47:26.775 GRAVE [localhost-startStop-1] org.apache.catalina.startup.HostConfig.deployDescriptor Error durante el despliegue del descriptor de configuración [C:\Users\Manuel\OneDrive\Documents\NetBeansProjects\Server\apache-tomcat-8.5.71\conf\Catalina\localhost\votacionesAndroid.xml]
	java.lang.IllegalStateException: Error starting child
		at org.apache.catalina.core.ContainerBase.addChildInternal(ContainerBase.java:757)
		at org.apache.catalina.core.ContainerBase.addChild(ContainerBase.java:727)
		at org.apache.catalina.core.StandardHost.addChild(StandardHost.java:695)
		at org.apache.catalina.startup.HostConfig.deployDescriptor(HostConfig.java:673)
		at org.apache.catalina.startup.HostConfig$DeployDescriptor.run(HostConfig.java:1881)
		at java.util.concurrent.Executors$RunnableAdapter.call(Executors.java:511)
		at java.util.concurrent.FutureTask.run(FutureTask.java:266)
		at java.util.concurrent.ThreadPoolExecutor.runWorker(ThreadPoolExecutor.java:1149)
		at java.util.concurrent.ThreadPoolExecutor$Worker.run(ThreadPoolExecutor.java:624)
		at java.lang.Thread.run(Thread.java:748)
	Caused by: org.apache.catalina.LifecycleException: Failed to start component [org.apache.catalina.webresources.StandardRoot@7bac69de]
		at org.apache.catalina.util.LifecycleBase.handleSubClassException(LifecycleBase.java:440)
		at org.apache.catalina.util.LifecycleBase.start(LifecycleBase.java:198)
		at org.apache.catalina.core.StandardContext.resourcesStart(StandardContext.java:4880)
		at org.apache.catalina.core.StandardContext.startInternal(StandardContext.java:5018)
		at org.apache.catalina.util.LifecycleBase.start(LifecycleBase.java:183)
		at org.apache.catalina.core.ContainerBase.addChildInternal(ContainerBase.java:753)
		... 9 more
	Caused by: java.lang.IllegalArgumentException: The main resource set specified [C:\Users\Manuel\OneDrive\Documents\NetBeansProjects\votacionesAndroid\build\web] is not valid
		at org.apache.catalina.webresources.StandardRoot.createMainResourceSet(StandardRoot.java:747)
		at org.apache.catalina.webresources.StandardRoot.startInternal(StandardRoot.java:705)
		at org.apache.catalina.util.LifecycleBase.start(LifecycleBase.java:183)
		... 13 more
19-Oct-2021 17:47:26.822 INFORMACIÓN [localhost-startStop-1] org.apache.catalina.startup.HostConfig.deployDescriptor Deployment of deployment descriptor [C:\Users\Manuel\OneDrive\Documents\NetBeansProjects\Server\apache-tomcat-8.5.71\conf\Catalina\localhost\votacionesAndroid.xml] has finished in [47] ms
19-Oct-2021 17:47:26.822 INFORMACIÓN [localhost-startStop-1] org.apache.catalina.startup.HostConfig.deployDirectory Desplegando el directorio [C:\Users\Manuel\OneDrive\Documents\NetBeansProjects\Server\apache-tomcat-8.5.71\webapps\docs] de la aplicación web
19-Oct-2021 17:47:26.931 INFORMACIÓN [localhost-startStop-1] org.apache.catalina.startup.HostConfig.deployDirectory Deployment of web application directory [C:\Users\Manuel\OneDrive\Documents\NetBeansProjects\Server\apache-tomcat-8.5.71\webapps\docs] has finished in [109] ms
19-Oct-2021 17:47:26.931 INFORMACIÓN [localhost-startStop-1] org.apache.catalina.startup.HostConfig.deployDirectory Desplegando el directorio [C:\Users\Manuel\OneDrive\Documents\NetBeansProjects\Server\apache-tomcat-8.5.71\webapps\examples] de la aplicación web
19-Oct-2021 17:47:27.662 INFORMACIÓN [localhost-startStop-1] org.apache.catalina.startup.HostConfig.deployDirectory Deployment of web application directory [C:\Users\Manuel\OneDrive\Documents\NetBeansProjects\Server\apache-tomcat-8.5.71\webapps\examples] has finished in [731] ms
19-Oct-2021 17:47:27.662 INFORMACIÓN [localhost-startStop-1] org.apache.catalina.startup.HostConfig.deployDirectory Desplegando el directorio [C:\Users\Manuel\OneDrive\Documents\NetBeansProjects\Server\apache-tomcat-8.5.71\webapps\host-manager] de la aplicación web
19-Oct-2021 17:47:27.715 INFORMACIÓN [localhost-startStop-1] org.apache.catalina.startup.HostConfig.deployDirectory Deployment of web application directory [C:\Users\Manuel\OneDrive\Documents\NetBeansProjects\Server\apache-tomcat-8.5.71\webapps\host-manager] has finished in [53] ms
19-Oct-2021 17:47:27.715 INFORMACIÓN [localhost-startStop-1] org.apache.catalina.startup.HostConfig.deployDirectory Desplegando el directorio [C:\Users\Manuel\OneDrive\Documents\NetBeansProjects\Server\apache-tomcat-8.5.71\webapps\manager] de la aplicación web
19-Oct-2021 17:47:27.847 INFORMACIÓN [localhost-startStop-1] org.apache.catalina.startup.HostConfig.deployDirectory Deployment of web application directory [C:\Users\Manuel\OneDrive\Documents\NetBeansProjects\Server\apache-tomcat-8.5.71\webapps\manager] has finished in [132] ms
19-Oct-2021 17:47:27.847 INFORMACIÓN [localhost-startStop-1] org.apache.catalina.startup.HostConfig.deployDirectory Desplegando el directorio [C:\Users\Manuel\OneDrive\Documents\NetBeansProjects\Server\apache-tomcat-8.5.71\webapps\ROOT] de la aplicación web
19-Oct-2021 17:47:27.927 INFORMACIÓN [localhost-startStop-1] org.apache.catalina.startup.HostConfig.deployDirectory Deployment of web application directory [C:\Users\Manuel\OneDrive\Documents\NetBeansProjects\Server\apache-tomcat-8.5.71\webapps\ROOT] has finished in [80] ms
19-Oct-2021 17:47:27.935 INFORMACIÓN [main] org.apache.coyote.AbstractProtocol.start Starting ProtocolHandler ["http-nio-8080"]
19-Oct-2021 17:47:27.967 INFORMACIÓN [main] org.apache.catalina.startup.Catalina.start Server startup in 3394 ms
19-Oct-2021 17:58:44.431 INFORMACIÓN [http-nio-8080-exec-9] org.apache.catalina.core.StandardContext.reload Ha comenzado la recarga de Contexto [/HistoriasMedicas]
19-Oct-2021 17:58:44.463 ADVERTENCIA [http-nio-8080-exec-9] org.apache.catalina.loader.WebappClassLoaderBase.clearReferencesJdbc La aplicación web [HistoriasMedicas] registró el conductor JDBC [org.postgresql.Driver] pero falló al anular el registro mientras la aplicación web estaba parada. Para prevenir un fallo de memoria, se ha anulado el registro del conductor JDBC por la fuerza.
19-Oct-2021 17:58:44.973 INFORMACIÓN [http-nio-8080-exec-9] org.apache.jasper.servlet.TldScanner.scanJars Al menos un JAR, que se ha explorado buscando TLDs, aún no contenía TLDs. Activar historial de depuración para este historiador para una completa lista de los JARs que fueron explorados y de los que nos se halló TLDs. Saltarse JARs no necesarios durante la exploración puede dar lugar a una mejora de tiempo significativa en el arranque y compilación de JSP .
19-Oct-2021 17:58:44.988 INFORMACIÓN [http-nio-8080-exec-9] org.apache.catalina.core.StandardContext.reload Se ha completado la recarga de este Contexto
19-Oct-2021 17:58:44.988 INFORMACIÓN [http-nio-8080-exec-9] org.apache.catalina.core.StandardContext.reload Ha comenzado la recarga de Contexto [/HistoriasMedicas]
19-Oct-2021 17:58:45.627 INFORMACIÓN [http-nio-8080-exec-9] org.apache.jasper.servlet.TldScanner.scanJars Al menos un JAR, que se ha explorado buscando TLDs, aún no contenía TLDs. Activar historial de depuración para este historiador para una completa lista de los JARs que fueron explorados y de los que nos se halló TLDs. Saltarse JARs no necesarios durante la exploración puede dar lugar a una mejora de tiempo significativa en el arranque y compilación de JSP .
19-Oct-2021 17:58:45.889 INFORMACIÓN [http-nio-8080-exec-9] org.apache.catalina.core.StandardContext.reload Se ha completado la recarga de este Contexto
19-Oct-2021 18:06:33.710 INFORMACIÓN [main] org.apache.catalina.core.StandardServer.await Se ha recibido un comando de apagado a través del puerto de apagado. Parando la instancia del Servidor.
19-Oct-2021 18:06:33.710 INFORMACIÓN [main] org.apache.coyote.AbstractProtocol.pause Pausing ProtocolHandler ["http-nio-8080"]
19-Oct-2021 18:06:33.858 INFORMACIÓN [main] org.apache.catalina.core.StandardService.stopInternal Parando servicio [Catalina]
19-Oct-2021 18:06:33.858 ADVERTENCIA [localhost-startStop-2] org.apache.catalina.loader.WebappClassLoaderBase.clearReferencesJdbc La aplicación web [HistoriasMedicas] registró el conductor JDBC [org.postgresql.Driver] pero falló al anular el registro mientras la aplicación web estaba parada. Para prevenir un fallo de memoria, se ha anulado el registro del conductor JDBC por la fuerza.
19-Oct-2021 18:06:33.896 INFORMACIÓN [main] org.apache.coyote.AbstractProtocol.stop Stopping ProtocolHandler ["http-nio-8080"]
19-Oct-2021 18:06:33.896 INFORMACIÓN [main] org.apache.coyote.AbstractProtocol.destroy Destroying ProtocolHandler ["http-nio-8080"]
