11-Oct-2021 00:16:10.883 INFORMACIÓN [main] org.apache.catalina.startup.VersionLoggerListener.log Nombre de la versión del servidor: Apache Tomcat/8.5.71
11-Oct-2021 00:16:10.888 INFORMACIÓN [main] org.apache.catalina.startup.VersionLoggerListener.log Server built:                      Sep 9 2021 18:43:14 UTC
11-Oct-2021 00:16:10.888 INFORMACIÓN [main] org.apache.catalina.startup.VersionLoggerListener.log Número de versión de servidor:     8.5.71.0
11-Oct-2021 00:16:10.888 INFORMACIÓN [main] org.apache.catalina.startup.VersionLoggerListener.log OS Name:                           Windows 10
11-Oct-2021 00:16:10.888 INFORMACIÓN [main] org.apache.catalina.startup.VersionLoggerListener.log Versión de Systema Operativo:      10.0
11-Oct-2021 00:16:10.888 INFORMACIÓN [main] org.apache.catalina.startup.VersionLoggerListener.log Arquitectura:                      amd64
11-Oct-2021 00:16:10.888 INFORMACIÓN [main] org.apache.catalina.startup.VersionLoggerListener.log Java Home:                         C:\Program Files\Java\jdk1.8.0_271\jre
11-Oct-2021 00:16:10.888 INFORMACIÓN [main] org.apache.catalina.startup.VersionLoggerListener.log JVM Version:                       1.8.0_271-b09
11-Oct-2021 00:16:10.888 INFORMACIÓN [main] org.apache.catalina.startup.VersionLoggerListener.log Vededor JVM:                       Oracle Corporation
11-Oct-2021 00:16:10.888 INFORMACIÓN [main] org.apache.catalina.startup.VersionLoggerListener.log CATALINA_BASE:                     C:\Users\Manuel\OneDrive\Documents\NetBeansProjects\Server\apache-tomcat-8.5.71
11-Oct-2021 00:16:10.888 INFORMACIÓN [main] org.apache.catalina.startup.VersionLoggerListener.log CATALINA_HOME:                     C:\Users\Manuel\OneDrive\Documents\NetBeansProjects\Server\apache-tomcat-8.5.71
11-Oct-2021 00:16:10.888 INFORMACIÓN [main] org.apache.catalina.startup.VersionLoggerListener.log Command line argument:             -Djava.util.logging.config.file=C:\Users\Manuel\OneDrive\Documents\NetBeansProjects\Server\apache-tomcat-8.5.71\conf\logging.properties
11-Oct-2021 00:16:10.888 INFORMACIÓN [main] org.apache.catalina.startup.VersionLoggerListener.log Command line argument:             -Djava.util.logging.manager=org.apache.juli.ClassLoaderLogManager
11-Oct-2021 00:16:10.888 INFORMACIÓN [main] org.apache.catalina.startup.VersionLoggerListener.log Command line argument:             -Dhttp.nonProxyHosts=localhost|127.0.0.1|LAPTOP-7MAH5C0M
11-Oct-2021 00:16:10.892 INFORMACIÓN [main] org.apache.catalina.startup.VersionLoggerListener.log Command line argument:             -Djdk.tls.ephemeralDHKeySize=2048
11-Oct-2021 00:16:10.892 INFORMACIÓN [main] org.apache.catalina.startup.VersionLoggerListener.log Command line argument:             -Djava.protocol.handler.pkgs=org.apache.catalina.webresources
11-Oct-2021 00:16:10.892 INFORMACIÓN [main] org.apache.catalina.startup.VersionLoggerListener.log Command line argument:             -Dignore.endorsed.dirs=
11-Oct-2021 00:16:10.892 INFORMACIÓN [main] org.apache.catalina.startup.VersionLoggerListener.log Command line argument:             -Dcatalina.base=C:\Users\Manuel\OneDrive\Documents\NetBeansProjects\Server\apache-tomcat-8.5.71
11-Oct-2021 00:16:10.892 INFORMACIÓN [main] org.apache.catalina.startup.VersionLoggerListener.log Command line argument:             -Dcatalina.home=C:\Users\Manuel\OneDrive\Documents\NetBeansProjects\Server\apache-tomcat-8.5.71
11-Oct-2021 00:16:10.892 INFORMACIÓN [main] org.apache.catalina.startup.VersionLoggerListener.log Command line argument:             -Djava.io.tmpdir=C:\Users\Manuel\OneDrive\Documents\NetBeansProjects\Server\apache-tomcat-8.5.71\temp
11-Oct-2021 00:16:10.892 INFORMACIÓN [main] org.apache.catalina.core.AprLifecycleListener.lifecycleEvent Cargada la biblioteca nativa APR de Apache Tomcat [1.2.31] con la versión APR [1.7.0].
11-Oct-2021 00:16:10.892 INFORMACIÓN [main] org.apache.catalina.core.AprLifecycleListener.lifecycleEvent Capacidades APR: IPv6 [true], enviar fichero [true], aceptar filtros [false], aleatorio [true].
11-Oct-2021 00:16:10.893 INFORMACIÓN [main] org.apache.catalina.core.AprLifecycleListener.lifecycleEvent APR/OpenSSL configuration: useAprConnector [false], useOpenSSL [true]
11-Oct-2021 00:16:11.038 INFORMACIÓN [main] org.apache.catalina.core.AprLifecycleListener.initializeSSL OpenSSL inicializado correctamente [OpenSSL 1.1.1l  24 Aug 2021]
11-Oct-2021 00:16:11.324 INFORMACIÓN [main] org.apache.coyote.AbstractProtocol.init Inicializando el manejador de protocolo ["http-nio-8080"]

11-Oct-2021 00:16:11.539 INFORMACIÓN [main] org.apache.tomcat.util.net.NioSelectorPool.getSharedSelector Using a shared selector for servlet write/read
11-Oct-2021 00:16:11.556 INFORMACIÓN [main] org.apache.catalina.startup.Catalina.load Initialization processed in 1209 ms
11-Oct-2021 00:16:11.627 INFORMACIÓN [main] org.apache.catalina.core.StandardService.startInternal Arrancando servicio [Catalina]
11-Oct-2021 00:16:11.627 INFORMACIÓN [main] org.apache.catalina.core.StandardEngine.startInternal Starting Servlet engine: [Apache Tomcat/8.5.71]
11-Oct-2021 00:16:11.643 INFORMACIÓN [localhost-startStop-1] org.apache.catalina.startup.HostConfig.deployDescriptor Desplieque del descriptor de configuración [C:\Users\Manuel\OneDrive\Documents\NetBeansProjects\Server\apache-tomcat-8.5.71\conf\Catalina\localhost\GastosFamiliares.xml]
11-Oct-2021 00:16:12.368 INFORMACIÓN [localhost-startStop-1] org.apache.jasper.servlet.TldScanner.scanJars Al menos un JAR, que se ha explorado buscando TLDs, aún no contenía TLDs. Activar historial de depuración para este historiador para una completa lista de los JARs que fueron explorados y de los que nos se halló TLDs. Saltarse JARs no necesarios durante la exploración puede dar lugar a una mejora de tiempo significativa en el arranque y compilación de JSP .
11-Oct-2021 00:16:12.518 INFORMACIÓN [localhost-startStop-1] org.apache.catalina.startup.HostConfig.deployDescriptor Deployment of deployment descriptor [C:\Users\Manuel\OneDrive\Documents\NetBeansProjects\Server\apache-tomcat-8.5.71\conf\Catalina\localhost\GastosFamiliares.xml] has finished in [875] ms
11-Oct-2021 00:16:12.518 INFORMACIÓN [localhost-startStop-1] org.apache.catalina.startup.HostConfig.deployDescriptor Desplieque del descriptor de configuración [C:\Users\Manuel\OneDrive\Documents\NetBeansProjects\Server\apache-tomcat-8.5.71\conf\Catalina\localhost\parqueaderoWeb2021.xml]
11-Oct-2021 00:16:12.877 INFORMACIÓN [localhost-startStop-1] org.apache.jasper.servlet.TldScanner.scanJars Al menos un JAR, que se ha explorado buscando TLDs, aún no contenía TLDs. Activar historial de depuración para este historiador para una completa lista de los JARs que fueron explorados y de los que nos se halló TLDs. Saltarse JARs no necesarios durante la exploración puede dar lugar a una mejora de tiempo significativa en el arranque y compilación de JSP .
11-Oct-2021 00:16:12.877 INFORMACIÓN [localhost-startStop-1] org.apache.catalina.startup.HostConfig.deployDescriptor Deployment of deployment descriptor [C:\Users\Manuel\OneDrive\Documents\NetBeansProjects\Server\apache-tomcat-8.5.71\conf\Catalina\localhost\parqueaderoWeb2021.xml] has finished in [359] ms
11-Oct-2021 00:16:12.877 INFORMACIÓN [localhost-startStop-1] org.apache.catalina.startup.HostConfig.deployDescriptor Desplieque del descriptor de configuración [C:\Users\Manuel\OneDrive\Documents\NetBeansProjects\Server\apache-tomcat-8.5.71\conf\Catalina\localhost\votacionesAndroid.xml]
11-Oct-2021 00:16:12.892 GRAVE [localhost-startStop-1] org.apache.catalina.core.ContainerBase.addChildInternal ContainerBase.addChild: start: 
	org.apache.catalina.LifecycleException: Failed to start component [org.apache.catalina.webresources.StandardRoot@86c8e0]
		at org.apache.catalina.util.LifecycleBase.handleSubClassException(LifecycleBase.java:440)
		at org.apache.catalina.util.LifecycleBase.start(LifecycleBase.java:198)
		at org.apache.catalina.core.StandardContext.resourcesStart(StandardContext.java:4880)
		at org.apache.catalina.core.StandardContext.startInternal(StandardContext.java:5018)
		at org.apache.catalina.util.LifecycleBase.start(LifecycleBase.java:183)
		at org.apache.catalina.core.ContainerBase.addChildInternal(ContainerBase.java:753)
		at org.apache.catalina.core.ContainerBase.addChild(ContainerBase.java:727)
		at org.apache.catalina.core.StandardHost.addChild(StandardHost.java:695)
		at org.apache.catalina.startup.HostConfig.deployDescriptor(HostConfig.java:673)
		at org.apache.catalina.startup.HostConfig$DeployDescriptor.run(HostConfig.java:1881)
		at java.util.concurrent.Executors$RunnableAdapter.call(Executors.java:511)
		at java.util.concurrent.FutureTask.run(FutureTask.java:266)
		at java.util.concurrent.ThreadPoolExecutor.runWorker(ThreadPoolExecutor.java:1149)
		at java.util.concurrent.ThreadPoolExecutor$Worker.run(ThreadPoolExecutor.java:624)
		at java.lang.Thread.run(Thread.java:748)
	Caused by: java.lang.IllegalArgumentException: The main resource set specified [C:\Users\Manuel\OneDrive\Documents\NetBeansProjects\votacionesAndroid\build\web] is not valid
		at org.apache.catalina.webresources.StandardRoot.createMainResourceSet(StandardRoot.java:747)
		at org.apache.catalina.webresources.StandardRoot.startInternal(StandardRoot.java:705)
		at org.apache.catalina.util.LifecycleBase.start(LifecycleBase.java:183)
		... 13 more
11-Oct-2021 00:16:12.892 GRAVE [localhost-startStop-1] org.apache.catalina.startup.HostConfig.deployDescriptor Error durante el despliegue del descriptor de configuración [C:\Users\Manuel\OneDrive\Documents\NetBeansProjects\Server\apache-tomcat-8.5.71\conf\Catalina\localhost\votacionesAndroid.xml]
	java.lang.IllegalStateException: Error starting child
		at org.apache.catalina.core.ContainerBase.addChildInternal(ContainerBase.java:757)
		at org.apache.catalina.core.ContainerBase.addChild(ContainerBase.java:727)
		at org.apache.catalina.core.StandardHost.addChild(StandardHost.java:695)
		at org.apache.catalina.startup.HostConfig.deployDescriptor(HostConfig.java:673)
		at org.apache.catalina.startup.HostConfig$DeployDescriptor.run(HostConfig.java:1881)
		at java.util.concurrent.Executors$RunnableAdapter.call(Executors.java:511)
		at java.util.concurrent.FutureTask.run(FutureTask.java:266)
		at java.util.concurrent.ThreadPoolExecutor.runWorker(ThreadPoolExecutor.java:1149)
		at java.util.concurrent.ThreadPoolExecutor$Worker.run(ThreadPoolExecutor.java:624)
		at java.lang.Thread.run(Thread.java:748)
	Caused by: org.apache.catalina.LifecycleException: Failed to start component [org.apache.catalina.webresources.StandardRoot@86c8e0]
		at org.apache.catalina.util.LifecycleBase.handleSubClassException(LifecycleBase.java:440)
		at org.apache.catalina.util.LifecycleBase.start(LifecycleBase.java:198)
		at org.apache.catalina.core.StandardContext.resourcesStart(StandardContext.java:4880)
		at org.apache.catalina.core.StandardContext.startInternal(StandardContext.java:5018)
		at org.apache.catalina.util.LifecycleBase.start(LifecycleBase.java:183)
		at org.apache.catalina.core.ContainerBase.addChildInternal(ContainerBase.java:753)
		... 9 more
	Caused by: java.lang.IllegalArgumentException: The main resource set specified [C:\Users\Manuel\OneDrive\Documents\NetBeansProjects\votacionesAndroid\build\web] is not valid
		at org.apache.catalina.webresources.StandardRoot.createMainResourceSet(StandardRoot.java:747)
		at org.apache.catalina.webresources.StandardRoot.startInternal(StandardRoot.java:705)
		at org.apache.catalina.util.LifecycleBase.start(LifecycleBase.java:183)
		... 13 more
11-Oct-2021 00:16:12.943 INFORMACIÓN [localhost-startStop-1] org.apache.catalina.startup.HostConfig.deployDescriptor Deployment of deployment descriptor [C:\Users\Manuel\OneDrive\Documents\NetBeansProjects\Server\apache-tomcat-8.5.71\conf\Catalina\localhost\votacionesAndroid.xml] has finished in [66] ms
11-Oct-2021 00:16:12.943 INFORMACIÓN [localhost-startStop-1] org.apache.catalina.startup.HostConfig.deployDirectory Desplegando el directorio [C:\Users\Manuel\OneDrive\Documents\NetBeansProjects\Server\apache-tomcat-8.5.71\webapps\docs] de la aplicación web
11-Oct-2021 00:16:12.988 INFORMACIÓN [localhost-startStop-1] org.apache.catalina.startup.HostConfig.deployDirectory Deployment of web application directory [C:\Users\Manuel\OneDrive\Documents\NetBeansProjects\Server\apache-tomcat-8.5.71\webapps\docs] has finished in [45] ms
11-Oct-2021 00:16:12.988 INFORMACIÓN [localhost-startStop-1] org.apache.catalina.startup.HostConfig.deployDirectory Desplegando el directorio [C:\Users\Manuel\OneDrive\Documents\NetBeansProjects\Server\apache-tomcat-8.5.71\webapps\examples] de la aplicación web
11-Oct-2021 00:16:13.935 INFORMACIÓN [localhost-startStop-1] org.apache.catalina.startup.HostConfig.deployDirectory Deployment of web application directory [C:\Users\Manuel\OneDrive\Documents\NetBeansProjects\Server\apache-tomcat-8.5.71\webapps\examples] has finished in [947] ms
11-Oct-2021 00:16:13.935 INFORMACIÓN [localhost-startStop-1] org.apache.catalina.startup.HostConfig.deployDirectory Desplegando el directorio [C:\Users\Manuel\OneDrive\Documents\NetBeansProjects\Server\apache-tomcat-8.5.71\webapps\host-manager] de la aplicación web
11-Oct-2021 00:16:13.988 INFORMACIÓN [localhost-startStop-1] org.apache.catalina.startup.HostConfig.deployDirectory Deployment of web application directory [C:\Users\Manuel\OneDrive\Documents\NetBeansProjects\Server\apache-tomcat-8.5.71\webapps\host-manager] has finished in [53] ms
11-Oct-2021 00:16:13.988 INFORMACIÓN [localhost-startStop-1] org.apache.catalina.startup.HostConfig.deployDirectory Desplegando el directorio [C:\Users\Manuel\OneDrive\Documents\NetBeansProjects\Server\apache-tomcat-8.5.71\webapps\manager] de la aplicación web
11-Oct-2021 00:16:14.048 INFORMACIÓN [localhost-startStop-1] org.apache.catalina.startup.HostConfig.deployDirectory Deployment of web application directory [C:\Users\Manuel\OneDrive\Documents\NetBeansProjects\Server\apache-tomcat-8.5.71\webapps\manager] has finished in [60] ms
11-Oct-2021 00:16:14.048 INFORMACIÓN [localhost-startStop-1] org.apache.catalina.startup.HostConfig.deployDirectory Desplegando el directorio [C:\Users\Manuel\OneDrive\Documents\NetBeansProjects\Server\apache-tomcat-8.5.71\webapps\ROOT] de la aplicación web
11-Oct-2021 00:16:14.113 INFORMACIÓN [localhost-startStop-1] org.apache.catalina.startup.HostConfig.deployDirectory Deployment of web application directory [C:\Users\Manuel\OneDrive\Documents\NetBeansProjects\Server\apache-tomcat-8.5.71\webapps\ROOT] has finished in [65] ms
11-Oct-2021 00:16:14.118 INFORMACIÓN [main] org.apache.coyote.AbstractProtocol.start Starting ProtocolHandler ["http-nio-8080"]
11-Oct-2021 00:16:14.127 INFORMACIÓN [main] org.apache.catalina.startup.Catalina.start Server startup in 2573 ms
11-Oct-2021 00:16:15.957 INFORMACIÓN [http-nio-8080-exec-7] org.apache.catalina.startup.HostConfig.deployDescriptor Desplieque del descriptor de configuración [C:\Users\Manuel\OneDrive\Documents\NetBeansProjects\Server\apache-tomcat-8.5.71\conf\Catalina\localhost\Prestaya.xml]
11-Oct-2021 00:16:16.220 INFORMACIÓN [http-nio-8080-exec-7] org.apache.jasper.servlet.TldScanner.scanJars Al menos un JAR, que se ha explorado buscando TLDs, aún no contenía TLDs. Activar historial de depuración para este historiador para una completa lista de los JARs que fueron explorados y de los que nos se halló TLDs. Saltarse JARs no necesarios durante la exploración puede dar lugar a una mejora de tiempo significativa en el arranque y compilación de JSP .
11-Oct-2021 00:16:16.224 INFORMACIÓN [http-nio-8080-exec-7] org.apache.catalina.startup.HostConfig.deployDescriptor Deployment of deployment descriptor [C:\Users\Manuel\OneDrive\Documents\NetBeansProjects\Server\apache-tomcat-8.5.71\conf\Catalina\localhost\Prestaya.xml] has finished in [267] ms
11-Oct-2021 00:16:16.230 INFORMACIÓN [http-nio-8080-exec-8] org.apache.catalina.util.LifecycleBase.start The start() method was called on component [StandardEngine[Catalina].StandardHost[localhost].StandardContext[/Prestaya]] after start() had already been called. The second call will be ignored.
11-Oct-2021 00:19:03.107 INFORMACIÓN [http-nio-8080-exec-5] org.apache.catalina.core.StandardContext.reload Ha comenzado la recarga de Contexto [/Prestaya]
11-Oct-2021 00:19:03.411 INFORMACIÓN [http-nio-8080-exec-5] org.apache.jasper.servlet.TldScanner.scanJars Al menos un JAR, que se ha explorado buscando TLDs, aún no contenía TLDs. Activar historial de depuración para este historiador para una completa lista de los JARs que fueron explorados y de los que nos se halló TLDs. Saltarse JARs no necesarios durante la exploración puede dar lugar a una mejora de tiempo significativa en el arranque y compilación de JSP .
11-Oct-2021 00:19:03.418 INFORMACIÓN [http-nio-8080-exec-5] org.apache.catalina.core.StandardContext.reload Se ha completado la recarga de este Contexto
11-Oct-2021 00:19:08.068 INFORMACIÓN [http-nio-8080-exec-1] org.apache.catalina.core.StandardContext.reload Ha comenzado la recarga de Contexto [/Prestaya]
11-Oct-2021 00:19:08.292 INFORMACIÓN [http-nio-8080-exec-1] org.apache.jasper.servlet.TldScanner.scanJars Al menos un JAR, que se ha explorado buscando TLDs, aún no contenía TLDs. Activar historial de depuración para este historiador para una completa lista de los JARs que fueron explorados y de los que nos se halló TLDs. Saltarse JARs no necesarios durante la exploración puede dar lugar a una mejora de tiempo significativa en el arranque y compilación de JSP .
11-Oct-2021 00:19:08.292 INFORMACIÓN [http-nio-8080-exec-1] org.apache.catalina.core.StandardContext.reload Se ha completado la recarga de este Contexto
11-Oct-2021 00:31:01.866 INFORMACIÓN [http-nio-8080-exec-13] org.apache.catalina.core.StandardContext.reload Ha comenzado la recarga de Contexto [/Prestaya]
11-Oct-2021 00:31:01.873 ADVERTENCIA [http-nio-8080-exec-13] org.apache.catalina.loader.WebappClassLoaderBase.clearReferencesJdbc La aplicación web [Prestaya] registró el conductor JDBC [org.postgresql.Driver] pero falló al anular el registro mientras la aplicación web estaba parada. Para prevenir un fallo de memoria, se ha anulado el registro del conductor JDBC por la fuerza.
11-Oct-2021 00:31:02.068 INFORMACIÓN [http-nio-8080-exec-13] org.apache.jasper.servlet.TldScanner.scanJars Al menos un JAR, que se ha explorado buscando TLDs, aún no contenía TLDs. Activar historial de depuración para este historiador para una completa lista de los JARs que fueron explorados y de los que nos se halló TLDs. Saltarse JARs no necesarios durante la exploración puede dar lugar a una mejora de tiempo significativa en el arranque y compilación de JSP .
11-Oct-2021 00:31:02.072 INFORMACIÓN [http-nio-8080-exec-13] org.apache.catalina.core.StandardContext.reload Se ha completado la recarga de este Contexto
11-Oct-2021 00:32:50.605 INFORMACIÓN [http-nio-8080-exec-23] org.apache.catalina.core.StandardContext.reload Ha comenzado la recarga de Contexto [/Prestaya]
11-Oct-2021 00:32:50.816 INFORMACIÓN [http-nio-8080-exec-23] org.apache.jasper.servlet.TldScanner.scanJars Al menos un JAR, que se ha explorado buscando TLDs, aún no contenía TLDs. Activar historial de depuración para este historiador para una completa lista de los JARs que fueron explorados y de los que nos se halló TLDs. Saltarse JARs no necesarios durante la exploración puede dar lugar a una mejora de tiempo significativa en el arranque y compilación de JSP .
11-Oct-2021 00:32:50.825 INFORMACIÓN [http-nio-8080-exec-23] org.apache.catalina.core.StandardContext.reload Se ha completado la recarga de este Contexto
11-Oct-2021 00:34:18.409 INFORMACIÓN [http-nio-8080-exec-20] org.apache.catalina.core.StandardContext.reload Ha comenzado la recarga de Contexto [/Prestaya]
11-Oct-2021 00:34:18.611 INFORMACIÓN [http-nio-8080-exec-20] org.apache.jasper.servlet.TldScanner.scanJars Al menos un JAR, que se ha explorado buscando TLDs, aún no contenía TLDs. Activar historial de depuración para este historiador para una completa lista de los JARs que fueron explorados y de los que nos se halló TLDs. Saltarse JARs no necesarios durante la exploración puede dar lugar a una mejora de tiempo significativa en el arranque y compilación de JSP .
11-Oct-2021 00:34:18.615 INFORMACIÓN [http-nio-8080-exec-20] org.apache.catalina.core.StandardContext.reload Se ha completado la recarga de este Contexto
11-Oct-2021 00:35:34.229 INFORMACIÓN [main] org.apache.catalina.core.StandardServer.await Se ha recibido un comando de apagado a través del puerto de apagado. Parando la instancia del Servidor.
11-Oct-2021 00:35:34.229 INFORMACIÓN [main] org.apache.coyote.AbstractProtocol.pause Pausing ProtocolHandler ["http-nio-8080"]
11-Oct-2021 00:35:34.389 INFORMACIÓN [main] org.apache.catalina.core.StandardService.stopInternal Parando servicio [Catalina]
11-Oct-2021 00:35:34.430 ADVERTENCIA [localhost-startStop-2] org.apache.catalina.loader.WebappClassLoaderBase.clearReferencesJdbc La aplicación web [Prestaya] registró el conductor JDBC [org.postgresql.Driver] pero falló al anular el registro mientras la aplicación web estaba parada. Para prevenir un fallo de memoria, se ha anulado el registro del conductor JDBC por la fuerza.
11-Oct-2021 00:35:34.435 INFORMACIÓN [main] org.apache.coyote.AbstractProtocol.stop Stopping ProtocolHandler ["http-nio-8080"]
11-Oct-2021 00:35:34.441 INFORMACIÓN [main] org.apache.coyote.AbstractProtocol.destroy Destroying ProtocolHandler ["http-nio-8080"]
11-Oct-2021 10:10:35.397 INFORMACIÓN [main] org.apache.catalina.startup.VersionLoggerListener.log Nombre de la versión del servidor: Apache Tomcat/8.5.71
11-Oct-2021 10:10:35.406 INFORMACIÓN [main] org.apache.catalina.startup.VersionLoggerListener.log Server built:                      Sep 9 2021 18:43:14 UTC
11-Oct-2021 10:10:35.406 INFORMACIÓN [main] org.apache.catalina.startup.VersionLoggerListener.log Número de versión de servidor:     8.5.71.0
11-Oct-2021 10:10:35.406 INFORMACIÓN [main] org.apache.catalina.startup.VersionLoggerListener.log OS Name:                           Windows 10
11-Oct-2021 10:10:35.406 INFORMACIÓN [main] org.apache.catalina.startup.VersionLoggerListener.log Versión de Systema Operativo:      10.0
11-Oct-2021 10:10:35.406 INFORMACIÓN [main] org.apache.catalina.startup.VersionLoggerListener.log Arquitectura:                      amd64
11-Oct-2021 10:10:35.406 INFORMACIÓN [main] org.apache.catalina.startup.VersionLoggerListener.log Java Home:                         C:\Program Files\Java\jdk1.8.0_271\jre
11-Oct-2021 10:10:35.406 INFORMACIÓN [main] org.apache.catalina.startup.VersionLoggerListener.log JVM Version:                       1.8.0_271-b09
11-Oct-2021 10:10:35.406 INFORMACIÓN [main] org.apache.catalina.startup.VersionLoggerListener.log Vededor JVM:                       Oracle Corporation
11-Oct-2021 10:10:35.406 INFORMACIÓN [main] org.apache.catalina.startup.VersionLoggerListener.log CATALINA_BASE:                     C:\Users\Manuel\OneDrive\Documents\NetBeansProjects\Server\apache-tomcat-8.5.71
11-Oct-2021 10:10:35.406 INFORMACIÓN [main] org.apache.catalina.startup.VersionLoggerListener.log CATALINA_HOME:                     C:\Users\Manuel\OneDrive\Documents\NetBeansProjects\Server\apache-tomcat-8.5.71
11-Oct-2021 10:10:35.413 INFORMACIÓN [main] org.apache.catalina.startup.VersionLoggerListener.log Command line argument:             -Djava.util.logging.config.file=C:\Users\Manuel\OneDrive\Documents\NetBeansProjects\Server\apache-tomcat-8.5.71\conf\logging.properties
11-Oct-2021 10:10:35.413 INFORMACIÓN [main] org.apache.catalina.startup.VersionLoggerListener.log Command line argument:             -Djava.util.logging.manager=org.apache.juli.ClassLoaderLogManager
11-Oct-2021 10:10:35.413 INFORMACIÓN [main] org.apache.catalina.startup.VersionLoggerListener.log Command line argument:             -Dhttp.nonProxyHosts=localhost|127.0.0.1|LAPTOP-7MAH5C0M
11-Oct-2021 10:10:35.413 INFORMACIÓN [main] org.apache.catalina.startup.VersionLoggerListener.log Command line argument:             -Djdk.tls.ephemeralDHKeySize=2048
11-Oct-2021 10:10:35.413 INFORMACIÓN [main] org.apache.catalina.startup.VersionLoggerListener.log Command line argument:             -Djava.protocol.handler.pkgs=org.apache.catalina.webresources
11-Oct-2021 10:10:35.413 INFORMACIÓN [main] org.apache.catalina.startup.VersionLoggerListener.log Command line argument:             -Dignore.endorsed.dirs=
11-Oct-2021 10:10:35.413 INFORMACIÓN [main] org.apache.catalina.startup.VersionLoggerListener.log Command line argument:             -Dcatalina.base=C:\Users\Manuel\OneDrive\Documents\NetBeansProjects\Server\apache-tomcat-8.5.71
11-Oct-2021 10:10:35.413 INFORMACIÓN [main] org.apache.catalina.startup.VersionLoggerListener.log Command line argument:             -Dcatalina.home=C:\Users\Manuel\OneDrive\Documents\NetBeansProjects\Server\apache-tomcat-8.5.71
11-Oct-2021 10:10:35.413 INFORMACIÓN [main] org.apache.catalina.startup.VersionLoggerListener.log Command line argument:             -Djava.io.tmpdir=C:\Users\Manuel\OneDrive\Documents\NetBeansProjects\Server\apache-tomcat-8.5.71\temp
11-Oct-2021 10:10:35.413 INFORMACIÓN [main] org.apache.catalina.core.AprLifecycleListener.lifecycleEvent Cargada la biblioteca nativa APR de Apache Tomcat [1.2.31] con la versión APR [1.7.0].
11-Oct-2021 10:10:35.413 INFORMACIÓN [main] org.apache.catalina.core.AprLifecycleListener.lifecycleEvent Capacidades APR: IPv6 [true], enviar fichero [true], aceptar filtros [false], aleatorio [true].
11-Oct-2021 10:10:35.413 INFORMACIÓN [main] org.apache.catalina.core.AprLifecycleListener.lifecycleEvent APR/OpenSSL configuration: useAprConnector [false], useOpenSSL [true]
11-Oct-2021 10:10:35.553 INFORMACIÓN [main] org.apache.catalina.core.AprLifecycleListener.initializeSSL OpenSSL inicializado correctamente [OpenSSL 1.1.1l  24 Aug 2021]
11-Oct-2021 10:10:36.067 INFORMACIÓN [main] org.apache.coyote.AbstractProtocol.init Inicializando el manejador de protocolo ["http-nio-8080"]

11-Oct-2021 10:10:36.412 INFORMACIÓN [main] org.apache.tomcat.util.net.NioSelectorPool.getSharedSelector Using a shared selector for servlet write/read
11-Oct-2021 10:10:36.443 INFORMACIÓN [main] org.apache.catalina.startup.Catalina.load Initialization processed in 1958 ms
11-Oct-2021 10:10:36.572 INFORMACIÓN [main] org.apache.catalina.core.StandardService.startInternal Arrancando servicio [Catalina]
11-Oct-2021 10:10:36.572 INFORMACIÓN [main] org.apache.catalina.core.StandardEngine.startInternal Starting Servlet engine: [Apache Tomcat/8.5.71]
11-Oct-2021 10:10:36.613 INFORMACIÓN [localhost-startStop-1] org.apache.catalina.startup.HostConfig.deployDescriptor Desplieque del descriptor de configuración [C:\Users\Manuel\OneDrive\Documents\NetBeansProjects\Server\apache-tomcat-8.5.71\conf\Catalina\localhost\GastosFamiliares.xml]
11-Oct-2021 10:10:37.918 INFORMACIÓN [localhost-startStop-1] org.apache.jasper.servlet.TldScanner.scanJars Al menos un JAR, que se ha explorado buscando TLDs, aún no contenía TLDs. Activar historial de depuración para este historiador para una completa lista de los JARs que fueron explorados y de los que nos se halló TLDs. Saltarse JARs no necesarios durante la exploración puede dar lugar a una mejora de tiempo significativa en el arranque y compilación de JSP .
11-Oct-2021 10:10:38.148 INFORMACIÓN [localhost-startStop-1] org.apache.catalina.startup.HostConfig.deployDescriptor Deployment of deployment descriptor [C:\Users\Manuel\OneDrive\Documents\NetBeansProjects\Server\apache-tomcat-8.5.71\conf\Catalina\localhost\GastosFamiliares.xml] has finished in [1.521] ms
11-Oct-2021 10:10:38.148 INFORMACIÓN [localhost-startStop-1] org.apache.catalina.startup.HostConfig.deployDescriptor Desplieque del descriptor de configuración [C:\Users\Manuel\OneDrive\Documents\NetBeansProjects\Server\apache-tomcat-8.5.71\conf\Catalina\localhost\parqueaderoWeb2021.xml]
11-Oct-2021 10:10:39.169 INFORMACIÓN [localhost-startStop-1] org.apache.jasper.servlet.TldScanner.scanJars Al menos un JAR, que se ha explorado buscando TLDs, aún no contenía TLDs. Activar historial de depuración para este historiador para una completa lista de los JARs que fueron explorados y de los que nos se halló TLDs. Saltarse JARs no necesarios durante la exploración puede dar lugar a una mejora de tiempo significativa en el arranque y compilación de JSP .
11-Oct-2021 10:10:39.177 INFORMACIÓN [localhost-startStop-1] org.apache.catalina.startup.HostConfig.deployDescriptor Deployment of deployment descriptor [C:\Users\Manuel\OneDrive\Documents\NetBeansProjects\Server\apache-tomcat-8.5.71\conf\Catalina\localhost\parqueaderoWeb2021.xml] has finished in [1.029] ms
11-Oct-2021 10:10:39.177 INFORMACIÓN [localhost-startStop-1] org.apache.catalina.startup.HostConfig.deployDescriptor Desplieque del descriptor de configuración [C:\Users\Manuel\OneDrive\Documents\NetBeansProjects\Server\apache-tomcat-8.5.71\conf\Catalina\localhost\Prestaya.xml]
11-Oct-2021 10:10:39.873 INFORMACIÓN [localhost-startStop-1] org.apache.jasper.servlet.TldScanner.scanJars Al menos un JAR, que se ha explorado buscando TLDs, aún no contenía TLDs. Activar historial de depuración para este historiador para una completa lista de los JARs que fueron explorados y de los que nos se halló TLDs. Saltarse JARs no necesarios durante la exploración puede dar lugar a una mejora de tiempo significativa en el arranque y compilación de JSP .
11-Oct-2021 10:10:40.218 INFORMACIÓN [localhost-startStop-1] org.apache.catalina.startup.HostConfig.deployDescriptor Deployment of deployment descriptor [C:\Users\Manuel\OneDrive\Documents\NetBeansProjects\Server\apache-tomcat-8.5.71\conf\Catalina\localhost\Prestaya.xml] has finished in [1.041] ms
11-Oct-2021 10:10:40.218 INFORMACIÓN [localhost-startStop-1] org.apache.catalina.startup.HostConfig.deployDescriptor Desplieque del descriptor de configuración [C:\Users\Manuel\OneDrive\Documents\NetBeansProjects\Server\apache-tomcat-8.5.71\conf\Catalina\localhost\votacionesAndroid.xml]
11-Oct-2021 10:10:40.237 GRAVE [localhost-startStop-1] org.apache.catalina.core.ContainerBase.addChildInternal ContainerBase.addChild: start: 
	org.apache.catalina.LifecycleException: Failed to start component [org.apache.catalina.webresources.StandardRoot@7c674788]
		at org.apache.catalina.util.LifecycleBase.handleSubClassException(LifecycleBase.java:440)
		at org.apache.catalina.util.LifecycleBase.start(LifecycleBase.java:198)
		at org.apache.catalina.core.StandardContext.resourcesStart(StandardContext.java:4880)
		at org.apache.catalina.core.StandardContext.startInternal(StandardContext.java:5018)
		at org.apache.catalina.util.LifecycleBase.start(LifecycleBase.java:183)
		at org.apache.catalina.core.ContainerBase.addChildInternal(ContainerBase.java:753)
		at org.apache.catalina.core.ContainerBase.addChild(ContainerBase.java:727)
		at org.apache.catalina.core.StandardHost.addChild(StandardHost.java:695)
		at org.apache.catalina.startup.HostConfig.deployDescriptor(HostConfig.java:673)
		at org.apache.catalina.startup.HostConfig$DeployDescriptor.run(HostConfig.java:1881)
		at java.util.concurrent.Executors$RunnableAdapter.call(Executors.java:511)
		at java.util.concurrent.FutureTask.run(FutureTask.java:266)
		at java.util.concurrent.ThreadPoolExecutor.runWorker(ThreadPoolExecutor.java:1149)
		at java.util.concurrent.ThreadPoolExecutor$Worker.run(ThreadPoolExecutor.java:624)
		at java.lang.Thread.run(Thread.java:748)
	Caused by: java.lang.IllegalArgumentException: The main resource set specified [C:\Users\Manuel\OneDrive\Documents\NetBeansProjects\votacionesAndroid\build\web] is not valid
		at org.apache.catalina.webresources.StandardRoot.createMainResourceSet(StandardRoot.java:747)
		at org.apache.catalina.webresources.StandardRoot.startInternal(StandardRoot.java:705)
		at org.apache.catalina.util.LifecycleBase.start(LifecycleBase.java:183)
		... 13 more
11-Oct-2021 10:10:40.243 GRAVE [localhost-startStop-1] org.apache.catalina.startup.HostConfig.deployDescriptor Error durante el despliegue del descriptor de configuración [C:\Users\Manuel\OneDrive\Documents\NetBeansProjects\Server\apache-tomcat-8.5.71\conf\Catalina\localhost\votacionesAndroid.xml]
	java.lang.IllegalStateException: Error starting child
		at org.apache.catalina.core.ContainerBase.addChildInternal(ContainerBase.java:757)
		at org.apache.catalina.core.ContainerBase.addChild(ContainerBase.java:727)
		at org.apache.catalina.core.StandardHost.addChild(StandardHost.java:695)
		at org.apache.catalina.startup.HostConfig.deployDescriptor(HostConfig.java:673)
		at org.apache.catalina.startup.HostConfig$DeployDescriptor.run(HostConfig.java:1881)
		at java.util.concurrent.Executors$RunnableAdapter.call(Executors.java:511)
		at java.util.concurrent.FutureTask.run(FutureTask.java:266)
		at java.util.concurrent.ThreadPoolExecutor.runWorker(ThreadPoolExecutor.java:1149)
		at java.util.concurrent.ThreadPoolExecutor$Worker.run(ThreadPoolExecutor.java:624)
		at java.lang.Thread.run(Thread.java:748)
	Caused by: org.apache.catalina.LifecycleException: Failed to start component [org.apache.catalina.webresources.StandardRoot@7c674788]
		at org.apache.catalina.util.LifecycleBase.handleSubClassException(LifecycleBase.java:440)
		at org.apache.catalina.util.LifecycleBase.start(LifecycleBase.java:198)
		at org.apache.catalina.core.StandardContext.resourcesStart(StandardContext.java:4880)
		at org.apache.catalina.core.StandardContext.startInternal(StandardContext.java:5018)
		at org.apache.catalina.util.LifecycleBase.start(LifecycleBase.java:183)
		at org.apache.catalina.core.ContainerBase.addChildInternal(ContainerBase.java:753)
		... 9 more
	Caused by: java.lang.IllegalArgumentException: The main resource set specified [C:\Users\Manuel\OneDrive\Documents\NetBeansProjects\votacionesAndroid\build\web] is not valid
		at org.apache.catalina.webresources.StandardRoot.createMainResourceSet(StandardRoot.java:747)
		at org.apache.catalina.webresources.StandardRoot.startInternal(StandardRoot.java:705)
		at org.apache.catalina.util.LifecycleBase.start(LifecycleBase.java:183)
		... 13 more
11-Oct-2021 10:10:40.327 INFORMACIÓN [localhost-startStop-1] org.apache.catalina.startup.HostConfig.deployDescriptor Deployment of deployment descriptor [C:\Users\Manuel\OneDrive\Documents\NetBeansProjects\Server\apache-tomcat-8.5.71\conf\Catalina\localhost\votacionesAndroid.xml] has finished in [109] ms
11-Oct-2021 10:10:40.398 INFORMACIÓN [localhost-startStop-1] org.apache.catalina.startup.HostConfig.deployDirectory Desplegando el directorio [C:\Users\Manuel\OneDrive\Documents\NetBeansProjects\Server\apache-tomcat-8.5.71\webapps\docs] de la aplicación web
11-Oct-2021 10:10:40.744 INFORMACIÓN [localhost-startStop-1] org.apache.catalina.startup.HostConfig.deployDirectory Deployment of web application directory [C:\Users\Manuel\OneDrive\Documents\NetBeansProjects\Server\apache-tomcat-8.5.71\webapps\docs] has finished in [346] ms
11-Oct-2021 10:10:40.744 INFORMACIÓN [localhost-startStop-1] org.apache.catalina.startup.HostConfig.deployDirectory Desplegando el directorio [C:\Users\Manuel\OneDrive\Documents\NetBeansProjects\Server\apache-tomcat-8.5.71\webapps\examples] de la aplicación web
11-Oct-2021 10:10:42.438 INFORMACIÓN [localhost-startStop-1] org.apache.catalina.startup.HostConfig.deployDirectory Deployment of web application directory [C:\Users\Manuel\OneDrive\Documents\NetBeansProjects\Server\apache-tomcat-8.5.71\webapps\examples] has finished in [1.694] ms
11-Oct-2021 10:10:42.438 INFORMACIÓN [localhost-startStop-1] org.apache.catalina.startup.HostConfig.deployDirectory Desplegando el directorio [C:\Users\Manuel\OneDrive\Documents\NetBeansProjects\Server\apache-tomcat-8.5.71\webapps\host-manager] de la aplicación web
11-Oct-2021 10:10:42.578 INFORMACIÓN [localhost-startStop-1] org.apache.catalina.startup.HostConfig.deployDirectory Deployment of web application directory [C:\Users\Manuel\OneDrive\Documents\NetBeansProjects\Server\apache-tomcat-8.5.71\webapps\host-manager] has finished in [140] ms
11-Oct-2021 10:10:42.578 INFORMACIÓN [localhost-startStop-1] org.apache.catalina.startup.HostConfig.deployDirectory Desplegando el directorio [C:\Users\Manuel\OneDrive\Documents\NetBeansProjects\Server\apache-tomcat-8.5.71\webapps\manager] de la aplicación web
11-Oct-2021 10:10:42.728 INFORMACIÓN [localhost-startStop-1] org.apache.catalina.startup.HostConfig.deployDirectory Deployment of web application directory [C:\Users\Manuel\OneDrive\Documents\NetBeansProjects\Server\apache-tomcat-8.5.71\webapps\manager] has finished in [150] ms
11-Oct-2021 10:10:42.728 INFORMACIÓN [localhost-startStop-1] org.apache.catalina.startup.HostConfig.deployDirectory Desplegando el directorio [C:\Users\Manuel\OneDrive\Documents\NetBeansProjects\Server\apache-tomcat-8.5.71\webapps\ROOT] de la aplicación web
11-Oct-2021 10:10:42.788 INFORMACIÓN [localhost-startStop-1] org.apache.catalina.startup.HostConfig.deployDirectory Deployment of web application directory [C:\Users\Manuel\OneDrive\Documents\NetBeansProjects\Server\apache-tomcat-8.5.71\webapps\ROOT] has finished in [60] ms
11-Oct-2021 10:10:42.798 INFORMACIÓN [main] org.apache.coyote.AbstractProtocol.start Starting ProtocolHandler ["http-nio-8080"]
11-Oct-2021 10:10:42.863 INFORMACIÓN [main] org.apache.catalina.startup.Catalina.start Server startup in 6418 ms
11-Oct-2021 12:05:54.490 INFORMACIÓN [main] org.apache.catalina.core.StandardServer.await Se ha recibido un comando de apagado a través del puerto de apagado. Parando la instancia del Servidor.
11-Oct-2021 12:05:54.490 INFORMACIÓN [main] org.apache.coyote.AbstractProtocol.pause Pausing ProtocolHandler ["http-nio-8080"]
11-Oct-2021 12:05:54.645 INFORMACIÓN [main] org.apache.catalina.core.StandardService.stopInternal Parando servicio [Catalina]
11-Oct-2021 12:05:54.737 ADVERTENCIA [localhost-startStop-2] org.apache.catalina.loader.WebappClassLoaderBase.clearReferencesJdbc La aplicación web [Prestaya] registró el conductor JDBC [org.postgresql.Driver] pero falló al anular el registro mientras la aplicación web estaba parada. Para prevenir un fallo de memoria, se ha anulado el registro del conductor JDBC por la fuerza.
11-Oct-2021 12:05:54.737 INFORMACIÓN [main] org.apache.coyote.AbstractProtocol.stop Stopping ProtocolHandler ["http-nio-8080"]
11-Oct-2021 12:05:54.753 INFORMACIÓN [main] org.apache.coyote.AbstractProtocol.destroy Destroying ProtocolHandler ["http-nio-8080"]
11-Oct-2021 12:10:40.746 INFORMACIÓN [main] org.apache.catalina.startup.VersionLoggerListener.log Nombre de la versión del servidor: Apache Tomcat/8.5.71
11-Oct-2021 12:10:40.746 INFORMACIÓN [main] org.apache.catalina.startup.VersionLoggerListener.log Server built:                      Sep 9 2021 18:43:14 UTC
11-Oct-2021 12:10:40.746 INFORMACIÓN [main] org.apache.catalina.startup.VersionLoggerListener.log Número de versión de servidor:     8.5.71.0
11-Oct-2021 12:10:40.746 INFORMACIÓN [main] org.apache.catalina.startup.VersionLoggerListener.log OS Name:                           Windows 10
11-Oct-2021 12:10:40.746 INFORMACIÓN [main] org.apache.catalina.startup.VersionLoggerListener.log Versión de Systema Operativo:      10.0
11-Oct-2021 12:10:40.746 INFORMACIÓN [main] org.apache.catalina.startup.VersionLoggerListener.log Arquitectura:                      amd64
11-Oct-2021 12:10:40.746 INFORMACIÓN [main] org.apache.catalina.startup.VersionLoggerListener.log Java Home:                         C:\Program Files\Java\jdk1.8.0_271\jre
11-Oct-2021 12:10:40.746 INFORMACIÓN [main] org.apache.catalina.startup.VersionLoggerListener.log JVM Version:                       1.8.0_271-b09
11-Oct-2021 12:10:40.746 INFORMACIÓN [main] org.apache.catalina.startup.VersionLoggerListener.log Vededor JVM:                       Oracle Corporation
11-Oct-2021 12:10:40.746 INFORMACIÓN [main] org.apache.catalina.startup.VersionLoggerListener.log CATALINA_BASE:                     C:\Users\Manuel\OneDrive\Documents\NetBeansProjects\Server\apache-tomcat-8.5.71
11-Oct-2021 12:10:40.746 INFORMACIÓN [main] org.apache.catalina.startup.VersionLoggerListener.log CATALINA_HOME:                     C:\Users\Manuel\OneDrive\Documents\NetBeansProjects\Server\apache-tomcat-8.5.71
11-Oct-2021 12:10:40.746 INFORMACIÓN [main] org.apache.catalina.startup.VersionLoggerListener.log Command line argument:             -Djava.util.logging.config.file=C:\Users\Manuel\OneDrive\Documents\NetBeansProjects\Server\apache-tomcat-8.5.71\conf\logging.properties
11-Oct-2021 12:10:40.746 INFORMACIÓN [main] org.apache.catalina.startup.VersionLoggerListener.log Command line argument:             -Djava.util.logging.manager=org.apache.juli.ClassLoaderLogManager
11-Oct-2021 12:10:40.746 INFORMACIÓN [main] org.apache.catalina.startup.VersionLoggerListener.log Command line argument:             -Dhttp.nonProxyHosts=localhost|127.0.0.1|LAPTOP-7MAH5C0M
11-Oct-2021 12:10:40.746 INFORMACIÓN [main] org.apache.catalina.startup.VersionLoggerListener.log Command line argument:             -Djdk.tls.ephemeralDHKeySize=2048
11-Oct-2021 12:10:40.746 INFORMACIÓN [main] org.apache.catalina.startup.VersionLoggerListener.log Command line argument:             -Djava.protocol.handler.pkgs=org.apache.catalina.webresources
11-Oct-2021 12:10:40.746 INFORMACIÓN [main] org.apache.catalina.startup.VersionLoggerListener.log Command line argument:             -Dignore.endorsed.dirs=
11-Oct-2021 12:10:40.746 INFORMACIÓN [main] org.apache.catalina.startup.VersionLoggerListener.log Command line argument:             -Dcatalina.base=C:\Users\Manuel\OneDrive\Documents\NetBeansProjects\Server\apache-tomcat-8.5.71
11-Oct-2021 12:10:40.746 INFORMACIÓN [main] org.apache.catalina.startup.VersionLoggerListener.log Command line argument:             -Dcatalina.home=C:\Users\Manuel\OneDrive\Documents\NetBeansProjects\Server\apache-tomcat-8.5.71
11-Oct-2021 12:10:40.746 INFORMACIÓN [main] org.apache.catalina.startup.VersionLoggerListener.log Command line argument:             -Djava.io.tmpdir=C:\Users\Manuel\OneDrive\Documents\NetBeansProjects\Server\apache-tomcat-8.5.71\temp
11-Oct-2021 12:10:40.746 INFORMACIÓN [main] org.apache.catalina.core.AprLifecycleListener.lifecycleEvent Cargada la biblioteca nativa APR de Apache Tomcat [1.2.31] con la versión APR [1.7.0].
11-Oct-2021 12:10:40.746 INFORMACIÓN [main] org.apache.catalina.core.AprLifecycleListener.lifecycleEvent Capacidades APR: IPv6 [true], enviar fichero [true], aceptar filtros [false], aleatorio [true].
11-Oct-2021 12:10:40.746 INFORMACIÓN [main] org.apache.catalina.core.AprLifecycleListener.lifecycleEvent APR/OpenSSL configuration: useAprConnector [false], useOpenSSL [true]
11-Oct-2021 12:10:40.778 INFORMACIÓN [main] org.apache.catalina.core.AprLifecycleListener.initializeSSL OpenSSL inicializado correctamente [OpenSSL 1.1.1l  24 Aug 2021]
11-Oct-2021 12:10:41.016 INFORMACIÓN [main] org.apache.coyote.AbstractProtocol.init Inicializando el manejador de protocolo ["http-nio-8080"]

11-Oct-2021 12:10:41.217 INFORMACIÓN [main] org.apache.tomcat.util.net.NioSelectorPool.getSharedSelector Using a shared selector for servlet write/read
11-Oct-2021 12:10:41.232 INFORMACIÓN [main] org.apache.catalina.startup.Catalina.load Initialization processed in 1141 ms
11-Oct-2021 12:10:41.295 INFORMACIÓN [main] org.apache.catalina.core.StandardService.startInternal Arrancando servicio [Catalina]
11-Oct-2021 12:10:41.295 INFORMACIÓN [main] org.apache.catalina.core.StandardEngine.startInternal Starting Servlet engine: [Apache Tomcat/8.5.71]
11-Oct-2021 12:10:41.301 INFORMACIÓN [localhost-startStop-1] org.apache.catalina.startup.HostConfig.deployDescriptor Desplieque del descriptor de configuración [C:\Users\Manuel\OneDrive\Documents\NetBeansProjects\Server\apache-tomcat-8.5.71\conf\Catalina\localhost\GastosFamiliares.xml]
11-Oct-2021 12:10:41.950 INFORMACIÓN [localhost-startStop-1] org.apache.jasper.servlet.TldScanner.scanJars Al menos un JAR, que se ha explorado buscando TLDs, aún no contenía TLDs. Activar historial de depuración para este historiador para una completa lista de los JARs que fueron explorados y de los que nos se halló TLDs. Saltarse JARs no necesarios durante la exploración puede dar lugar a una mejora de tiempo significativa en el arranque y compilación de JSP .
11-Oct-2021 12:10:42.019 INFORMACIÓN [localhost-startStop-1] org.apache.catalina.startup.HostConfig.deployDescriptor Deployment of deployment descriptor [C:\Users\Manuel\OneDrive\Documents\NetBeansProjects\Server\apache-tomcat-8.5.71\conf\Catalina\localhost\GastosFamiliares.xml] has finished in [718] ms
11-Oct-2021 12:10:42.019 INFORMACIÓN [localhost-startStop-1] org.apache.catalina.startup.HostConfig.deployDescriptor Desplieque del descriptor de configuración [C:\Users\Manuel\OneDrive\Documents\NetBeansProjects\Server\apache-tomcat-8.5.71\conf\Catalina\localhost\parqueaderoWeb2021.xml]
11-Oct-2021 12:10:42.351 INFORMACIÓN [localhost-startStop-1] org.apache.jasper.servlet.TldScanner.scanJars Al menos un JAR, que se ha explorado buscando TLDs, aún no contenía TLDs. Activar historial de depuración para este historiador para una completa lista de los JARs que fueron explorados y de los que nos se halló TLDs. Saltarse JARs no necesarios durante la exploración puede dar lugar a una mejora de tiempo significativa en el arranque y compilación de JSP .
11-Oct-2021 12:10:42.351 INFORMACIÓN [localhost-startStop-1] org.apache.catalina.startup.HostConfig.deployDescriptor Deployment of deployment descriptor [C:\Users\Manuel\OneDrive\Documents\NetBeansProjects\Server\apache-tomcat-8.5.71\conf\Catalina\localhost\parqueaderoWeb2021.xml] has finished in [332] ms
11-Oct-2021 12:10:42.351 INFORMACIÓN [localhost-startStop-1] org.apache.catalina.startup.HostConfig.deployDescriptor Desplieque del descriptor de configuración [C:\Users\Manuel\OneDrive\Documents\NetBeansProjects\Server\apache-tomcat-8.5.71\conf\Catalina\localhost\Prestaya.xml]
11-Oct-2021 12:10:42.552 INFORMACIÓN [localhost-startStop-1] org.apache.jasper.servlet.TldScanner.scanJars Al menos un JAR, que se ha explorado buscando TLDs, aún no contenía TLDs. Activar historial de depuración para este historiador para una completa lista de los JARs que fueron explorados y de los que nos se halló TLDs. Saltarse JARs no necesarios durante la exploración puede dar lugar a una mejora de tiempo significativa en el arranque y compilación de JSP .
11-Oct-2021 12:10:42.552 INFORMACIÓN [localhost-startStop-1] org.apache.catalina.startup.HostConfig.deployDescriptor Deployment of deployment descriptor [C:\Users\Manuel\OneDrive\Documents\NetBeansProjects\Server\apache-tomcat-8.5.71\conf\Catalina\localhost\Prestaya.xml] has finished in [201] ms
11-Oct-2021 12:10:42.552 INFORMACIÓN [localhost-startStop-1] org.apache.catalina.startup.HostConfig.deployDescriptor Desplieque del descriptor de configuración [C:\Users\Manuel\OneDrive\Documents\NetBeansProjects\Server\apache-tomcat-8.5.71\conf\Catalina\localhost\votacionesAndroid.xml]
11-Oct-2021 12:10:42.567 GRAVE [localhost-startStop-1] org.apache.catalina.core.ContainerBase.addChildInternal ContainerBase.addChild: start: 
	org.apache.catalina.LifecycleException: Failed to start component [org.apache.catalina.webresources.StandardRoot@1a98b4fb]
		at org.apache.catalina.util.LifecycleBase.handleSubClassException(LifecycleBase.java:440)
		at org.apache.catalina.util.LifecycleBase.start(LifecycleBase.java:198)
		at org.apache.catalina.core.StandardContext.resourcesStart(StandardContext.java:4880)
		at org.apache.catalina.core.StandardContext.startInternal(StandardContext.java:5018)
		at org.apache.catalina.util.LifecycleBase.start(LifecycleBase.java:183)
		at org.apache.catalina.core.ContainerBase.addChildInternal(ContainerBase.java:753)
		at org.apache.catalina.core.ContainerBase.addChild(ContainerBase.java:727)
		at org.apache.catalina.core.StandardHost.addChild(StandardHost.java:695)
		at org.apache.catalina.startup.HostConfig.deployDescriptor(HostConfig.java:673)
		at org.apache.catalina.startup.HostConfig$DeployDescriptor.run(HostConfig.java:1881)
		at java.util.concurrent.Executors$RunnableAdapter.call(Executors.java:511)
		at java.util.concurrent.FutureTask.run(FutureTask.java:266)
		at java.util.concurrent.ThreadPoolExecutor.runWorker(ThreadPoolExecutor.java:1149)
		at java.util.concurrent.ThreadPoolExecutor$Worker.run(ThreadPoolExecutor.java:624)
		at java.lang.Thread.run(Thread.java:748)
	Caused by: java.lang.IllegalArgumentException: The main resource set specified [C:\Users\Manuel\OneDrive\Documents\NetBeansProjects\votacionesAndroid\build\web] is not valid
		at org.apache.catalina.webresources.StandardRoot.createMainResourceSet(StandardRoot.java:747)
		at org.apache.catalina.webresources.StandardRoot.startInternal(StandardRoot.java:705)
		at org.apache.catalina.util.LifecycleBase.start(LifecycleBase.java:183)
		... 13 more
11-Oct-2021 12:10:42.567 GRAVE [localhost-startStop-1] org.apache.catalina.startup.HostConfig.deployDescriptor Error durante el despliegue del descriptor de configuración [C:\Users\Manuel\OneDrive\Documents\NetBeansProjects\Server\apache-tomcat-8.5.71\conf\Catalina\localhost\votacionesAndroid.xml]
	java.lang.IllegalStateException: Error starting child
		at org.apache.catalina.core.ContainerBase.addChildInternal(ContainerBase.java:757)
		at org.apache.catalina.core.ContainerBase.addChild(ContainerBase.java:727)
		at org.apache.catalina.core.StandardHost.addChild(StandardHost.java:695)
		at org.apache.catalina.startup.HostConfig.deployDescriptor(HostConfig.java:673)
		at org.apache.catalina.startup.HostConfig$DeployDescriptor.run(HostConfig.java:1881)
		at java.util.concurrent.Executors$RunnableAdapter.call(Executors.java:511)
		at java.util.concurrent.FutureTask.run(FutureTask.java:266)
		at java.util.concurrent.ThreadPoolExecutor.runWorker(ThreadPoolExecutor.java:1149)
		at java.util.concurrent.ThreadPoolExecutor$Worker.run(ThreadPoolExecutor.java:624)
		at java.lang.Thread.run(Thread.java:748)
	Caused by: org.apache.catalina.LifecycleException: Failed to start component [org.apache.catalina.webresources.StandardRoot@1a98b4fb]
		at org.apache.catalina.util.LifecycleBase.handleSubClassException(LifecycleBase.java:440)
		at org.apache.catalina.util.LifecycleBase.start(LifecycleBase.java:198)
		at org.apache.catalina.core.StandardContext.resourcesStart(StandardContext.java:4880)
		at org.apache.catalina.core.StandardContext.startInternal(StandardContext.java:5018)
		at org.apache.catalina.util.LifecycleBase.start(LifecycleBase.java:183)
		at org.apache.catalina.core.ContainerBase.addChildInternal(ContainerBase.java:753)
		... 9 more
	Caused by: java.lang.IllegalArgumentException: The main resource set specified [C:\Users\Manuel\OneDrive\Documents\NetBeansProjects\votacionesAndroid\build\web] is not valid
		at org.apache.catalina.webresources.StandardRoot.createMainResourceSet(StandardRoot.java:747)
		at org.apache.catalina.webresources.StandardRoot.startInternal(StandardRoot.java:705)
		at org.apache.catalina.util.LifecycleBase.start(LifecycleBase.java:183)
		... 13 more
11-Oct-2021 12:10:42.598 INFORMACIÓN [localhost-startStop-1] org.apache.catalina.startup.HostConfig.deployDescriptor Deployment of deployment descriptor [C:\Users\Manuel\OneDrive\Documents\NetBeansProjects\Server\apache-tomcat-8.5.71\conf\Catalina\localhost\votacionesAndroid.xml] has finished in [46] ms
11-Oct-2021 12:10:42.605 INFORMACIÓN [localhost-startStop-1] org.apache.catalina.startup.HostConfig.deployDirectory Desplegando el directorio [C:\Users\Manuel\OneDrive\Documents\NetBeansProjects\Server\apache-tomcat-8.5.71\webapps\docs] de la aplicación web
11-Oct-2021 12:10:42.652 INFORMACIÓN [localhost-startStop-1] org.apache.catalina.startup.HostConfig.deployDirectory Deployment of web application directory [C:\Users\Manuel\OneDrive\Documents\NetBeansProjects\Server\apache-tomcat-8.5.71\webapps\docs] has finished in [47] ms
11-Oct-2021 12:10:42.652 INFORMACIÓN [localhost-startStop-1] org.apache.catalina.startup.HostConfig.deployDirectory Desplegando el directorio [C:\Users\Manuel\OneDrive\Documents\NetBeansProjects\Server\apache-tomcat-8.5.71\webapps\examples] de la aplicación web
11-Oct-2021 12:10:43.304 INFORMACIÓN [localhost-startStop-1] org.apache.catalina.startup.HostConfig.deployDirectory Deployment of web application directory [C:\Users\Manuel\OneDrive\Documents\NetBeansProjects\Server\apache-tomcat-8.5.71\webapps\examples] has finished in [652] ms
11-Oct-2021 12:10:43.304 INFORMACIÓN [localhost-startStop-1] org.apache.catalina.startup.HostConfig.deployDirectory Desplegando el directorio [C:\Users\Manuel\OneDrive\Documents\NetBeansProjects\Server\apache-tomcat-8.5.71\webapps\host-manager] de la aplicación web
11-Oct-2021 12:10:43.335 INFORMACIÓN [localhost-startStop-1] org.apache.catalina.startup.HostConfig.deployDirectory Deployment of web application directory [C:\Users\Manuel\OneDrive\Documents\NetBeansProjects\Server\apache-tomcat-8.5.71\webapps\host-manager] has finished in [31] ms
11-Oct-2021 12:10:43.335 INFORMACIÓN [localhost-startStop-1] org.apache.catalina.startup.HostConfig.deployDirectory Desplegando el directorio [C:\Users\Manuel\OneDrive\Documents\NetBeansProjects\Server\apache-tomcat-8.5.71\webapps\manager] de la aplicación web
11-Oct-2021 12:10:43.389 INFORMACIÓN [localhost-startStop-1] org.apache.catalina.startup.HostConfig.deployDirectory Deployment of web application directory [C:\Users\Manuel\OneDrive\Documents\NetBeansProjects\Server\apache-tomcat-8.5.71\webapps\manager] has finished in [54] ms
11-Oct-2021 12:10:43.389 INFORMACIÓN [localhost-startStop-1] org.apache.catalina.startup.HostConfig.deployDirectory Desplegando el directorio [C:\Users\Manuel\OneDrive\Documents\NetBeansProjects\Server\apache-tomcat-8.5.71\webapps\ROOT] de la aplicación web
11-Oct-2021 12:10:43.420 INFORMACIÓN [localhost-startStop-1] org.apache.catalina.startup.HostConfig.deployDirectory Deployment of web application directory [C:\Users\Manuel\OneDrive\Documents\NetBeansProjects\Server\apache-tomcat-8.5.71\webapps\ROOT] has finished in [31] ms
11-Oct-2021 12:10:43.420 INFORMACIÓN [main] org.apache.coyote.AbstractProtocol.start Starting ProtocolHandler ["http-nio-8080"]
11-Oct-2021 12:10:43.436 INFORMACIÓN [main] org.apache.catalina.startup.Catalina.start Server startup in 2203 ms
11-Oct-2021 12:10:43.621 INFORMACIÓN [http-nio-8080-exec-5] org.apache.catalina.core.StandardContext.reload Ha comenzado la recarga de Contexto [/GastosFamiliares]
11-Oct-2021 12:10:43.874 INFORMACIÓN [http-nio-8080-exec-5] org.apache.jasper.servlet.TldScanner.scanJars Al menos un JAR, que se ha explorado buscando TLDs, aún no contenía TLDs. Activar historial de depuración para este historiador para una completa lista de los JARs que fueron explorados y de los que nos se halló TLDs. Saltarse JARs no necesarios durante la exploración puede dar lugar a una mejora de tiempo significativa en el arranque y compilación de JSP .
11-Oct-2021 12:10:43.890 INFORMACIÓN [http-nio-8080-exec-5] org.apache.catalina.core.StandardContext.reload Se ha completado la recarga de este Contexto
11-Oct-2021 12:10:58.316 INFORMACIÓN [main] org.apache.catalina.core.StandardServer.await Se ha recibido un comando de apagado a través del puerto de apagado. Parando la instancia del Servidor.
11-Oct-2021 12:10:58.316 INFORMACIÓN [main] org.apache.coyote.AbstractProtocol.pause Pausing ProtocolHandler ["http-nio-8080"]
11-Oct-2021 12:10:58.469 INFORMACIÓN [main] org.apache.catalina.core.StandardService.stopInternal Parando servicio [Catalina]
11-Oct-2021 12:10:58.511 INFORMACIÓN [main] org.apache.coyote.AbstractProtocol.stop Stopping ProtocolHandler ["http-nio-8080"]
11-Oct-2021 12:10:58.511 INFORMACIÓN [main] org.apache.coyote.AbstractProtocol.destroy Destroying ProtocolHandler ["http-nio-8080"]
11-Oct-2021 12:12:44.798 INFORMACIÓN [main] org.apache.catalina.startup.VersionLoggerListener.log Nombre de la versión del servidor: Apache Tomcat/8.5.71
11-Oct-2021 12:12:44.798 INFORMACIÓN [main] org.apache.catalina.startup.VersionLoggerListener.log Server built:                      Sep 9 2021 18:43:14 UTC
11-Oct-2021 12:12:44.798 INFORMACIÓN [main] org.apache.catalina.startup.VersionLoggerListener.log Número de versión de servidor:     8.5.71.0
11-Oct-2021 12:12:44.798 INFORMACIÓN [main] org.apache.catalina.startup.VersionLoggerListener.log OS Name:                           Windows 10
11-Oct-2021 12:12:44.798 INFORMACIÓN [main] org.apache.catalina.startup.VersionLoggerListener.log Versión de Systema Operativo:      10.0
11-Oct-2021 12:12:44.798 INFORMACIÓN [main] org.apache.catalina.startup.VersionLoggerListener.log Arquitectura:                      amd64
11-Oct-2021 12:12:44.798 INFORMACIÓN [main] org.apache.catalina.startup.VersionLoggerListener.log Java Home:                         C:\Program Files\Java\jdk1.8.0_271\jre
11-Oct-2021 12:12:44.798 INFORMACIÓN [main] org.apache.catalina.startup.VersionLoggerListener.log JVM Version:                       1.8.0_271-b09
11-Oct-2021 12:12:44.798 INFORMACIÓN [main] org.apache.catalina.startup.VersionLoggerListener.log Vededor JVM:                       Oracle Corporation
11-Oct-2021 12:12:44.798 INFORMACIÓN [main] org.apache.catalina.startup.VersionLoggerListener.log CATALINA_BASE:                     C:\Users\Manuel\OneDrive\Documents\NetBeansProjects\Server\apache-tomcat-8.5.71
11-Oct-2021 12:12:44.798 INFORMACIÓN [main] org.apache.catalina.startup.VersionLoggerListener.log CATALINA_HOME:                     C:\Users\Manuel\OneDrive\Documents\NetBeansProjects\Server\apache-tomcat-8.5.71
11-Oct-2021 12:12:44.798 INFORMACIÓN [main] org.apache.catalina.startup.VersionLoggerListener.log Command line argument:             -Djava.util.logging.config.file=C:\Users\Manuel\OneDrive\Documents\NetBeansProjects\Server\apache-tomcat-8.5.71\conf\logging.properties
11-Oct-2021 12:12:44.798 INFORMACIÓN [main] org.apache.catalina.startup.VersionLoggerListener.log Command line argument:             -Djava.util.logging.manager=org.apache.juli.ClassLoaderLogManager
11-Oct-2021 12:12:44.798 INFORMACIÓN [main] org.apache.catalina.startup.VersionLoggerListener.log Command line argument:             -Dhttp.nonProxyHosts=localhost|127.0.0.1|LAPTOP-7MAH5C0M
11-Oct-2021 12:12:44.798 INFORMACIÓN [main] org.apache.catalina.startup.VersionLoggerListener.log Command line argument:             -Djdk.tls.ephemeralDHKeySize=2048
11-Oct-2021 12:12:44.798 INFORMACIÓN [main] org.apache.catalina.startup.VersionLoggerListener.log Command line argument:             -Djava.protocol.handler.pkgs=org.apache.catalina.webresources
11-Oct-2021 12:12:44.798 INFORMACIÓN [main] org.apache.catalina.startup.VersionLoggerListener.log Command line argument:             -Dignore.endorsed.dirs=
11-Oct-2021 12:12:44.798 INFORMACIÓN [main] org.apache.catalina.startup.VersionLoggerListener.log Command line argument:             -Dcatalina.base=C:\Users\Manuel\OneDrive\Documents\NetBeansProjects\Server\apache-tomcat-8.5.71
11-Oct-2021 12:12:44.798 INFORMACIÓN [main] org.apache.catalina.startup.VersionLoggerListener.log Command line argument:             -Dcatalina.home=C:\Users\Manuel\OneDrive\Documents\NetBeansProjects\Server\apache-tomcat-8.5.71
11-Oct-2021 12:12:44.798 INFORMACIÓN [main] org.apache.catalina.startup.VersionLoggerListener.log Command line argument:             -Djava.io.tmpdir=C:\Users\Manuel\OneDrive\Documents\NetBeansProjects\Server\apache-tomcat-8.5.71\temp
11-Oct-2021 12:12:44.798 INFORMACIÓN [main] org.apache.catalina.core.AprLifecycleListener.lifecycleEvent Cargada la biblioteca nativa APR de Apache Tomcat [1.2.31] con la versión APR [1.7.0].
11-Oct-2021 12:12:44.798 INFORMACIÓN [main] org.apache.catalina.core.AprLifecycleListener.lifecycleEvent Capacidades APR: IPv6 [true], enviar fichero [true], aceptar filtros [false], aleatorio [true].
11-Oct-2021 12:12:44.798 INFORMACIÓN [main] org.apache.catalina.core.AprLifecycleListener.lifecycleEvent APR/OpenSSL configuration: useAprConnector [false], useOpenSSL [true]
11-Oct-2021 12:12:44.836 INFORMACIÓN [main] org.apache.catalina.core.AprLifecycleListener.initializeSSL OpenSSL inicializado correctamente [OpenSSL 1.1.1l  24 Aug 2021]
11-Oct-2021 12:12:45.036 INFORMACIÓN [main] org.apache.coyote.AbstractProtocol.init Inicializando el manejador de protocolo ["http-nio-8080"]

11-Oct-2021 12:12:45.231 INFORMACIÓN [main] org.apache.tomcat.util.net.NioSelectorPool.getSharedSelector Using a shared selector for servlet write/read
11-Oct-2021 12:12:45.236 INFORMACIÓN [main] org.apache.catalina.startup.Catalina.load Initialization processed in 1000 ms
11-Oct-2021 12:12:45.299 INFORMACIÓN [main] org.apache.catalina.core.StandardService.startInternal Arrancando servicio [Catalina]
11-Oct-2021 12:12:45.299 INFORMACIÓN [main] org.apache.catalina.core.StandardEngine.startInternal Starting Servlet engine: [Apache Tomcat/8.5.71]
11-Oct-2021 12:12:45.330 INFORMACIÓN [localhost-startStop-1] org.apache.catalina.startup.HostConfig.deployDescriptor Desplieque del descriptor de configuración [C:\Users\Manuel\OneDrive\Documents\NetBeansProjects\Server\apache-tomcat-8.5.71\conf\Catalina\localhost\GastosFamiliares.xml]
11-Oct-2021 12:12:46.011 INFORMACIÓN [localhost-startStop-1] org.apache.jasper.servlet.TldScanner.scanJars Al menos un JAR, que se ha explorado buscando TLDs, aún no contenía TLDs. Activar historial de depuración para este historiador para una completa lista de los JARs que fueron explorados y de los que nos se halló TLDs. Saltarse JARs no necesarios durante la exploración puede dar lugar a una mejora de tiempo significativa en el arranque y compilación de JSP .
11-Oct-2021 12:12:46.127 INFORMACIÓN [localhost-startStop-1] org.apache.catalina.startup.HostConfig.deployDescriptor Deployment of deployment descriptor [C:\Users\Manuel\OneDrive\Documents\NetBeansProjects\Server\apache-tomcat-8.5.71\conf\Catalina\localhost\GastosFamiliares.xml] has finished in [797] ms
11-Oct-2021 12:12:46.127 INFORMACIÓN [localhost-startStop-1] org.apache.catalina.startup.HostConfig.deployDescriptor Desplieque del descriptor de configuración [C:\Users\Manuel\OneDrive\Documents\NetBeansProjects\Server\apache-tomcat-8.5.71\conf\Catalina\localhost\parqueaderoWeb2021.xml]
11-Oct-2021 12:12:46.450 INFORMACIÓN [localhost-startStop-1] org.apache.jasper.servlet.TldScanner.scanJars Al menos un JAR, que se ha explorado buscando TLDs, aún no contenía TLDs. Activar historial de depuración para este historiador para una completa lista de los JARs que fueron explorados y de los que nos se halló TLDs. Saltarse JARs no necesarios durante la exploración puede dar lugar a una mejora de tiempo significativa en el arranque y compilación de JSP .
11-Oct-2021 12:12:46.450 INFORMACIÓN [localhost-startStop-1] org.apache.catalina.startup.HostConfig.deployDescriptor Deployment of deployment descriptor [C:\Users\Manuel\OneDrive\Documents\NetBeansProjects\Server\apache-tomcat-8.5.71\conf\Catalina\localhost\parqueaderoWeb2021.xml] has finished in [323] ms
11-Oct-2021 12:12:46.450 INFORMACIÓN [localhost-startStop-1] org.apache.catalina.startup.HostConfig.deployDescriptor Desplieque del descriptor de configuración [C:\Users\Manuel\OneDrive\Documents\NetBeansProjects\Server\apache-tomcat-8.5.71\conf\Catalina\localhost\Prestaya.xml]
11-Oct-2021 12:12:46.697 INFORMACIÓN [localhost-startStop-1] org.apache.jasper.servlet.TldScanner.scanJars Al menos un JAR, que se ha explorado buscando TLDs, aún no contenía TLDs. Activar historial de depuración para este historiador para una completa lista de los JARs que fueron explorados y de los que nos se halló TLDs. Saltarse JARs no necesarios durante la exploración puede dar lugar a una mejora de tiempo significativa en el arranque y compilación de JSP .
11-Oct-2021 12:12:46.697 INFORMACIÓN [localhost-startStop-1] org.apache.catalina.startup.HostConfig.deployDescriptor Deployment of deployment descriptor [C:\Users\Manuel\OneDrive\Documents\NetBeansProjects\Server\apache-tomcat-8.5.71\conf\Catalina\localhost\Prestaya.xml] has finished in [247] ms
11-Oct-2021 12:12:46.697 INFORMACIÓN [localhost-startStop-1] org.apache.catalina.startup.HostConfig.deployDescriptor Desplieque del descriptor de configuración [C:\Users\Manuel\OneDrive\Documents\NetBeansProjects\Server\apache-tomcat-8.5.71\conf\Catalina\localhost\votacionesAndroid.xml]
11-Oct-2021 12:12:46.697 GRAVE [localhost-startStop-1] org.apache.catalina.core.ContainerBase.addChildInternal ContainerBase.addChild: start: 
	org.apache.catalina.LifecycleException: Failed to start component [org.apache.catalina.webresources.StandardRoot@3d6da254]
		at org.apache.catalina.util.LifecycleBase.handleSubClassException(LifecycleBase.java:440)
		at org.apache.catalina.util.LifecycleBase.start(LifecycleBase.java:198)
		at org.apache.catalina.core.StandardContext.resourcesStart(StandardContext.java:4880)
		at org.apache.catalina.core.StandardContext.startInternal(StandardContext.java:5018)
		at org.apache.catalina.util.LifecycleBase.start(LifecycleBase.java:183)
		at org.apache.catalina.core.ContainerBase.addChildInternal(ContainerBase.java:753)
		at org.apache.catalina.core.ContainerBase.addChild(ContainerBase.java:727)
		at org.apache.catalina.core.StandardHost.addChild(StandardHost.java:695)
		at org.apache.catalina.startup.HostConfig.deployDescriptor(HostConfig.java:673)
		at org.apache.catalina.startup.HostConfig$DeployDescriptor.run(HostConfig.java:1881)
		at java.util.concurrent.Executors$RunnableAdapter.call(Executors.java:511)
		at java.util.concurrent.FutureTask.run(FutureTask.java:266)
		at java.util.concurrent.ThreadPoolExecutor.runWorker(ThreadPoolExecutor.java:1149)
		at java.util.concurrent.ThreadPoolExecutor$Worker.run(ThreadPoolExecutor.java:624)
		at java.lang.Thread.run(Thread.java:748)
	Caused by: java.lang.IllegalArgumentException: The main resource set specified [C:\Users\Manuel\OneDrive\Documents\NetBeansProjects\votacionesAndroid\build\web] is not valid
		at org.apache.catalina.webresources.StandardRoot.createMainResourceSet(StandardRoot.java:747)
		at org.apache.catalina.webresources.StandardRoot.startInternal(StandardRoot.java:705)
		at org.apache.catalina.util.LifecycleBase.start(LifecycleBase.java:183)
		... 13 more
11-Oct-2021 12:12:46.697 GRAVE [localhost-startStop-1] org.apache.catalina.startup.HostConfig.deployDescriptor Error durante el despliegue del descriptor de configuración [C:\Users\Manuel\OneDrive\Documents\NetBeansProjects\Server\apache-tomcat-8.5.71\conf\Catalina\localhost\votacionesAndroid.xml]
	java.lang.IllegalStateException: Error starting child
		at org.apache.catalina.core.ContainerBase.addChildInternal(ContainerBase.java:757)
		at org.apache.catalina.core.ContainerBase.addChild(ContainerBase.java:727)
		at org.apache.catalina.core.StandardHost.addChild(StandardHost.java:695)
		at org.apache.catalina.startup.HostConfig.deployDescriptor(HostConfig.java:673)
		at org.apache.catalina.startup.HostConfig$DeployDescriptor.run(HostConfig.java:1881)
		at java.util.concurrent.Executors$RunnableAdapter.call(Executors.java:511)
		at java.util.concurrent.FutureTask.run(FutureTask.java:266)
		at java.util.concurrent.ThreadPoolExecutor.runWorker(ThreadPoolExecutor.java:1149)
		at java.util.concurrent.ThreadPoolExecutor$Worker.run(ThreadPoolExecutor.java:624)
		at java.lang.Thread.run(Thread.java:748)
	Caused by: org.apache.catalina.LifecycleException: Failed to start component [org.apache.catalina.webresources.StandardRoot@3d6da254]
		at org.apache.catalina.util.LifecycleBase.handleSubClassException(LifecycleBase.java:440)
		at org.apache.catalina.util.LifecycleBase.start(LifecycleBase.java:198)
		at org.apache.catalina.core.StandardContext.resourcesStart(StandardContext.java:4880)
		at org.apache.catalina.core.StandardContext.startInternal(StandardContext.java:5018)
		at org.apache.catalina.util.LifecycleBase.start(LifecycleBase.java:183)
		at org.apache.catalina.core.ContainerBase.addChildInternal(ContainerBase.java:753)
		... 9 more
	Caused by: java.lang.IllegalArgumentException: The main resource set specified [C:\Users\Manuel\OneDrive\Documents\NetBeansProjects\votacionesAndroid\build\web] is not valid
		at org.apache.catalina.webresources.StandardRoot.createMainResourceSet(StandardRoot.java:747)
		at org.apache.catalina.webresources.StandardRoot.startInternal(StandardRoot.java:705)
		at org.apache.catalina.util.LifecycleBase.start(LifecycleBase.java:183)
		... 13 more
11-Oct-2021 12:12:46.728 INFORMACIÓN [localhost-startStop-1] org.apache.catalina.startup.HostConfig.deployDescriptor Deployment of deployment descriptor [C:\Users\Manuel\OneDrive\Documents\NetBeansProjects\Server\apache-tomcat-8.5.71\conf\Catalina\localhost\votacionesAndroid.xml] has finished in [31] ms
11-Oct-2021 12:12:46.728 INFORMACIÓN [localhost-startStop-1] org.apache.catalina.startup.HostConfig.deployDirectory Desplegando el directorio [C:\Users\Manuel\OneDrive\Documents\NetBeansProjects\Server\apache-tomcat-8.5.71\webapps\docs] de la aplicación web
11-Oct-2021 12:12:46.903 INFORMACIÓN [localhost-startStop-1] org.apache.catalina.startup.HostConfig.deployDirectory Deployment of web application directory [C:\Users\Manuel\OneDrive\Documents\NetBeansProjects\Server\apache-tomcat-8.5.71\webapps\docs] has finished in [175] ms
11-Oct-2021 12:12:46.903 INFORMACIÓN [localhost-startStop-1] org.apache.catalina.startup.HostConfig.deployDirectory Desplegando el directorio [C:\Users\Manuel\OneDrive\Documents\NetBeansProjects\Server\apache-tomcat-8.5.71\webapps\examples] de la aplicación web
11-Oct-2021 12:12:47.383 INFORMACIÓN [localhost-startStop-1] org.apache.catalina.startup.HostConfig.deployDirectory Deployment of web application directory [C:\Users\Manuel\OneDrive\Documents\NetBeansProjects\Server\apache-tomcat-8.5.71\webapps\examples] has finished in [480] ms
11-Oct-2021 12:12:47.383 INFORMACIÓN [localhost-startStop-1] org.apache.catalina.startup.HostConfig.deployDirectory Desplegando el directorio [C:\Users\Manuel\OneDrive\Documents\NetBeansProjects\Server\apache-tomcat-8.5.71\webapps\host-manager] de la aplicación web
11-Oct-2021 12:12:47.415 INFORMACIÓN [localhost-startStop-1] org.apache.catalina.startup.HostConfig.deployDirectory Deployment of web application directory [C:\Users\Manuel\OneDrive\Documents\NetBeansProjects\Server\apache-tomcat-8.5.71\webapps\host-manager] has finished in [32] ms
11-Oct-2021 12:12:47.415 INFORMACIÓN [localhost-startStop-1] org.apache.catalina.startup.HostConfig.deployDirectory Desplegando el directorio [C:\Users\Manuel\OneDrive\Documents\NetBeansProjects\Server\apache-tomcat-8.5.71\webapps\manager] de la aplicación web
11-Oct-2021 12:12:47.484 INFORMACIÓN [localhost-startStop-1] org.apache.catalina.startup.HostConfig.deployDirectory Deployment of web application directory [C:\Users\Manuel\OneDrive\Documents\NetBeansProjects\Server\apache-tomcat-8.5.71\webapps\manager] has finished in [69] ms
11-Oct-2021 12:12:47.484 INFORMACIÓN [localhost-startStop-1] org.apache.catalina.startup.HostConfig.deployDirectory Desplegando el directorio [C:\Users\Manuel\OneDrive\Documents\NetBeansProjects\Server\apache-tomcat-8.5.71\webapps\ROOT] de la aplicación web
11-Oct-2021 12:12:47.531 INFORMACIÓN [localhost-startStop-1] org.apache.catalina.startup.HostConfig.deployDirectory Deployment of web application directory [C:\Users\Manuel\OneDrive\Documents\NetBeansProjects\Server\apache-tomcat-8.5.71\webapps\ROOT] has finished in [47] ms
11-Oct-2021 12:12:47.531 INFORMACIÓN [main] org.apache.coyote.AbstractProtocol.start Starting ProtocolHandler ["http-nio-8080"]
11-Oct-2021 12:12:47.546 INFORMACIÓN [main] org.apache.catalina.startup.Catalina.start Server startup in 2305 ms
11-Oct-2021 12:12:52.996 INFORMACIÓN [http-nio-8080-exec-8] org.apache.catalina.core.StandardContext.reload Ha comenzado la recarga de Contexto [/Prestaya]
11-Oct-2021 12:12:53.213 INFORMACIÓN [http-nio-8080-exec-8] org.apache.jasper.servlet.TldScanner.scanJars Al menos un JAR, que se ha explorado buscando TLDs, aún no contenía TLDs. Activar historial de depuración para este historiador para una completa lista de los JARs que fueron explorados y de los que nos se halló TLDs. Saltarse JARs no necesarios durante la exploración puede dar lugar a una mejora de tiempo significativa en el arranque y compilación de JSP .
11-Oct-2021 12:12:53.213 INFORMACIÓN [http-nio-8080-exec-8] org.apache.catalina.core.StandardContext.reload Se ha completado la recarga de este Contexto
11-Oct-2021 12:15:32.351 INFORMACIÓN [http-nio-8080-exec-4] org.apache.catalina.core.StandardContext.reload Ha comenzado la recarga de Contexto [/Prestaya]
11-Oct-2021 12:15:32.367 ADVERTENCIA [http-nio-8080-exec-4] org.apache.catalina.loader.WebappClassLoaderBase.clearReferencesJdbc La aplicación web [Prestaya] registró el conductor JDBC [org.postgresql.Driver] pero falló al anular el registro mientras la aplicación web estaba parada. Para prevenir un fallo de memoria, se ha anulado el registro del conductor JDBC por la fuerza.
11-Oct-2021 12:15:32.903 INFORMACIÓN [http-nio-8080-exec-4] org.apache.jasper.servlet.TldScanner.scanJars Al menos un JAR, que se ha explorado buscando TLDs, aún no contenía TLDs. Activar historial de depuración para este historiador para una completa lista de los JARs que fueron explorados y de los que nos se halló TLDs. Saltarse JARs no necesarios durante la exploración puede dar lugar a una mejora de tiempo significativa en el arranque y compilación de JSP .
11-Oct-2021 12:15:32.908 INFORMACIÓN [http-nio-8080-exec-4] org.apache.catalina.core.StandardContext.reload Se ha completado la recarga de este Contexto
11-Oct-2021 12:15:32.935 INFORMACIÓN [http-nio-8080-exec-16] org.apache.catalina.core.StandardContext.reload Ha comenzado la recarga de Contexto [/Prestaya]
11-Oct-2021 12:15:33.348 INFORMACIÓN [http-nio-8080-exec-16] org.apache.jasper.servlet.TldScanner.scanJars Al menos un JAR, que se ha explorado buscando TLDs, aún no contenía TLDs. Activar historial de depuración para este historiador para una completa lista de los JARs que fueron explorados y de los que nos se halló TLDs. Saltarse JARs no necesarios durante la exploración puede dar lugar a una mejora de tiempo significativa en el arranque y compilación de JSP .
11-Oct-2021 12:15:33.416 INFORMACIÓN [http-nio-8080-exec-16] org.apache.catalina.core.StandardContext.reload Se ha completado la recarga de este Contexto
11-Oct-2021 12:31:29.391 INFORMACIÓN [http-nio-8080-exec-21] org.apache.catalina.core.StandardContext.reload Ha comenzado la recarga de Contexto [/Prestaya]
11-Oct-2021 12:31:29.391 ADVERTENCIA [http-nio-8080-exec-21] org.apache.catalina.loader.WebappClassLoaderBase.clearReferencesJdbc La aplicación web [Prestaya] registró el conductor JDBC [org.postgresql.Driver] pero falló al anular el registro mientras la aplicación web estaba parada. Para prevenir un fallo de memoria, se ha anulado el registro del conductor JDBC por la fuerza.
11-Oct-2021 12:31:30.150 INFORMACIÓN [http-nio-8080-exec-21] org.apache.jasper.servlet.TldScanner.scanJars Al menos un JAR, que se ha explorado buscando TLDs, aún no contenía TLDs. Activar historial de depuración para este historiador para una completa lista de los JARs que fueron explorados y de los que nos se halló TLDs. Saltarse JARs no necesarios durante la exploración puede dar lugar a una mejora de tiempo significativa en el arranque y compilación de JSP .
11-Oct-2021 12:31:30.202 INFORMACIÓN [http-nio-8080-exec-21] org.apache.catalina.core.StandardContext.reload Se ha completado la recarga de este Contexto
11-Oct-2021 12:31:30.229 INFORMACIÓN [http-nio-8080-exec-31] org.apache.catalina.core.StandardContext.reload Ha comenzado la recarga de Contexto [/Prestaya]
11-Oct-2021 12:31:30.705 INFORMACIÓN [http-nio-8080-exec-31] org.apache.jasper.servlet.TldScanner.scanJars Al menos un JAR, que se ha explorado buscando TLDs, aún no contenía TLDs. Activar historial de depuración para este historiador para una completa lista de los JARs que fueron explorados y de los que nos se halló TLDs. Saltarse JARs no necesarios durante la exploración puede dar lugar a una mejora de tiempo significativa en el arranque y compilación de JSP .
11-Oct-2021 12:31:30.735 INFORMACIÓN [http-nio-8080-exec-31] org.apache.catalina.core.StandardContext.reload Se ha completado la recarga de este Contexto
11-Oct-2021 12:42:39.732 INFORMACIÓN [main] org.apache.catalina.core.StandardServer.await Se ha recibido un comando de apagado a través del puerto de apagado. Parando la instancia del Servidor.
11-Oct-2021 12:42:39.732 INFORMACIÓN [main] org.apache.coyote.AbstractProtocol.pause Pausing ProtocolHandler ["http-nio-8080"]
11-Oct-2021 12:42:39.883 INFORMACIÓN [main] org.apache.catalina.core.StandardService.stopInternal Parando servicio [Catalina]
11-Oct-2021 12:42:39.915 ADVERTENCIA [localhost-startStop-2] org.apache.catalina.loader.WebappClassLoaderBase.clearReferencesJdbc La aplicación web [Prestaya] registró el conductor JDBC [org.postgresql.Driver] pero falló al anular el registro mientras la aplicación web estaba parada. Para prevenir un fallo de memoria, se ha anulado el registro del conductor JDBC por la fuerza.
11-Oct-2021 12:42:39.930 INFORMACIÓN [main] org.apache.coyote.AbstractProtocol.stop Stopping ProtocolHandler ["http-nio-8080"]
11-Oct-2021 12:42:39.930 INFORMACIÓN [main] org.apache.coyote.AbstractProtocol.destroy Destroying ProtocolHandler ["http-nio-8080"]
11-Oct-2021 12:43:36.391 INFORMACIÓN [main] org.apache.catalina.startup.VersionLoggerListener.log Nombre de la versión del servidor: Apache Tomcat/8.5.71
11-Oct-2021 12:43:36.400 INFORMACIÓN [main] org.apache.catalina.startup.VersionLoggerListener.log Server built:                      Sep 9 2021 18:43:14 UTC
11-Oct-2021 12:43:36.400 INFORMACIÓN [main] org.apache.catalina.startup.VersionLoggerListener.log Número de versión de servidor:     8.5.71.0
11-Oct-2021 12:43:36.400 INFORMACIÓN [main] org.apache.catalina.startup.VersionLoggerListener.log OS Name:                           Windows 10
11-Oct-2021 12:43:36.400 INFORMACIÓN [main] org.apache.catalina.startup.VersionLoggerListener.log Versión de Systema Operativo:      10.0
11-Oct-2021 12:43:36.400 INFORMACIÓN [main] org.apache.catalina.startup.VersionLoggerListener.log Arquitectura:                      amd64
11-Oct-2021 12:43:36.400 INFORMACIÓN [main] org.apache.catalina.startup.VersionLoggerListener.log Java Home:                         C:\Program Files\Java\jdk1.8.0_271\jre
11-Oct-2021 12:43:36.400 INFORMACIÓN [main] org.apache.catalina.startup.VersionLoggerListener.log JVM Version:                       1.8.0_271-b09
11-Oct-2021 12:43:36.400 INFORMACIÓN [main] org.apache.catalina.startup.VersionLoggerListener.log Vededor JVM:                       Oracle Corporation
11-Oct-2021 12:43:36.400 INFORMACIÓN [main] org.apache.catalina.startup.VersionLoggerListener.log CATALINA_BASE:                     C:\Users\Manuel\OneDrive\Documents\NetBeansProjects\Server\apache-tomcat-8.5.71
11-Oct-2021 12:43:36.401 INFORMACIÓN [main] org.apache.catalina.startup.VersionLoggerListener.log CATALINA_HOME:                     C:\Users\Manuel\OneDrive\Documents\NetBeansProjects\Server\apache-tomcat-8.5.71
11-Oct-2021 12:43:36.401 INFORMACIÓN [main] org.apache.catalina.startup.VersionLoggerListener.log Command line argument:             -Djava.util.logging.config.file=C:\Users\Manuel\OneDrive\Documents\NetBeansProjects\Server\apache-tomcat-8.5.71\conf\logging.properties
11-Oct-2021 12:43:36.401 INFORMACIÓN [main] org.apache.catalina.startup.VersionLoggerListener.log Command line argument:             -Djava.util.logging.manager=org.apache.juli.ClassLoaderLogManager
11-Oct-2021 12:43:36.401 INFORMACIÓN [main] org.apache.catalina.startup.VersionLoggerListener.log Command line argument:             -Dhttp.nonProxyHosts=localhost|127.0.0.1|LAPTOP-7MAH5C0M
11-Oct-2021 12:43:36.401 INFORMACIÓN [main] org.apache.catalina.startup.VersionLoggerListener.log Command line argument:             -Djdk.tls.ephemeralDHKeySize=2048
11-Oct-2021 12:43:36.401 INFORMACIÓN [main] org.apache.catalina.startup.VersionLoggerListener.log Command line argument:             -Djava.protocol.handler.pkgs=org.apache.catalina.webresources
11-Oct-2021 12:43:36.401 INFORMACIÓN [main] org.apache.catalina.startup.VersionLoggerListener.log Command line argument:             -Dignore.endorsed.dirs=
11-Oct-2021 12:43:36.401 INFORMACIÓN [main] org.apache.catalina.startup.VersionLoggerListener.log Command line argument:             -Dcatalina.base=C:\Users\Manuel\OneDrive\Documents\NetBeansProjects\Server\apache-tomcat-8.5.71
11-Oct-2021 12:43:36.402 INFORMACIÓN [main] org.apache.catalina.startup.VersionLoggerListener.log Command line argument:             -Dcatalina.home=C:\Users\Manuel\OneDrive\Documents\NetBeansProjects\Server\apache-tomcat-8.5.71
11-Oct-2021 12:43:36.402 INFORMACIÓN [main] org.apache.catalina.startup.VersionLoggerListener.log Command line argument:             -Djava.io.tmpdir=C:\Users\Manuel\OneDrive\Documents\NetBeansProjects\Server\apache-tomcat-8.5.71\temp
11-Oct-2021 12:43:36.402 INFORMACIÓN [main] org.apache.catalina.core.AprLifecycleListener.lifecycleEvent Cargada la biblioteca nativa APR de Apache Tomcat [1.2.31] con la versión APR [1.7.0].
11-Oct-2021 12:43:36.402 INFORMACIÓN [main] org.apache.catalina.core.AprLifecycleListener.lifecycleEvent Capacidades APR: IPv6 [true], enviar fichero [true], aceptar filtros [false], aleatorio [true].
11-Oct-2021 12:43:36.402 INFORMACIÓN [main] org.apache.catalina.core.AprLifecycleListener.lifecycleEvent APR/OpenSSL configuration: useAprConnector [false], useOpenSSL [true]
11-Oct-2021 12:43:36.523 INFORMACIÓN [main] org.apache.catalina.core.AprLifecycleListener.initializeSSL OpenSSL inicializado correctamente [OpenSSL 1.1.1l  24 Aug 2021]
11-Oct-2021 12:43:36.738 INFORMACIÓN [main] org.apache.coyote.AbstractProtocol.init Inicializando el manejador de protocolo ["http-nio-8080"]

11-Oct-2021 12:43:36.970 INFORMACIÓN [main] org.apache.tomcat.util.net.NioSelectorPool.getSharedSelector Using a shared selector for servlet write/read
11-Oct-2021 12:43:36.976 INFORMACIÓN [main] org.apache.catalina.startup.Catalina.load Initialization processed in 1319 ms
11-Oct-2021 12:43:37.039 INFORMACIÓN [main] org.apache.catalina.core.StandardService.startInternal Arrancando servicio [Catalina]
11-Oct-2021 12:43:37.039 INFORMACIÓN [main] org.apache.catalina.core.StandardEngine.startInternal Starting Servlet engine: [Apache Tomcat/8.5.71]
11-Oct-2021 12:43:37.055 INFORMACIÓN [localhost-startStop-1] org.apache.catalina.startup.HostConfig.deployDescriptor Desplieque del descriptor de configuración [C:\Users\Manuel\OneDrive\Documents\NetBeansProjects\Server\apache-tomcat-8.5.71\conf\Catalina\localhost\GastosFamiliares.xml]
11-Oct-2021 12:43:37.733 INFORMACIÓN [localhost-startStop-1] org.apache.jasper.servlet.TldScanner.scanJars Al menos un JAR, que se ha explorado buscando TLDs, aún no contenía TLDs. Activar historial de depuración para este historiador para una completa lista de los JARs que fueron explorados y de los que nos se halló TLDs. Saltarse JARs no necesarios durante la exploración puede dar lugar a una mejora de tiempo significativa en el arranque y compilación de JSP .
11-Oct-2021 12:43:37.787 INFORMACIÓN [localhost-startStop-1] org.apache.catalina.startup.HostConfig.deployDescriptor Deployment of deployment descriptor [C:\Users\Manuel\OneDrive\Documents\NetBeansProjects\Server\apache-tomcat-8.5.71\conf\Catalina\localhost\GastosFamiliares.xml] has finished in [732] ms
11-Oct-2021 12:43:37.787 INFORMACIÓN [localhost-startStop-1] org.apache.catalina.startup.HostConfig.deployDescriptor Desplieque del descriptor de configuración [C:\Users\Manuel\OneDrive\Documents\NetBeansProjects\Server\apache-tomcat-8.5.71\conf\Catalina\localhost\parqueaderoWeb2021.xml]
11-Oct-2021 12:43:38.156 INFORMACIÓN [localhost-startStop-1] org.apache.jasper.servlet.TldScanner.scanJars Al menos un JAR, que se ha explorado buscando TLDs, aún no contenía TLDs. Activar historial de depuración para este historiador para una completa lista de los JARs que fueron explorados y de los que nos se halló TLDs. Saltarse JARs no necesarios durante la exploración puede dar lugar a una mejora de tiempo significativa en el arranque y compilación de JSP .
11-Oct-2021 12:43:38.172 INFORMACIÓN [localhost-startStop-1] org.apache.catalina.startup.HostConfig.deployDescriptor Deployment of deployment descriptor [C:\Users\Manuel\OneDrive\Documents\NetBeansProjects\Server\apache-tomcat-8.5.71\conf\Catalina\localhost\parqueaderoWeb2021.xml] has finished in [385] ms
11-Oct-2021 12:43:38.172 INFORMACIÓN [localhost-startStop-1] org.apache.catalina.startup.HostConfig.deployDescriptor Desplieque del descriptor de configuración [C:\Users\Manuel\OneDrive\Documents\NetBeansProjects\Server\apache-tomcat-8.5.71\conf\Catalina\localhost\Prestaya.xml]
11-Oct-2021 12:43:38.373 INFORMACIÓN [localhost-startStop-1] org.apache.jasper.servlet.TldScanner.scanJars Al menos un JAR, que se ha explorado buscando TLDs, aún no contenía TLDs. Activar historial de depuración para este historiador para una completa lista de los JARs que fueron explorados y de los que nos se halló TLDs. Saltarse JARs no necesarios durante la exploración puede dar lugar a una mejora de tiempo significativa en el arranque y compilación de JSP .
11-Oct-2021 12:43:38.456 INFORMACIÓN [localhost-startStop-1] org.apache.catalina.startup.HostConfig.deployDescriptor Deployment of deployment descriptor [C:\Users\Manuel\OneDrive\Documents\NetBeansProjects\Server\apache-tomcat-8.5.71\conf\Catalina\localhost\Prestaya.xml] has finished in [284] ms
11-Oct-2021 12:43:38.456 INFORMACIÓN [localhost-startStop-1] org.apache.catalina.startup.HostConfig.deployDescriptor Desplieque del descriptor de configuración [C:\Users\Manuel\OneDrive\Documents\NetBeansProjects\Server\apache-tomcat-8.5.71\conf\Catalina\localhost\votacionesAndroid.xml]
11-Oct-2021 12:43:38.456 GRAVE [localhost-startStop-1] org.apache.catalina.core.ContainerBase.addChildInternal ContainerBase.addChild: start: 
	org.apache.catalina.LifecycleException: Failed to start component [org.apache.catalina.webresources.StandardRoot@3630807d]
		at org.apache.catalina.util.LifecycleBase.handleSubClassException(LifecycleBase.java:440)
		at org.apache.catalina.util.LifecycleBase.start(LifecycleBase.java:198)
		at org.apache.catalina.core.StandardContext.resourcesStart(StandardContext.java:4880)
		at org.apache.catalina.core.StandardContext.startInternal(StandardContext.java:5018)
		at org.apache.catalina.util.LifecycleBase.start(LifecycleBase.java:183)
		at org.apache.catalina.core.ContainerBase.addChildInternal(ContainerBase.java:753)
		at org.apache.catalina.core.ContainerBase.addChild(ContainerBase.java:727)
		at org.apache.catalina.core.StandardHost.addChild(StandardHost.java:695)
		at org.apache.catalina.startup.HostConfig.deployDescriptor(HostConfig.java:673)
		at org.apache.catalina.startup.HostConfig$DeployDescriptor.run(HostConfig.java:1881)
		at java.util.concurrent.Executors$RunnableAdapter.call(Executors.java:511)
		at java.util.concurrent.FutureTask.run(FutureTask.java:266)
		at java.util.concurrent.ThreadPoolExecutor.runWorker(ThreadPoolExecutor.java:1149)
		at java.util.concurrent.ThreadPoolExecutor$Worker.run(ThreadPoolExecutor.java:624)
		at java.lang.Thread.run(Thread.java:748)
	Caused by: java.lang.IllegalArgumentException: The main resource set specified [C:\Users\Manuel\OneDrive\Documents\NetBeansProjects\votacionesAndroid\build\web] is not valid
		at org.apache.catalina.webresources.StandardRoot.createMainResourceSet(StandardRoot.java:747)
		at org.apache.catalina.webresources.StandardRoot.startInternal(StandardRoot.java:705)
		at org.apache.catalina.util.LifecycleBase.start(LifecycleBase.java:183)
		... 13 more
11-Oct-2021 12:43:38.456 GRAVE [localhost-startStop-1] org.apache.catalina.startup.HostConfig.deployDescriptor Error durante el despliegue del descriptor de configuración [C:\Users\Manuel\OneDrive\Documents\NetBeansProjects\Server\apache-tomcat-8.5.71\conf\Catalina\localhost\votacionesAndroid.xml]
	java.lang.IllegalStateException: Error starting child
		at org.apache.catalina.core.ContainerBase.addChildInternal(ContainerBase.java:757)
		at org.apache.catalina.core.ContainerBase.addChild(ContainerBase.java:727)
		at org.apache.catalina.core.StandardHost.addChild(StandardHost.java:695)
		at org.apache.catalina.startup.HostConfig.deployDescriptor(HostConfig.java:673)
		at org.apache.catalina.startup.HostConfig$DeployDescriptor.run(HostConfig.java:1881)
		at java.util.concurrent.Executors$RunnableAdapter.call(Executors.java:511)
		at java.util.concurrent.FutureTask.run(FutureTask.java:266)
		at java.util.concurrent.ThreadPoolExecutor.runWorker(ThreadPoolExecutor.java:1149)
		at java.util.concurrent.ThreadPoolExecutor$Worker.run(ThreadPoolExecutor.java:624)
		at java.lang.Thread.run(Thread.java:748)
	Caused by: org.apache.catalina.LifecycleException: Failed to start component [org.apache.catalina.webresources.StandardRoot@3630807d]
		at org.apache.catalina.util.LifecycleBase.handleSubClassException(LifecycleBase.java:440)
		at org.apache.catalina.util.LifecycleBase.start(LifecycleBase.java:198)
		at org.apache.catalina.core.StandardContext.resourcesStart(StandardContext.java:4880)
		at org.apache.catalina.core.StandardContext.startInternal(StandardContext.java:5018)
		at org.apache.catalina.util.LifecycleBase.start(LifecycleBase.java:183)
		at org.apache.catalina.core.ContainerBase.addChildInternal(ContainerBase.java:753)
		... 9 more
	Caused by: java.lang.IllegalArgumentException: The main resource set specified [C:\Users\Manuel\OneDrive\Documents\NetBeansProjects\votacionesAndroid\build\web] is not valid
		at org.apache.catalina.webresources.StandardRoot.createMainResourceSet(StandardRoot.java:747)
		at org.apache.catalina.webresources.StandardRoot.startInternal(StandardRoot.java:705)
		at org.apache.catalina.util.LifecycleBase.start(LifecycleBase.java:183)
		... 13 more
11-Oct-2021 12:43:38.519 INFORMACIÓN [localhost-startStop-1] org.apache.catalina.startup.HostConfig.deployDescriptor Deployment of deployment descriptor [C:\Users\Manuel\OneDrive\Documents\NetBeansProjects\Server\apache-tomcat-8.5.71\conf\Catalina\localhost\votacionesAndroid.xml] has finished in [63] ms
11-Oct-2021 12:43:38.519 INFORMACIÓN [localhost-startStop-1] org.apache.catalina.startup.HostConfig.deployDirectory Desplegando el directorio [C:\Users\Manuel\OneDrive\Documents\NetBeansProjects\Server\apache-tomcat-8.5.71\webapps\docs] de la aplicación web
11-Oct-2021 12:43:38.572 INFORMACIÓN [localhost-startStop-1] org.apache.catalina.startup.HostConfig.deployDirectory Deployment of web application directory [C:\Users\Manuel\OneDrive\Documents\NetBeansProjects\Server\apache-tomcat-8.5.71\webapps\docs] has finished in [53] ms
11-Oct-2021 12:43:38.572 INFORMACIÓN [localhost-startStop-1] org.apache.catalina.startup.HostConfig.deployDirectory Desplegando el directorio [C:\Users\Manuel\OneDrive\Documents\NetBeansProjects\Server\apache-tomcat-8.5.71\webapps\examples] de la aplicación web
11-Oct-2021 12:43:39.177 INFORMACIÓN [localhost-startStop-1] org.apache.catalina.startup.HostConfig.deployDirectory Deployment of web application directory [C:\Users\Manuel\OneDrive\Documents\NetBeansProjects\Server\apache-tomcat-8.5.71\webapps\examples] has finished in [605] ms
11-Oct-2021 12:43:39.177 INFORMACIÓN [localhost-startStop-1] org.apache.catalina.startup.HostConfig.deployDirectory Desplegando el directorio [C:\Users\Manuel\OneDrive\Documents\NetBeansProjects\Server\apache-tomcat-8.5.71\webapps\host-manager] de la aplicación web
11-Oct-2021 12:43:39.223 INFORMACIÓN [localhost-startStop-1] org.apache.catalina.startup.HostConfig.deployDirectory Deployment of web application directory [C:\Users\Manuel\OneDrive\Documents\NetBeansProjects\Server\apache-tomcat-8.5.71\webapps\host-manager] has finished in [46] ms
11-Oct-2021 12:43:39.223 INFORMACIÓN [localhost-startStop-1] org.apache.catalina.startup.HostConfig.deployDirectory Desplegando el directorio [C:\Users\Manuel\OneDrive\Documents\NetBeansProjects\Server\apache-tomcat-8.5.71\webapps\manager] de la aplicación web
11-Oct-2021 12:43:39.254 INFORMACIÓN [localhost-startStop-1] org.apache.catalina.startup.HostConfig.deployDirectory Deployment of web application directory [C:\Users\Manuel\OneDrive\Documents\NetBeansProjects\Server\apache-tomcat-8.5.71\webapps\manager] has finished in [31] ms
11-Oct-2021 12:43:39.254 INFORMACIÓN [localhost-startStop-1] org.apache.catalina.startup.HostConfig.deployDirectory Desplegando el directorio [C:\Users\Manuel\OneDrive\Documents\NetBeansProjects\Server\apache-tomcat-8.5.71\webapps\ROOT] de la aplicación web
11-Oct-2021 12:43:39.285 INFORMACIÓN [localhost-startStop-1] org.apache.catalina.startup.HostConfig.deployDirectory Deployment of web application directory [C:\Users\Manuel\OneDrive\Documents\NetBeansProjects\Server\apache-tomcat-8.5.71\webapps\ROOT] has finished in [31] ms
11-Oct-2021 12:43:39.301 INFORMACIÓN [main] org.apache.coyote.AbstractProtocol.start Starting ProtocolHandler ["http-nio-8080"]
11-Oct-2021 12:43:39.301 INFORMACIÓN [main] org.apache.catalina.startup.Catalina.start Server startup in 2328 ms
11-Oct-2021 13:08:01.987 INFORMACIÓN [http-nio-8080-exec-2] org.apache.catalina.core.StandardContext.reload Ha comenzado la recarga de Contexto [/Prestaya]
11-Oct-2021 13:08:02.009 ADVERTENCIA [http-nio-8080-exec-2] org.apache.catalina.loader.WebappClassLoaderBase.clearReferencesJdbc La aplicación web [Prestaya] registró el conductor JDBC [org.postgresql.Driver] pero falló al anular el registro mientras la aplicación web estaba parada. Para prevenir un fallo de memoria, se ha anulado el registro del conductor JDBC por la fuerza.
11-Oct-2021 13:08:02.418 INFORMACIÓN [http-nio-8080-exec-2] org.apache.jasper.servlet.TldScanner.scanJars Al menos un JAR, que se ha explorado buscando TLDs, aún no contenía TLDs. Activar historial de depuración para este historiador para una completa lista de los JARs que fueron explorados y de los que nos se halló TLDs. Saltarse JARs no necesarios durante la exploración puede dar lugar a una mejora de tiempo significativa en el arranque y compilación de JSP .
11-Oct-2021 13:08:02.418 INFORMACIÓN [http-nio-8080-exec-2] org.apache.catalina.core.StandardContext.reload Se ha completado la recarga de este Contexto
11-Oct-2021 13:08:02.426 INFORMACIÓN [http-nio-8080-exec-10] org.apache.catalina.core.StandardContext.reload Ha comenzado la recarga de Contexto [/Prestaya]
11-Oct-2021 13:08:02.637 INFORMACIÓN [http-nio-8080-exec-10] org.apache.jasper.servlet.TldScanner.scanJars Al menos un JAR, que se ha explorado buscando TLDs, aún no contenía TLDs. Activar historial de depuración para este historiador para una completa lista de los JARs que fueron explorados y de los que nos se halló TLDs. Saltarse JARs no necesarios durante la exploración puede dar lugar a una mejora de tiempo significativa en el arranque y compilación de JSP .
11-Oct-2021 13:08:02.637 INFORMACIÓN [http-nio-8080-exec-10] org.apache.catalina.core.StandardContext.reload Se ha completado la recarga de este Contexto
11-Oct-2021 13:09:02.231 INFORMACIÓN [http-nio-8080-exec-17] org.apache.catalina.core.StandardContext.reload Ha comenzado la recarga de Contexto [/GastosFamiliares]
11-Oct-2021 13:09:02.632 INFORMACIÓN [http-nio-8080-exec-17] org.apache.jasper.servlet.TldScanner.scanJars Al menos un JAR, que se ha explorado buscando TLDs, aún no contenía TLDs. Activar historial de depuración para este historiador para una completa lista de los JARs que fueron explorados y de los que nos se halló TLDs. Saltarse JARs no necesarios durante la exploración puede dar lugar a una mejora de tiempo significativa en el arranque y compilación de JSP .
11-Oct-2021 13:09:02.632 INFORMACIÓN [http-nio-8080-exec-17] org.apache.catalina.core.StandardContext.reload Se ha completado la recarga de este Contexto
11-Oct-2021 13:09:02.970 INFORMACIÓN [http-nio-8080-exec-14] org.apache.catalina.core.StandardContext.reload Ha comenzado la recarga de Contexto [/GastosFamiliares]
11-Oct-2021 13:09:03.150 INFORMACIÓN [http-nio-8080-exec-14] org.apache.jasper.servlet.TldScanner.scanJars Al menos un JAR, que se ha explorado buscando TLDs, aún no contenía TLDs. Activar historial de depuración para este historiador para una completa lista de los JARs que fueron explorados y de los que nos se halló TLDs. Saltarse JARs no necesarios durante la exploración puede dar lugar a una mejora de tiempo significativa en el arranque y compilación de JSP .
11-Oct-2021 13:09:03.150 INFORMACIÓN [http-nio-8080-exec-14] org.apache.catalina.core.StandardContext.reload Se ha completado la recarga de este Contexto
11-Oct-2021 13:12:53.145 INFORMACIÓN [http-nio-8080-exec-20] org.apache.catalina.core.StandardContext.reload Ha comenzado la recarga de Contexto [/Prestaya]
11-Oct-2021 13:12:53.161 ADVERTENCIA [http-nio-8080-exec-20] org.apache.catalina.loader.WebappClassLoaderBase.clearReferencesJdbc La aplicación web [Prestaya] registró el conductor JDBC [org.postgresql.Driver] pero falló al anular el registro mientras la aplicación web estaba parada. Para prevenir un fallo de memoria, se ha anulado el registro del conductor JDBC por la fuerza.
11-Oct-2021 13:12:53.592 INFORMACIÓN [http-nio-8080-exec-20] org.apache.jasper.servlet.TldScanner.scanJars Al menos un JAR, que se ha explorado buscando TLDs, aún no contenía TLDs. Activar historial de depuración para este historiador para una completa lista de los JARs que fueron explorados y de los que nos se halló TLDs. Saltarse JARs no necesarios durante la exploración puede dar lugar a una mejora de tiempo significativa en el arranque y compilación de JSP .
11-Oct-2021 13:12:53.600 INFORMACIÓN [http-nio-8080-exec-20] org.apache.catalina.core.StandardContext.reload Se ha completado la recarga de este Contexto
11-Oct-2021 13:12:53.602 INFORMACIÓN [http-nio-8080-exec-16] org.apache.catalina.core.StandardContext.reload Ha comenzado la recarga de Contexto [/Prestaya]
11-Oct-2021 13:12:53.914 INFORMACIÓN [http-nio-8080-exec-16] org.apache.jasper.servlet.TldScanner.scanJars Al menos un JAR, que se ha explorado buscando TLDs, aún no contenía TLDs. Activar historial de depuración para este historiador para una completa lista de los JARs que fueron explorados y de los que nos se halló TLDs. Saltarse JARs no necesarios durante la exploración puede dar lugar a una mejora de tiempo significativa en el arranque y compilación de JSP .
11-Oct-2021 13:12:53.924 INFORMACIÓN [http-nio-8080-exec-16] org.apache.catalina.core.StandardContext.reload Se ha completado la recarga de este Contexto
11-Oct-2021 19:16:05.486 INFORMACIÓN [main] org.apache.catalina.core.StandardServer.await Se ha recibido un comando de apagado a través del puerto de apagado. Parando la instancia del Servidor.
11-Oct-2021 19:16:05.486 INFORMACIÓN [main] org.apache.coyote.AbstractProtocol.pause Pausing ProtocolHandler ["http-nio-8080"]
11-Oct-2021 19:16:05.660 INFORMACIÓN [main] org.apache.catalina.core.StandardService.stopInternal Parando servicio [Catalina]
11-Oct-2021 19:16:05.747 ADVERTENCIA [localhost-startStop-2] org.apache.catalina.loader.WebappClassLoaderBase.clearReferencesJdbc La aplicación web [Prestaya] registró el conductor JDBC [org.postgresql.Driver] pero falló al anular el registro mientras la aplicación web estaba parada. Para prevenir un fallo de memoria, se ha anulado el registro del conductor JDBC por la fuerza.
11-Oct-2021 19:16:05.753 INFORMACIÓN [main] org.apache.coyote.AbstractProtocol.stop Stopping ProtocolHandler ["http-nio-8080"]
11-Oct-2021 19:16:05.761 INFORMACIÓN [main] org.apache.coyote.AbstractProtocol.destroy Destroying ProtocolHandler ["http-nio-8080"]
