05-Oct-2021 09:19:42.449 INFORMACIÓN [main] org.apache.catalina.startup.VersionLoggerListener.log Nombre de la versión del servidor: Apache Tomcat/8.5.71
05-Oct-2021 09:19:42.454 INFORMACIÓN [main] org.apache.catalina.startup.VersionLoggerListener.log Server built:                      Sep 9 2021 18:43:14 UTC
05-Oct-2021 09:19:42.454 INFORMACIÓN [main] org.apache.catalina.startup.VersionLoggerListener.log Número de versión de servidor:     8.5.71.0
05-Oct-2021 09:19:42.454 INFORMACIÓN [main] org.apache.catalina.startup.VersionLoggerListener.log OS Name:                           Windows 10
05-Oct-2021 09:19:42.455 INFORMACIÓN [main] org.apache.catalina.startup.VersionLoggerListener.log Versión de Systema Operativo:      10.0
05-Oct-2021 09:19:42.455 INFORMACIÓN [main] org.apache.catalina.startup.VersionLoggerListener.log Arquitectura:                      amd64
05-Oct-2021 09:19:42.455 INFORMACIÓN [main] org.apache.catalina.startup.VersionLoggerListener.log Java Home:                         C:\Program Files\Java\jdk1.8.0_271\jre
05-Oct-2021 09:19:42.455 INFORMACIÓN [main] org.apache.catalina.startup.VersionLoggerListener.log JVM Version:                       1.8.0_271-b09
05-Oct-2021 09:19:42.455 INFORMACIÓN [main] org.apache.catalina.startup.VersionLoggerListener.log Vededor JVM:                       Oracle Corporation
05-Oct-2021 09:19:42.455 INFORMACIÓN [main] org.apache.catalina.startup.VersionLoggerListener.log CATALINA_BASE:                     C:\Users\Manuel\OneDrive\Documents\NetBeansProjects\Server\apache-tomcat-8.5.71
05-Oct-2021 09:19:42.455 INFORMACIÓN [main] org.apache.catalina.startup.VersionLoggerListener.log CATALINA_HOME:                     C:\Users\Manuel\OneDrive\Documents\NetBeansProjects\Server\apache-tomcat-8.5.71
05-Oct-2021 09:19:42.455 INFORMACIÓN [main] org.apache.catalina.startup.VersionLoggerListener.log Command line argument:             -Djava.util.logging.config.file=C:\Users\Manuel\OneDrive\Documents\NetBeansProjects\Server\apache-tomcat-8.5.71\conf\logging.properties
05-Oct-2021 09:19:42.456 INFORMACIÓN [main] org.apache.catalina.startup.VersionLoggerListener.log Command line argument:             -Djava.util.logging.manager=org.apache.juli.ClassLoaderLogManager
05-Oct-2021 09:19:42.456 INFORMACIÓN [main] org.apache.catalina.startup.VersionLoggerListener.log Command line argument:             -Dhttp.nonProxyHosts=localhost|127.0.0.1|LAPTOP-7MAH5C0M
05-Oct-2021 09:19:42.456 INFORMACIÓN [main] org.apache.catalina.startup.VersionLoggerListener.log Command line argument:             -Djdk.tls.ephemeralDHKeySize=2048
05-Oct-2021 09:19:42.456 INFORMACIÓN [main] org.apache.catalina.startup.VersionLoggerListener.log Command line argument:             -Djava.protocol.handler.pkgs=org.apache.catalina.webresources
05-Oct-2021 09:19:42.456 INFORMACIÓN [main] org.apache.catalina.startup.VersionLoggerListener.log Command line argument:             -Dignore.endorsed.dirs=
05-Oct-2021 09:19:42.456 INFORMACIÓN [main] org.apache.catalina.startup.VersionLoggerListener.log Command line argument:             -Dcatalina.base=C:\Users\Manuel\OneDrive\Documents\NetBeansProjects\Server\apache-tomcat-8.5.71
05-Oct-2021 09:19:42.456 INFORMACIÓN [main] org.apache.catalina.startup.VersionLoggerListener.log Command line argument:             -Dcatalina.home=C:\Users\Manuel\OneDrive\Documents\NetBeansProjects\Server\apache-tomcat-8.5.71
05-Oct-2021 09:19:42.456 INFORMACIÓN [main] org.apache.catalina.startup.VersionLoggerListener.log Command line argument:             -Djava.io.tmpdir=C:\Users\Manuel\OneDrive\Documents\NetBeansProjects\Server\apache-tomcat-8.5.71\temp
05-Oct-2021 09:19:42.457 INFORMACIÓN [main] org.apache.catalina.core.AprLifecycleListener.lifecycleEvent Cargada la biblioteca nativa APR de Apache Tomcat [1.2.31] con la versión APR [1.7.0].
05-Oct-2021 09:19:42.457 INFORMACIÓN [main] org.apache.catalina.core.AprLifecycleListener.lifecycleEvent Capacidades APR: IPv6 [true], enviar fichero [true], aceptar filtros [false], aleatorio [true].
05-Oct-2021 09:19:42.457 INFORMACIÓN [main] org.apache.catalina.core.AprLifecycleListener.lifecycleEvent APR/OpenSSL configuration: useAprConnector [false], useOpenSSL [true]
05-Oct-2021 09:19:42.513 INFORMACIÓN [main] org.apache.catalina.core.AprLifecycleListener.initializeSSL OpenSSL inicializado correctamente [OpenSSL 1.1.1l  24 Aug 2021]
05-Oct-2021 09:19:42.829 INFORMACIÓN [main] org.apache.coyote.AbstractProtocol.init Inicializando el manejador de protocolo ["http-nio-8080"]

05-Oct-2021 09:19:43.052 INFORMACIÓN [main] org.apache.tomcat.util.net.NioSelectorPool.getSharedSelector Using a shared selector for servlet write/read
05-Oct-2021 09:19:43.109 INFORMACIÓN [main] org.apache.catalina.startup.Catalina.load Initialization processed in 1278 ms
05-Oct-2021 09:19:43.200 INFORMACIÓN [main] org.apache.catalina.core.StandardService.startInternal Arrancando servicio [Catalina]
05-Oct-2021 09:19:43.200 INFORMACIÓN [main] org.apache.catalina.core.StandardEngine.startInternal Starting Servlet engine: [Apache Tomcat/8.5.71]
05-Oct-2021 09:19:43.214 INFORMACIÓN [localhost-startStop-1] org.apache.catalina.startup.HostConfig.deployDescriptor Desplieque del descriptor de configuración [C:\Users\Manuel\OneDrive\Documents\NetBeansProjects\Server\apache-tomcat-8.5.71\conf\Catalina\localhost\GastosFamiliares.xml]
05-Oct-2021 09:19:43.958 INFORMACIÓN [localhost-startStop-1] org.apache.jasper.servlet.TldScanner.scanJars Al menos un JAR, que se ha explorado buscando TLDs, aún no contenía TLDs. Activar historial de depuración para este historiador para una completa lista de los JARs que fueron explorados y de los que nos se halló TLDs. Saltarse JARs no necesarios durante la exploración puede dar lugar a una mejora de tiempo significativa en el arranque y compilación de JSP .
05-Oct-2021 09:19:44.177 INFORMACIÓN [localhost-startStop-1] org.apache.catalina.startup.HostConfig.deployDescriptor Deployment of deployment descriptor [C:\Users\Manuel\OneDrive\Documents\NetBeansProjects\Server\apache-tomcat-8.5.71\conf\Catalina\localhost\GastosFamiliares.xml] has finished in [961] ms
05-Oct-2021 09:19:44.178 INFORMACIÓN [localhost-startStop-1] org.apache.catalina.startup.HostConfig.deployDescriptor Desplieque del descriptor de configuración [C:\Users\Manuel\OneDrive\Documents\NetBeansProjects\Server\apache-tomcat-8.5.71\conf\Catalina\localhost\parqueaderoWeb2021.xml]
05-Oct-2021 09:19:44.597 INFORMACIÓN [localhost-startStop-1] org.apache.jasper.servlet.TldScanner.scanJars Al menos un JAR, que se ha explorado buscando TLDs, aún no contenía TLDs. Activar historial de depuración para este historiador para una completa lista de los JARs que fueron explorados y de los que nos se halló TLDs. Saltarse JARs no necesarios durante la exploración puede dar lugar a una mejora de tiempo significativa en el arranque y compilación de JSP .
05-Oct-2021 09:19:44.601 INFORMACIÓN [localhost-startStop-1] org.apache.catalina.startup.HostConfig.deployDescriptor Deployment of deployment descriptor [C:\Users\Manuel\OneDrive\Documents\NetBeansProjects\Server\apache-tomcat-8.5.71\conf\Catalina\localhost\parqueaderoWeb2021.xml] has finished in [423] ms
05-Oct-2021 09:19:44.601 INFORMACIÓN [localhost-startStop-1] org.apache.catalina.startup.HostConfig.deployDescriptor Desplieque del descriptor de configuración [C:\Users\Manuel\OneDrive\Documents\NetBeansProjects\Server\apache-tomcat-8.5.71\conf\Catalina\localhost\votacionesAndroid.xml]
05-Oct-2021 09:19:44.608 GRAVE [localhost-startStop-1] org.apache.catalina.core.ContainerBase.addChildInternal ContainerBase.addChild: start: 
	org.apache.catalina.LifecycleException: Failed to start component [org.apache.catalina.webresources.StandardRoot@26ebbb36]
		at org.apache.catalina.util.LifecycleBase.handleSubClassException(LifecycleBase.java:440)
		at org.apache.catalina.util.LifecycleBase.start(LifecycleBase.java:198)
		at org.apache.catalina.core.StandardContext.resourcesStart(StandardContext.java:4880)
		at org.apache.catalina.core.StandardContext.startInternal(StandardContext.java:5018)
		at org.apache.catalina.util.LifecycleBase.start(LifecycleBase.java:183)
		at org.apache.catalina.core.ContainerBase.addChildInternal(ContainerBase.java:753)
		at org.apache.catalina.core.ContainerBase.addChild(ContainerBase.java:727)
		at org.apache.catalina.core.StandardHost.addChild(StandardHost.java:695)
		at org.apache.catalina.startup.HostConfig.deployDescriptor(HostConfig.java:673)
		at org.apache.catalina.startup.HostConfig$DeployDescriptor.run(HostConfig.java:1881)
		at java.util.concurrent.Executors$RunnableAdapter.call(Executors.java:511)
		at java.util.concurrent.FutureTask.run(FutureTask.java:266)
		at java.util.concurrent.ThreadPoolExecutor.runWorker(ThreadPoolExecutor.java:1149)
		at java.util.concurrent.ThreadPoolExecutor$Worker.run(ThreadPoolExecutor.java:624)
		at java.lang.Thread.run(Thread.java:748)
	Caused by: java.lang.IllegalArgumentException: The main resource set specified [C:\Users\Manuel\OneDrive\Documents\NetBeansProjects\votacionesAndroid\build\web] is not valid
		at org.apache.catalina.webresources.StandardRoot.createMainResourceSet(StandardRoot.java:747)
		at org.apache.catalina.webresources.StandardRoot.startInternal(StandardRoot.java:705)
		at org.apache.catalina.util.LifecycleBase.start(LifecycleBase.java:183)
		... 13 more
05-Oct-2021 09:19:44.609 GRAVE [localhost-startStop-1] org.apache.catalina.startup.HostConfig.deployDescriptor Error durante el despliegue del descriptor de configuración [C:\Users\Manuel\OneDrive\Documents\NetBeansProjects\Server\apache-tomcat-8.5.71\conf\Catalina\localhost\votacionesAndroid.xml]
	java.lang.IllegalStateException: Error starting child
		at org.apache.catalina.core.ContainerBase.addChildInternal(ContainerBase.java:757)
		at org.apache.catalina.core.ContainerBase.addChild(ContainerBase.java:727)
		at org.apache.catalina.core.StandardHost.addChild(StandardHost.java:695)
		at org.apache.catalina.startup.HostConfig.deployDescriptor(HostConfig.java:673)
		at org.apache.catalina.startup.HostConfig$DeployDescriptor.run(HostConfig.java:1881)
		at java.util.concurrent.Executors$RunnableAdapter.call(Executors.java:511)
		at java.util.concurrent.FutureTask.run(FutureTask.java:266)
		at java.util.concurrent.ThreadPoolExecutor.runWorker(ThreadPoolExecutor.java:1149)
		at java.util.concurrent.ThreadPoolExecutor$Worker.run(ThreadPoolExecutor.java:624)
		at java.lang.Thread.run(Thread.java:748)
	Caused by: org.apache.catalina.LifecycleException: Failed to start component [org.apache.catalina.webresources.StandardRoot@26ebbb36]
		at org.apache.catalina.util.LifecycleBase.handleSubClassException(LifecycleBase.java:440)
		at org.apache.catalina.util.LifecycleBase.start(LifecycleBase.java:198)
		at org.apache.catalina.core.StandardContext.resourcesStart(StandardContext.java:4880)
		at org.apache.catalina.core.StandardContext.startInternal(StandardContext.java:5018)
		at org.apache.catalina.util.LifecycleBase.start(LifecycleBase.java:183)
		at org.apache.catalina.core.ContainerBase.addChildInternal(ContainerBase.java:753)
		... 9 more
	Caused by: java.lang.IllegalArgumentException: The main resource set specified [C:\Users\Manuel\OneDrive\Documents\NetBeansProjects\votacionesAndroid\build\web] is not valid
		at org.apache.catalina.webresources.StandardRoot.createMainResourceSet(StandardRoot.java:747)
		at org.apache.catalina.webresources.StandardRoot.startInternal(StandardRoot.java:705)
		at org.apache.catalina.util.LifecycleBase.start(LifecycleBase.java:183)
		... 13 more
05-Oct-2021 09:19:44.612 INFORMACIÓN [localhost-startStop-1] org.apache.catalina.startup.HostConfig.deployDescriptor Deployment of deployment descriptor [C:\Users\Manuel\OneDrive\Documents\NetBeansProjects\Server\apache-tomcat-8.5.71\conf\Catalina\localhost\votacionesAndroid.xml] has finished in [11] ms
05-Oct-2021 09:19:44.614 INFORMACIÓN [localhost-startStop-1] org.apache.catalina.startup.HostConfig.deployDirectory Desplegando el directorio [C:\Users\Manuel\OneDrive\Documents\NetBeansProjects\Server\apache-tomcat-8.5.71\webapps\docs] de la aplicación web
05-Oct-2021 09:19:44.704 INFORMACIÓN [localhost-startStop-1] org.apache.catalina.startup.HostConfig.deployDirectory Deployment of web application directory [C:\Users\Manuel\OneDrive\Documents\NetBeansProjects\Server\apache-tomcat-8.5.71\webapps\docs] has finished in [91] ms
05-Oct-2021 09:19:44.705 INFORMACIÓN [localhost-startStop-1] org.apache.catalina.startup.HostConfig.deployDirectory Desplegando el directorio [C:\Users\Manuel\OneDrive\Documents\NetBeansProjects\Server\apache-tomcat-8.5.71\webapps\examples] de la aplicación web
05-Oct-2021 09:19:45.861 INFORMACIÓN [localhost-startStop-1] org.apache.catalina.startup.HostConfig.deployDirectory Deployment of web application directory [C:\Users\Manuel\OneDrive\Documents\NetBeansProjects\Server\apache-tomcat-8.5.71\webapps\examples] has finished in [1.156] ms
05-Oct-2021 09:19:45.861 INFORMACIÓN [localhost-startStop-1] org.apache.catalina.startup.HostConfig.deployDirectory Desplegando el directorio [C:\Users\Manuel\OneDrive\Documents\NetBeansProjects\Server\apache-tomcat-8.5.71\webapps\host-manager] de la aplicación web
05-Oct-2021 09:19:45.905 INFORMACIÓN [localhost-startStop-1] org.apache.catalina.startup.HostConfig.deployDirectory Deployment of web application directory [C:\Users\Manuel\OneDrive\Documents\NetBeansProjects\Server\apache-tomcat-8.5.71\webapps\host-manager] has finished in [44] ms
05-Oct-2021 09:19:45.905 INFORMACIÓN [localhost-startStop-1] org.apache.catalina.startup.HostConfig.deployDirectory Desplegando el directorio [C:\Users\Manuel\OneDrive\Documents\NetBeansProjects\Server\apache-tomcat-8.5.71\webapps\manager] de la aplicación web
05-Oct-2021 09:19:45.978 INFORMACIÓN [localhost-startStop-1] org.apache.catalina.startup.HostConfig.deployDirectory Deployment of web application directory [C:\Users\Manuel\OneDrive\Documents\NetBeansProjects\Server\apache-tomcat-8.5.71\webapps\manager] has finished in [73] ms
05-Oct-2021 09:19:45.979 INFORMACIÓN [localhost-startStop-1] org.apache.catalina.startup.HostConfig.deployDirectory Desplegando el directorio [C:\Users\Manuel\OneDrive\Documents\NetBeansProjects\Server\apache-tomcat-8.5.71\webapps\ROOT] de la aplicación web
05-Oct-2021 09:19:46.028 INFORMACIÓN [localhost-startStop-1] org.apache.catalina.startup.HostConfig.deployDirectory Deployment of web application directory [C:\Users\Manuel\OneDrive\Documents\NetBeansProjects\Server\apache-tomcat-8.5.71\webapps\ROOT] has finished in [49] ms
05-Oct-2021 09:19:46.033 INFORMACIÓN [main] org.apache.coyote.AbstractProtocol.start Starting ProtocolHandler ["http-nio-8080"]
05-Oct-2021 09:19:46.056 INFORMACIÓN [main] org.apache.catalina.startup.Catalina.start Server startup in 2946 ms
05-Oct-2021 09:19:50.076 INFORMACIÓN [http-nio-8080-exec-9] org.apache.catalina.core.StandardContext.reload Ha comenzado la recarga de Contexto [/GastosFamiliares]
05-Oct-2021 09:19:50.473 INFORMACIÓN [http-nio-8080-exec-9] org.apache.jasper.servlet.TldScanner.scanJars Al menos un JAR, que se ha explorado buscando TLDs, aún no contenía TLDs. Activar historial de depuración para este historiador para una completa lista de los JARs que fueron explorados y de los que nos se halló TLDs. Saltarse JARs no necesarios durante la exploración puede dar lugar a una mejora de tiempo significativa en el arranque y compilación de JSP .
05-Oct-2021 09:19:50.484 INFORMACIÓN [http-nio-8080-exec-9] org.apache.catalina.core.StandardContext.reload Se ha completado la recarga de este Contexto
05-Oct-2021 09:21:50.153 INFORMACIÓN [http-nio-8080-exec-11] org.apache.catalina.core.StandardContext.reload Ha comenzado la recarga de Contexto [/GastosFamiliares]
05-Oct-2021 09:21:50.158 ADVERTENCIA [http-nio-8080-exec-11] org.apache.catalina.loader.WebappClassLoaderBase.clearReferencesJdbc La aplicación web [GastosFamiliares] registró el conductor JDBC [org.postgresql.Driver] pero falló al anular el registro mientras la aplicación web estaba parada. Para prevenir un fallo de memoria, se ha anulado el registro del conductor JDBC por la fuerza.
05-Oct-2021 09:21:50.597 INFORMACIÓN [http-nio-8080-exec-11] org.apache.jasper.servlet.TldScanner.scanJars Al menos un JAR, que se ha explorado buscando TLDs, aún no contenía TLDs. Activar historial de depuración para este historiador para una completa lista de los JARs que fueron explorados y de los que nos se halló TLDs. Saltarse JARs no necesarios durante la exploración puede dar lugar a una mejora de tiempo significativa en el arranque y compilación de JSP .
05-Oct-2021 09:21:50.609 INFORMACIÓN [http-nio-8080-exec-11] org.apache.catalina.core.StandardContext.reload Se ha completado la recarga de este Contexto
05-Oct-2021 09:21:50.986 INFORMACIÓN [http-nio-8080-exec-11] org.apache.catalina.core.StandardContext.reload Ha comenzado la recarga de Contexto [/GastosFamiliares]
05-Oct-2021 09:21:51.879 INFORMACIÓN [http-nio-8080-exec-11] org.apache.jasper.servlet.TldScanner.scanJars Al menos un JAR, que se ha explorado buscando TLDs, aún no contenía TLDs. Activar historial de depuración para este historiador para una completa lista de los JARs que fueron explorados y de los que nos se halló TLDs. Saltarse JARs no necesarios durante la exploración puede dar lugar a una mejora de tiempo significativa en el arranque y compilación de JSP .
05-Oct-2021 09:21:52.073 INFORMACIÓN [http-nio-8080-exec-11] org.apache.catalina.core.StandardContext.reload Se ha completado la recarga de este Contexto
05-Oct-2021 09:42:11.689 INFORMACIÓN [http-nio-8080-exec-21] org.apache.catalina.core.StandardContext.reload Ha comenzado la recarga de Contexto [/GastosFamiliares]
05-Oct-2021 09:42:11.983 INFORMACIÓN [http-nio-8080-exec-21] org.apache.jasper.servlet.TldScanner.scanJars Al menos un JAR, que se ha explorado buscando TLDs, aún no contenía TLDs. Activar historial de depuración para este historiador para una completa lista de los JARs que fueron explorados y de los que nos se halló TLDs. Saltarse JARs no necesarios durante la exploración puede dar lugar a una mejora de tiempo significativa en el arranque y compilación de JSP .
05-Oct-2021 09:42:11.996 INFORMACIÓN [http-nio-8080-exec-21] org.apache.catalina.core.StandardContext.reload Se ha completado la recarga de este Contexto
05-Oct-2021 10:11:51.855 INFORMACIÓN [http-nio-8080-exec-31] org.apache.catalina.core.StandardContext.reload Ha comenzado la recarga de Contexto [/GastosFamiliares]
05-Oct-2021 10:11:52.351 INFORMACIÓN [http-nio-8080-exec-31] org.apache.jasper.servlet.TldScanner.scanJars Al menos un JAR, que se ha explorado buscando TLDs, aún no contenía TLDs. Activar historial de depuración para este historiador para una completa lista de los JARs que fueron explorados y de los que nos se halló TLDs. Saltarse JARs no necesarios durante la exploración puede dar lugar a una mejora de tiempo significativa en el arranque y compilación de JSP .
05-Oct-2021 10:11:52.351 INFORMACIÓN [http-nio-8080-exec-31] org.apache.catalina.core.StandardContext.reload Se ha completado la recarga de este Contexto
05-Oct-2021 10:11:52.685 INFORMACIÓN [http-nio-8080-exec-38] org.apache.catalina.core.StandardContext.reload Ha comenzado la recarga de Contexto [/parqueaderoWeb2021]
05-Oct-2021 10:11:53.017 INFORMACIÓN [http-nio-8080-exec-38] org.apache.jasper.servlet.TldScanner.scanJars Al menos un JAR, que se ha explorado buscando TLDs, aún no contenía TLDs. Activar historial de depuración para este historiador para una completa lista de los JARs que fueron explorados y de los que nos se halló TLDs. Saltarse JARs no necesarios durante la exploración puede dar lugar a una mejora de tiempo significativa en el arranque y compilación de JSP .
05-Oct-2021 10:11:53.017 INFORMACIÓN [http-nio-8080-exec-38] org.apache.catalina.core.StandardContext.reload Se ha completado la recarga de este Contexto
05-Oct-2021 10:11:53.064 INFORMACIÓN [http-nio-8080-exec-36] org.apache.catalina.core.StandardContext.reload Ha comenzado la recarga de Contexto [/GastosFamiliares]
05-Oct-2021 10:11:53.372 INFORMACIÓN [http-nio-8080-exec-36] org.apache.jasper.servlet.TldScanner.scanJars Al menos un JAR, que se ha explorado buscando TLDs, aún no contenía TLDs. Activar historial de depuración para este historiador para una completa lista de los JARs que fueron explorados y de los que nos se halló TLDs. Saltarse JARs no necesarios durante la exploración puede dar lugar a una mejora de tiempo significativa en el arranque y compilación de JSP .
05-Oct-2021 10:11:53.372 INFORMACIÓN [http-nio-8080-exec-36] org.apache.catalina.core.StandardContext.reload Se ha completado la recarga de este Contexto
05-Oct-2021 10:11:58.699 INFORMACIÓN [main] org.apache.catalina.core.StandardServer.await Se ha recibido un comando de apagado a través del puerto de apagado. Parando la instancia del Servidor.
05-Oct-2021 10:11:58.700 INFORMACIÓN [main] org.apache.coyote.AbstractProtocol.pause Pausing ProtocolHandler ["http-nio-8080"]
05-Oct-2021 10:11:58.856 INFORMACIÓN [main] org.apache.catalina.core.StandardService.stopInternal Parando servicio [Catalina]
05-Oct-2021 10:11:58.879 INFORMACIÓN [main] org.apache.coyote.AbstractProtocol.stop Stopping ProtocolHandler ["http-nio-8080"]
05-Oct-2021 10:11:58.883 INFORMACIÓN [main] org.apache.coyote.AbstractProtocol.destroy Destroying ProtocolHandler ["http-nio-8080"]
