16-Oct-2021 07:49:49.852 INFORMACIÓN [main] org.apache.catalina.startup.VersionLoggerListener.log Nombre de la versión del servidor: Apache Tomcat/8.5.71
16-Oct-2021 07:49:49.859 INFORMACIÓN [main] org.apache.catalina.startup.VersionLoggerListener.log Server built:                      Sep 9 2021 18:43:14 UTC
16-Oct-2021 07:49:49.859 INFORMACIÓN [main] org.apache.catalina.startup.VersionLoggerListener.log Número de versión de servidor:     8.5.71.0
16-Oct-2021 07:49:49.859 INFORMACIÓN [main] org.apache.catalina.startup.VersionLoggerListener.log OS Name:                           Windows 10
16-Oct-2021 07:49:49.859 INFORMACIÓN [main] org.apache.catalina.startup.VersionLoggerListener.log Versión de Systema Operativo:      10.0
16-Oct-2021 07:49:49.859 INFORMACIÓN [main] org.apache.catalina.startup.VersionLoggerListener.log Arquitectura:                      amd64
16-Oct-2021 07:49:49.859 INFORMACIÓN [main] org.apache.catalina.startup.VersionLoggerListener.log Java Home:                         C:\Program Files\Java\jdk1.8.0_271\jre
16-Oct-2021 07:49:49.859 INFORMACIÓN [main] org.apache.catalina.startup.VersionLoggerListener.log JVM Version:                       1.8.0_271-b09
16-Oct-2021 07:49:49.859 INFORMACIÓN [main] org.apache.catalina.startup.VersionLoggerListener.log Vededor JVM:                       Oracle Corporation
16-Oct-2021 07:49:49.859 INFORMACIÓN [main] org.apache.catalina.startup.VersionLoggerListener.log CATALINA_BASE:                     C:\Users\Manuel\OneDrive\Documents\NetBeansProjects\Server\apache-tomcat-8.5.71
16-Oct-2021 07:49:49.859 INFORMACIÓN [main] org.apache.catalina.startup.VersionLoggerListener.log CATALINA_HOME:                     C:\Users\Manuel\OneDrive\Documents\NetBeansProjects\Server\apache-tomcat-8.5.71
16-Oct-2021 07:49:49.859 INFORMACIÓN [main] org.apache.catalina.startup.VersionLoggerListener.log Command line argument:             -Djava.util.logging.config.file=C:\Users\Manuel\OneDrive\Documents\NetBeansProjects\Server\apache-tomcat-8.5.71\conf\logging.properties
16-Oct-2021 07:49:49.859 INFORMACIÓN [main] org.apache.catalina.startup.VersionLoggerListener.log Command line argument:             -Djava.util.logging.manager=org.apache.juli.ClassLoaderLogManager
16-Oct-2021 07:49:49.862 INFORMACIÓN [main] org.apache.catalina.startup.VersionLoggerListener.log Command line argument:             -Dhttp.nonProxyHosts=localhost|127.0.0.1|LAPTOP-7MAH5C0M
16-Oct-2021 07:49:49.862 INFORMACIÓN [main] org.apache.catalina.startup.VersionLoggerListener.log Command line argument:             -Djdk.tls.ephemeralDHKeySize=2048
16-Oct-2021 07:49:49.862 INFORMACIÓN [main] org.apache.catalina.startup.VersionLoggerListener.log Command line argument:             -Djava.protocol.handler.pkgs=org.apache.catalina.webresources
16-Oct-2021 07:49:49.862 INFORMACIÓN [main] org.apache.catalina.startup.VersionLoggerListener.log Command line argument:             -Dignore.endorsed.dirs=
16-Oct-2021 07:49:49.862 INFORMACIÓN [main] org.apache.catalina.startup.VersionLoggerListener.log Command line argument:             -Dcatalina.base=C:\Users\Manuel\OneDrive\Documents\NetBeansProjects\Server\apache-tomcat-8.5.71
16-Oct-2021 07:49:49.862 INFORMACIÓN [main] org.apache.catalina.startup.VersionLoggerListener.log Command line argument:             -Dcatalina.home=C:\Users\Manuel\OneDrive\Documents\NetBeansProjects\Server\apache-tomcat-8.5.71
16-Oct-2021 07:49:49.862 INFORMACIÓN [main] org.apache.catalina.startup.VersionLoggerListener.log Command line argument:             -Djava.io.tmpdir=C:\Users\Manuel\OneDrive\Documents\NetBeansProjects\Server\apache-tomcat-8.5.71\temp
16-Oct-2021 07:49:49.862 INFORMACIÓN [main] org.apache.catalina.core.AprLifecycleListener.lifecycleEvent Cargada la biblioteca nativa APR de Apache Tomcat [1.2.31] con la versión APR [1.7.0].
16-Oct-2021 07:49:49.862 INFORMACIÓN [main] org.apache.catalina.core.AprLifecycleListener.lifecycleEvent Capacidades APR: IPv6 [true], enviar fichero [true], aceptar filtros [false], aleatorio [true].
16-Oct-2021 07:49:49.862 INFORMACIÓN [main] org.apache.catalina.core.AprLifecycleListener.lifecycleEvent APR/OpenSSL configuration: useAprConnector [false], useOpenSSL [true]
16-Oct-2021 07:49:49.961 INFORMACIÓN [main] org.apache.catalina.core.AprLifecycleListener.initializeSSL OpenSSL inicializado correctamente [OpenSSL 1.1.1l  24 Aug 2021]
16-Oct-2021 07:49:50.302 INFORMACIÓN [main] org.apache.coyote.AbstractProtocol.init Inicializando el manejador de protocolo ["http-nio-8080"]

16-Oct-2021 07:49:50.612 INFORMACIÓN [main] org.apache.tomcat.util.net.NioSelectorPool.getSharedSelector Using a shared selector for servlet write/read
16-Oct-2021 07:49:50.682 INFORMACIÓN [main] org.apache.catalina.startup.Catalina.load Initialization processed in 1910 ms
16-Oct-2021 07:49:50.777 INFORMACIÓN [main] org.apache.catalina.core.StandardService.startInternal Arrancando servicio [Catalina]
16-Oct-2021 07:49:50.777 INFORMACIÓN [main] org.apache.catalina.core.StandardEngine.startInternal Starting Servlet engine: [Apache Tomcat/8.5.71]
16-Oct-2021 07:49:50.832 INFORMACIÓN [localhost-startStop-1] org.apache.catalina.startup.HostConfig.deployDescriptor Desplieque del descriptor de configuración [C:\Users\Manuel\OneDrive\Documents\NetBeansProjects\Server\apache-tomcat-8.5.71\conf\Catalina\localhost\Futbol.xml]
16-Oct-2021 07:49:51.731 INFORMACIÓN [localhost-startStop-1] org.apache.jasper.servlet.TldScanner.scanJars Al menos un JAR, que se ha explorado buscando TLDs, aún no contenía TLDs. Activar historial de depuración para este historiador para una completa lista de los JARs que fueron explorados y de los que nos se halló TLDs. Saltarse JARs no necesarios durante la exploración puede dar lugar a una mejora de tiempo significativa en el arranque y compilación de JSP .
16-Oct-2021 07:49:51.817 INFORMACIÓN [localhost-startStop-1] org.apache.catalina.startup.HostConfig.deployDescriptor Deployment of deployment descriptor [C:\Users\Manuel\OneDrive\Documents\NetBeansProjects\Server\apache-tomcat-8.5.71\conf\Catalina\localhost\Futbol.xml] has finished in [985] ms
16-Oct-2021 07:49:51.817 INFORMACIÓN [localhost-startStop-1] org.apache.catalina.startup.HostConfig.deployDescriptor Desplieque del descriptor de configuración [C:\Users\Manuel\OneDrive\Documents\NetBeansProjects\Server\apache-tomcat-8.5.71\conf\Catalina\localhost\GastosFamiliares.xml]
16-Oct-2021 07:49:52.252 INFORMACIÓN [localhost-startStop-1] org.apache.jasper.servlet.TldScanner.scanJars Al menos un JAR, que se ha explorado buscando TLDs, aún no contenía TLDs. Activar historial de depuración para este historiador para una completa lista de los JARs que fueron explorados y de los que nos se halló TLDs. Saltarse JARs no necesarios durante la exploración puede dar lugar a una mejora de tiempo significativa en el arranque y compilación de JSP .
16-Oct-2021 07:49:52.271 INFORMACIÓN [localhost-startStop-1] org.apache.catalina.startup.HostConfig.deployDescriptor Deployment of deployment descriptor [C:\Users\Manuel\OneDrive\Documents\NetBeansProjects\Server\apache-tomcat-8.5.71\conf\Catalina\localhost\GastosFamiliares.xml] has finished in [454] ms
16-Oct-2021 07:49:52.271 INFORMACIÓN [localhost-startStop-1] org.apache.catalina.startup.HostConfig.deployDescriptor Desplieque del descriptor de configuración [C:\Users\Manuel\OneDrive\Documents\NetBeansProjects\Server\apache-tomcat-8.5.71\conf\Catalina\localhost\parqueaderoWeb2021.xml]
16-Oct-2021 07:49:52.807 INFORMACIÓN [localhost-startStop-1] org.apache.jasper.servlet.TldScanner.scanJars Al menos un JAR, que se ha explorado buscando TLDs, aún no contenía TLDs. Activar historial de depuración para este historiador para una completa lista de los JARs que fueron explorados y de los que nos se halló TLDs. Saltarse JARs no necesarios durante la exploración puede dar lugar a una mejora de tiempo significativa en el arranque y compilación de JSP .
16-Oct-2021 07:49:52.812 INFORMACIÓN [localhost-startStop-1] org.apache.catalina.startup.HostConfig.deployDescriptor Deployment of deployment descriptor [C:\Users\Manuel\OneDrive\Documents\NetBeansProjects\Server\apache-tomcat-8.5.71\conf\Catalina\localhost\parqueaderoWeb2021.xml] has finished in [541] ms
16-Oct-2021 07:49:52.812 INFORMACIÓN [localhost-startStop-1] org.apache.catalina.startup.HostConfig.deployDescriptor Desplieque del descriptor de configuración [C:\Users\Manuel\OneDrive\Documents\NetBeansProjects\Server\apache-tomcat-8.5.71\conf\Catalina\localhost\Prestaya.xml]
16-Oct-2021 07:49:53.072 INFORMACIÓN [localhost-startStop-1] org.apache.jasper.servlet.TldScanner.scanJars Al menos un JAR, que se ha explorado buscando TLDs, aún no contenía TLDs. Activar historial de depuración para este historiador para una completa lista de los JARs que fueron explorados y de los que nos se halló TLDs. Saltarse JARs no necesarios durante la exploración puede dar lugar a una mejora de tiempo significativa en el arranque y compilación de JSP .
16-Oct-2021 07:49:53.082 INFORMACIÓN [localhost-startStop-1] org.apache.catalina.startup.HostConfig.deployDescriptor Deployment of deployment descriptor [C:\Users\Manuel\OneDrive\Documents\NetBeansProjects\Server\apache-tomcat-8.5.71\conf\Catalina\localhost\Prestaya.xml] has finished in [270] ms
16-Oct-2021 07:49:53.082 INFORMACIÓN [localhost-startStop-1] org.apache.catalina.startup.HostConfig.deployDescriptor Desplieque del descriptor de configuración [C:\Users\Manuel\OneDrive\Documents\NetBeansProjects\Server\apache-tomcat-8.5.71\conf\Catalina\localhost\votacionesAndroid.xml]
16-Oct-2021 07:49:53.090 GRAVE [localhost-startStop-1] org.apache.catalina.core.ContainerBase.addChildInternal ContainerBase.addChild: start: 
	org.apache.catalina.LifecycleException: Failed to start component [org.apache.catalina.webresources.StandardRoot@1d6e83f3]
		at org.apache.catalina.util.LifecycleBase.handleSubClassException(LifecycleBase.java:440)
		at org.apache.catalina.util.LifecycleBase.start(LifecycleBase.java:198)
		at org.apache.catalina.core.StandardContext.resourcesStart(StandardContext.java:4880)
		at org.apache.catalina.core.StandardContext.startInternal(StandardContext.java:5018)
		at org.apache.catalina.util.LifecycleBase.start(LifecycleBase.java:183)
		at org.apache.catalina.core.ContainerBase.addChildInternal(ContainerBase.java:753)
		at org.apache.catalina.core.ContainerBase.addChild(ContainerBase.java:727)
		at org.apache.catalina.core.StandardHost.addChild(StandardHost.java:695)
		at org.apache.catalina.startup.HostConfig.deployDescriptor(HostConfig.java:673)
		at org.apache.catalina.startup.HostConfig$DeployDescriptor.run(HostConfig.java:1881)
		at java.util.concurrent.Executors$RunnableAdapter.call(Executors.java:511)
		at java.util.concurrent.FutureTask.run(FutureTask.java:266)
		at java.util.concurrent.ThreadPoolExecutor.runWorker(ThreadPoolExecutor.java:1149)
		at java.util.concurrent.ThreadPoolExecutor$Worker.run(ThreadPoolExecutor.java:624)
		at java.lang.Thread.run(Thread.java:748)
	Caused by: java.lang.IllegalArgumentException: The main resource set specified [C:\Users\Manuel\OneDrive\Documents\NetBeansProjects\votacionesAndroid\build\web] is not valid
		at org.apache.catalina.webresources.StandardRoot.createMainResourceSet(StandardRoot.java:747)
		at org.apache.catalina.webresources.StandardRoot.startInternal(StandardRoot.java:705)
		at org.apache.catalina.util.LifecycleBase.start(LifecycleBase.java:183)
		... 13 more
16-Oct-2021 07:49:53.090 GRAVE [localhost-startStop-1] org.apache.catalina.startup.HostConfig.deployDescriptor Error durante el despliegue del descriptor de configuración [C:\Users\Manuel\OneDrive\Documents\NetBeansProjects\Server\apache-tomcat-8.5.71\conf\Catalina\localhost\votacionesAndroid.xml]
	java.lang.IllegalStateException: Error starting child
		at org.apache.catalina.core.ContainerBase.addChildInternal(ContainerBase.java:757)
		at org.apache.catalina.core.ContainerBase.addChild(ContainerBase.java:727)
		at org.apache.catalina.core.StandardHost.addChild(StandardHost.java:695)
		at org.apache.catalina.startup.HostConfig.deployDescriptor(HostConfig.java:673)
		at org.apache.catalina.startup.HostConfig$DeployDescriptor.run(HostConfig.java:1881)
		at java.util.concurrent.Executors$RunnableAdapter.call(Executors.java:511)
		at java.util.concurrent.FutureTask.run(FutureTask.java:266)
		at java.util.concurrent.ThreadPoolExecutor.runWorker(ThreadPoolExecutor.java:1149)
		at java.util.concurrent.ThreadPoolExecutor$Worker.run(ThreadPoolExecutor.java:624)
		at java.lang.Thread.run(Thread.java:748)
	Caused by: org.apache.catalina.LifecycleException: Failed to start component [org.apache.catalina.webresources.StandardRoot@1d6e83f3]
		at org.apache.catalina.util.LifecycleBase.handleSubClassException(LifecycleBase.java:440)
		at org.apache.catalina.util.LifecycleBase.start(LifecycleBase.java:198)
		at org.apache.catalina.core.StandardContext.resourcesStart(StandardContext.java:4880)
		at org.apache.catalina.core.StandardContext.startInternal(StandardContext.java:5018)
		at org.apache.catalina.util.LifecycleBase.start(LifecycleBase.java:183)
		at org.apache.catalina.core.ContainerBase.addChildInternal(ContainerBase.java:753)
		... 9 more
	Caused by: java.lang.IllegalArgumentException: The main resource set specified [C:\Users\Manuel\OneDrive\Documents\NetBeansProjects\votacionesAndroid\build\web] is not valid
		at org.apache.catalina.webresources.StandardRoot.createMainResourceSet(StandardRoot.java:747)
		at org.apache.catalina.webresources.StandardRoot.startInternal(StandardRoot.java:705)
		at org.apache.catalina.util.LifecycleBase.start(LifecycleBase.java:183)
		... 13 more
16-Oct-2021 07:49:53.142 INFORMACIÓN [localhost-startStop-1] org.apache.catalina.startup.HostConfig.deployDescriptor Deployment of deployment descriptor [C:\Users\Manuel\OneDrive\Documents\NetBeansProjects\Server\apache-tomcat-8.5.71\conf\Catalina\localhost\votacionesAndroid.xml] has finished in [60] ms
16-Oct-2021 07:49:53.142 INFORMACIÓN [localhost-startStop-1] org.apache.catalina.startup.HostConfig.deployDirectory Desplegando el directorio [C:\Users\Manuel\OneDrive\Documents\NetBeansProjects\Server\apache-tomcat-8.5.71\webapps\docs] de la aplicación web
16-Oct-2021 07:49:53.347 INFORMACIÓN [localhost-startStop-1] org.apache.catalina.startup.HostConfig.deployDirectory Deployment of web application directory [C:\Users\Manuel\OneDrive\Documents\NetBeansProjects\Server\apache-tomcat-8.5.71\webapps\docs] has finished in [205] ms
16-Oct-2021 07:49:53.347 INFORMACIÓN [localhost-startStop-1] org.apache.catalina.startup.HostConfig.deployDirectory Desplegando el directorio [C:\Users\Manuel\OneDrive\Documents\NetBeansProjects\Server\apache-tomcat-8.5.71\webapps\examples] de la aplicación web
16-Oct-2021 07:49:54.517 INFORMACIÓN [localhost-startStop-1] org.apache.catalina.startup.HostConfig.deployDirectory Deployment of web application directory [C:\Users\Manuel\OneDrive\Documents\NetBeansProjects\Server\apache-tomcat-8.5.71\webapps\examples] has finished in [1.170] ms
16-Oct-2021 07:49:54.517 INFORMACIÓN [localhost-startStop-1] org.apache.catalina.startup.HostConfig.deployDirectory Desplegando el directorio [C:\Users\Manuel\OneDrive\Documents\NetBeansProjects\Server\apache-tomcat-8.5.71\webapps\host-manager] de la aplicación web
16-Oct-2021 07:49:54.742 INFORMACIÓN [localhost-startStop-1] org.apache.catalina.startup.HostConfig.deployDirectory Deployment of web application directory [C:\Users\Manuel\OneDrive\Documents\NetBeansProjects\Server\apache-tomcat-8.5.71\webapps\host-manager] has finished in [225] ms
16-Oct-2021 07:49:54.742 INFORMACIÓN [localhost-startStop-1] org.apache.catalina.startup.HostConfig.deployDirectory Desplegando el directorio [C:\Users\Manuel\OneDrive\Documents\NetBeansProjects\Server\apache-tomcat-8.5.71\webapps\manager] de la aplicación web
16-Oct-2021 07:49:54.822 INFORMACIÓN [localhost-startStop-1] org.apache.catalina.startup.HostConfig.deployDirectory Deployment of web application directory [C:\Users\Manuel\OneDrive\Documents\NetBeansProjects\Server\apache-tomcat-8.5.71\webapps\manager] has finished in [80] ms
16-Oct-2021 07:49:54.822 INFORMACIÓN [localhost-startStop-1] org.apache.catalina.startup.HostConfig.deployDirectory Desplegando el directorio [C:\Users\Manuel\OneDrive\Documents\NetBeansProjects\Server\apache-tomcat-8.5.71\webapps\ROOT] de la aplicación web
16-Oct-2021 07:49:54.875 INFORMACIÓN [localhost-startStop-1] org.apache.catalina.startup.HostConfig.deployDirectory Deployment of web application directory [C:\Users\Manuel\OneDrive\Documents\NetBeansProjects\Server\apache-tomcat-8.5.71\webapps\ROOT] has finished in [53] ms
16-Oct-2021 07:49:54.883 INFORMACIÓN [main] org.apache.coyote.AbstractProtocol.start Starting ProtocolHandler ["http-nio-8080"]
16-Oct-2021 07:49:54.923 INFORMACIÓN [main] org.apache.catalina.startup.Catalina.start Server startup in 4243 ms
16-Oct-2021 09:45:40.262 INFORMACIÓN [http-nio-8080-exec-7] org.apache.catalina.core.StandardContext.reload Ha comenzado la recarga de Contexto [/Futbol]
16-Oct-2021 09:45:40.308 ADVERTENCIA [http-nio-8080-exec-7] org.apache.catalina.loader.WebappClassLoaderBase.clearReferencesJdbc La aplicación web [Futbol] registró el conductor JDBC [org.postgresql.Driver] pero falló al anular el registro mientras la aplicación web estaba parada. Para prevenir un fallo de memoria, se ha anulado el registro del conductor JDBC por la fuerza.
16-Oct-2021 09:45:40.917 INFORMACIÓN [http-nio-8080-exec-7] org.apache.jasper.servlet.TldScanner.scanJars Al menos un JAR, que se ha explorado buscando TLDs, aún no contenía TLDs. Activar historial de depuración para este historiador para una completa lista de los JARs que fueron explorados y de los que nos se halló TLDs. Saltarse JARs no necesarios durante la exploración puede dar lugar a una mejora de tiempo significativa en el arranque y compilación de JSP .
16-Oct-2021 09:45:40.923 INFORMACIÓN [http-nio-8080-exec-7] org.apache.catalina.core.StandardContext.reload Se ha completado la recarga de este Contexto
16-Oct-2021 09:49:54.919 INFORMACIÓN [http-nio-8080-exec-11] org.apache.catalina.core.StandardContext.reload Ha comenzado la recarga de Contexto [/Futbol]
16-Oct-2021 09:49:55.264 INFORMACIÓN [http-nio-8080-exec-11] org.apache.jasper.servlet.TldScanner.scanJars Al menos un JAR, que se ha explorado buscando TLDs, aún no contenía TLDs. Activar historial de depuración para este historiador para una completa lista de los JARs que fueron explorados y de los que nos se halló TLDs. Saltarse JARs no necesarios durante la exploración puede dar lugar a una mejora de tiempo significativa en el arranque y compilación de JSP .
16-Oct-2021 09:49:55.269 INFORMACIÓN [http-nio-8080-exec-11] org.apache.catalina.core.StandardContext.reload Se ha completado la recarga de este Contexto
16-Oct-2021 09:49:56.262 INFORMACIÓN [http-nio-8080-exec-15] org.apache.catalina.core.StandardContext.reload Ha comenzado la recarga de Contexto [/Futbol]
16-Oct-2021 09:49:56.555 INFORMACIÓN [http-nio-8080-exec-15] org.apache.jasper.servlet.TldScanner.scanJars Al menos un JAR, que se ha explorado buscando TLDs, aún no contenía TLDs. Activar historial de depuración para este historiador para una completa lista de los JARs que fueron explorados y de los que nos se halló TLDs. Saltarse JARs no necesarios durante la exploración puede dar lugar a una mejora de tiempo significativa en el arranque y compilación de JSP .
16-Oct-2021 09:49:56.561 INFORMACIÓN [http-nio-8080-exec-15] org.apache.catalina.core.StandardContext.reload Se ha completado la recarga de este Contexto
16-Oct-2021 09:56:58.420 INFORMACIÓN [http-nio-8080-exec-21] org.apache.catalina.core.StandardContext.reload Ha comenzado la recarga de Contexto [/Futbol]
16-Oct-2021 09:56:58.443 ADVERTENCIA [http-nio-8080-exec-21] org.apache.catalina.loader.WebappClassLoaderBase.clearReferencesJdbc La aplicación web [Futbol] registró el conductor JDBC [org.postgresql.Driver] pero falló al anular el registro mientras la aplicación web estaba parada. Para prevenir un fallo de memoria, se ha anulado el registro del conductor JDBC por la fuerza.
16-Oct-2021 09:56:58.961 INFORMACIÓN [http-nio-8080-exec-21] org.apache.jasper.servlet.TldScanner.scanJars Al menos un JAR, que se ha explorado buscando TLDs, aún no contenía TLDs. Activar historial de depuración para este historiador para una completa lista de los JARs que fueron explorados y de los que nos se halló TLDs. Saltarse JARs no necesarios durante la exploración puede dar lugar a una mejora de tiempo significativa en el arranque y compilación de JSP .
16-Oct-2021 09:56:58.981 INFORMACIÓN [http-nio-8080-exec-21] org.apache.catalina.core.StandardContext.reload Se ha completado la recarga de este Contexto
16-Oct-2021 09:56:58.986 INFORMACIÓN [http-nio-8080-exec-22] org.apache.catalina.core.StandardContext.reload Ha comenzado la recarga de Contexto [/Futbol]
16-Oct-2021 09:56:59.461 INFORMACIÓN [http-nio-8080-exec-22] org.apache.jasper.servlet.TldScanner.scanJars Al menos un JAR, que se ha explorado buscando TLDs, aún no contenía TLDs. Activar historial de depuración para este historiador para una completa lista de los JARs que fueron explorados y de los que nos se halló TLDs. Saltarse JARs no necesarios durante la exploración puede dar lugar a una mejora de tiempo significativa en el arranque y compilación de JSP .
16-Oct-2021 09:56:59.478 INFORMACIÓN [http-nio-8080-exec-22] org.apache.catalina.core.StandardContext.reload Se ha completado la recarga de este Contexto
16-Oct-2021 09:59:31.864 INFORMACIÓN [http-nio-8080-exec-33] org.apache.catalina.core.StandardContext.reload Ha comenzado la recarga de Contexto [/Futbol]
16-Oct-2021 09:59:31.868 ADVERTENCIA [http-nio-8080-exec-33] org.apache.catalina.loader.WebappClassLoaderBase.clearReferencesJdbc La aplicación web [Futbol] registró el conductor JDBC [org.postgresql.Driver] pero falló al anular el registro mientras la aplicación web estaba parada. Para prevenir un fallo de memoria, se ha anulado el registro del conductor JDBC por la fuerza.
16-Oct-2021 09:59:32.887 INFORMACIÓN [http-nio-8080-exec-33] org.apache.jasper.servlet.TldScanner.scanJars Al menos un JAR, que se ha explorado buscando TLDs, aún no contenía TLDs. Activar historial de depuración para este historiador para una completa lista de los JARs que fueron explorados y de los que nos se halló TLDs. Saltarse JARs no necesarios durante la exploración puede dar lugar a una mejora de tiempo significativa en el arranque y compilación de JSP .
16-Oct-2021 09:59:32.894 INFORMACIÓN [55] org.apache.catalina.core.StandardContext.reload Se ha completado la recarga de este Contexto
16-Oct-2021 09:59:32.902 INFORMACIÓN [http-nio-8080-exec-29] org.apache.catalina.core.StandardContext.reload Ha comenzado la recarga de Contexto [/Futbol]
16-Oct-2021 09:59:33.679 INFORMACIÓN [http-nio-8080-exec-29] org.apache.jasper.servlet.TldScanner.scanJars Al menos un JAR, que se ha explorado buscando TLDs, aún no contenía TLDs. Activar historial de depuración para este historiador para una completa lista de los JARs que fueron explorados y de los que nos se halló TLDs. Saltarse JARs no necesarios durante la exploración puede dar lugar a una mejora de tiempo significativa en el arranque y compilación de JSP .
16-Oct-2021 09:59:33.687 INFORMACIÓN [http-nio-8080-exec-29] org.apache.catalina.core.StandardContext.reload Se ha completado la recarga de este Contexto
16-Oct-2021 13:34:04.776 INFORMACIÓN [http-nio-8080-exec-48] org.apache.catalina.core.StandardContext.reload Ha comenzado la recarga de Contexto [/Futbol]
16-Oct-2021 13:34:04.844 ADVERTENCIA [http-nio-8080-exec-48] org.apache.catalina.loader.WebappClassLoaderBase.clearReferencesJdbc La aplicación web [Futbol] registró el conductor JDBC [org.postgresql.Driver] pero falló al anular el registro mientras la aplicación web estaba parada. Para prevenir un fallo de memoria, se ha anulado el registro del conductor JDBC por la fuerza.
16-Oct-2021 13:34:05.416 INFORMACIÓN [http-nio-8080-exec-48] org.apache.jasper.servlet.TldScanner.scanJars Al menos un JAR, que se ha explorado buscando TLDs, aún no contenía TLDs. Activar historial de depuración para este historiador para una completa lista de los JARs que fueron explorados y de los que nos se halló TLDs. Saltarse JARs no necesarios durante la exploración puede dar lugar a una mejora de tiempo significativa en el arranque y compilación de JSP .
16-Oct-2021 13:34:05.432 INFORMACIÓN [http-nio-8080-exec-48] org.apache.catalina.core.StandardContext.reload Se ha completado la recarga de este Contexto
16-Oct-2021 13:59:10.461 INFORMACIÓN [http-nio-8080-exec-57] org.apache.catalina.core.StandardContext.reload Ha comenzado la recarga de Contexto [/Futbol]
16-Oct-2021 13:59:10.494 ADVERTENCIA [http-nio-8080-exec-57] org.apache.catalina.loader.WebappClassLoaderBase.clearReferencesJdbc La aplicación web [Futbol] registró el conductor JDBC [org.postgresql.Driver] pero falló al anular el registro mientras la aplicación web estaba parada. Para prevenir un fallo de memoria, se ha anulado el registro del conductor JDBC por la fuerza.
16-Oct-2021 13:59:10.926 INFORMACIÓN [http-nio-8080-exec-57] org.apache.jasper.servlet.TldScanner.scanJars Al menos un JAR, que se ha explorado buscando TLDs, aún no contenía TLDs. Activar historial de depuración para este historiador para una completa lista de los JARs que fueron explorados y de los que nos se halló TLDs. Saltarse JARs no necesarios durante la exploración puede dar lugar a una mejora de tiempo significativa en el arranque y compilación de JSP .
16-Oct-2021 13:59:10.944 INFORMACIÓN [http-nio-8080-exec-57] org.apache.catalina.core.StandardContext.reload Se ha completado la recarga de este Contexto
16-Oct-2021 13:59:37.840 INFORMACIÓN [http-nio-8080-exec-61] org.apache.catalina.core.StandardContext.reload Ha comenzado la recarga de Contexto [/Futbol]
16-Oct-2021 13:59:38.307 INFORMACIÓN [http-nio-8080-exec-61] org.apache.jasper.servlet.TldScanner.scanJars Al menos un JAR, que se ha explorado buscando TLDs, aún no contenía TLDs. Activar historial de depuración para este historiador para una completa lista de los JARs que fueron explorados y de los que nos se halló TLDs. Saltarse JARs no necesarios durante la exploración puede dar lugar a una mejora de tiempo significativa en el arranque y compilación de JSP .
16-Oct-2021 13:59:38.312 INFORMACIÓN [http-nio-8080-exec-61] org.apache.catalina.core.StandardContext.reload Se ha completado la recarga de este Contexto
16-Oct-2021 14:00:52.763 INFORMACIÓN [http-nio-8080-exec-54] org.apache.catalina.core.StandardContext.reload Ha comenzado la recarga de Contexto [/Futbol]
16-Oct-2021 14:00:53.036 INFORMACIÓN [http-nio-8080-exec-54] org.apache.jasper.servlet.TldScanner.scanJars Al menos un JAR, que se ha explorado buscando TLDs, aún no contenía TLDs. Activar historial de depuración para este historiador para una completa lista de los JARs que fueron explorados y de los que nos se halló TLDs. Saltarse JARs no necesarios durante la exploración puede dar lugar a una mejora de tiempo significativa en el arranque y compilación de JSP .
16-Oct-2021 14:00:53.044 INFORMACIÓN [http-nio-8080-exec-54] org.apache.catalina.core.StandardContext.reload Se ha completado la recarga de este Contexto
16-Oct-2021 14:02:57.204 INFORMACIÓN [http-nio-8080-exec-64] org.apache.catalina.core.StandardContext.reload Ha comenzado la recarga de Contexto [/Futbol]
16-Oct-2021 14:02:57.436 INFORMACIÓN [http-nio-8080-exec-64] org.apache.jasper.servlet.TldScanner.scanJars Al menos un JAR, que se ha explorado buscando TLDs, aún no contenía TLDs. Activar historial de depuración para este historiador para una completa lista de los JARs que fueron explorados y de los que nos se halló TLDs. Saltarse JARs no necesarios durante la exploración puede dar lugar a una mejora de tiempo significativa en el arranque y compilación de JSP .
16-Oct-2021 14:02:57.451 INFORMACIÓN [http-nio-8080-exec-64] org.apache.catalina.core.StandardContext.reload Se ha completado la recarga de este Contexto
16-Oct-2021 14:12:08.402 INFORMACIÓN [http-nio-8080-exec-67] org.apache.catalina.core.StandardContext.reload Ha comenzado la recarga de Contexto [/Futbol]
16-Oct-2021 14:12:08.631 INFORMACIÓN [http-nio-8080-exec-67] org.apache.jasper.servlet.TldScanner.scanJars Al menos un JAR, que se ha explorado buscando TLDs, aún no contenía TLDs. Activar historial de depuración para este historiador para una completa lista de los JARs que fueron explorados y de los que nos se halló TLDs. Saltarse JARs no necesarios durante la exploración puede dar lugar a una mejora de tiempo significativa en el arranque y compilación de JSP .
16-Oct-2021 14:12:08.639 INFORMACIÓN [http-nio-8080-exec-67] org.apache.catalina.core.StandardContext.reload Se ha completado la recarga de este Contexto
16-Oct-2021 14:15:48.989 INFORMACIÓN [http-nio-8080-exec-77] org.apache.catalina.core.StandardContext.reload Ha comenzado la recarga de Contexto [/Futbol]
16-Oct-2021 14:15:49.336 INFORMACIÓN [http-nio-8080-exec-77] org.apache.jasper.servlet.TldScanner.scanJars Al menos un JAR, que se ha explorado buscando TLDs, aún no contenía TLDs. Activar historial de depuración para este historiador para una completa lista de los JARs que fueron explorados y de los que nos se halló TLDs. Saltarse JARs no necesarios durante la exploración puede dar lugar a una mejora de tiempo significativa en el arranque y compilación de JSP .
16-Oct-2021 14:15:49.342 INFORMACIÓN [http-nio-8080-exec-77] org.apache.catalina.core.StandardContext.reload Se ha completado la recarga de este Contexto
16-Oct-2021 14:15:49.728 INFORMACIÓN [http-nio-8080-exec-68] org.apache.catalina.core.StandardContext.reload Ha comenzado la recarga de Contexto [/Futbol]
16-Oct-2021 14:15:49.956 INFORMACIÓN [http-nio-8080-exec-68] org.apache.jasper.servlet.TldScanner.scanJars Al menos un JAR, que se ha explorado buscando TLDs, aún no contenía TLDs. Activar historial de depuración para este historiador para una completa lista de los JARs que fueron explorados y de los que nos se halló TLDs. Saltarse JARs no necesarios durante la exploración puede dar lugar a una mejora de tiempo significativa en el arranque y compilación de JSP .
16-Oct-2021 14:15:49.964 INFORMACIÓN [http-nio-8080-exec-68] org.apache.catalina.core.StandardContext.reload Se ha completado la recarga de este Contexto
16-Oct-2021 14:43:31.826 INFORMACIÓN [http-nio-8080-exec-81] org.apache.catalina.core.StandardContext.reload Ha comenzado la recarga de Contexto [/Futbol]
16-Oct-2021 14:43:31.834 ADVERTENCIA [http-nio-8080-exec-81] org.apache.catalina.loader.WebappClassLoaderBase.clearReferencesJdbc La aplicación web [Futbol] registró el conductor JDBC [org.postgresql.Driver] pero falló al anular el registro mientras la aplicación web estaba parada. Para prevenir un fallo de memoria, se ha anulado el registro del conductor JDBC por la fuerza.
16-Oct-2021 14:43:32.122 INFORMACIÓN [http-nio-8080-exec-81] org.apache.jasper.servlet.TldScanner.scanJars Al menos un JAR, que se ha explorado buscando TLDs, aún no contenía TLDs. Activar historial de depuración para este historiador para una completa lista de los JARs que fueron explorados y de los que nos se halló TLDs. Saltarse JARs no necesarios durante la exploración puede dar lugar a una mejora de tiempo significativa en el arranque y compilación de JSP .
16-Oct-2021 14:43:32.122 INFORMACIÓN [http-nio-8080-exec-81] org.apache.catalina.core.StandardContext.reload Se ha completado la recarga de este Contexto
16-Oct-2021 14:45:42.529 INFORMACIÓN [main] org.apache.catalina.core.StandardServer.await Se ha recibido un comando de apagado a través del puerto de apagado. Parando la instancia del Servidor.
16-Oct-2021 14:45:42.529 INFORMACIÓN [main] org.apache.coyote.AbstractProtocol.pause Pausing ProtocolHandler ["http-nio-8080"]
16-Oct-2021 14:45:42.689 INFORMACIÓN [main] org.apache.catalina.core.StandardService.stopInternal Parando servicio [Catalina]
16-Oct-2021 14:45:42.721 INFORMACIÓN [main] org.apache.coyote.AbstractProtocol.stop Stopping ProtocolHandler ["http-nio-8080"]
16-Oct-2021 14:45:42.721 INFORMACIÓN [main] org.apache.coyote.AbstractProtocol.destroy Destroying ProtocolHandler ["http-nio-8080"]
16-Oct-2021 14:45:47.403 INFORMACIÓN [main] org.apache.catalina.startup.VersionLoggerListener.log Nombre de la versión del servidor: Apache Tomcat/8.5.71
16-Oct-2021 14:45:47.409 INFORMACIÓN [main] org.apache.catalina.startup.VersionLoggerListener.log Server built:                      Sep 9 2021 18:43:14 UTC
16-Oct-2021 14:45:47.409 INFORMACIÓN [main] org.apache.catalina.startup.VersionLoggerListener.log Número de versión de servidor:     8.5.71.0
16-Oct-2021 14:45:47.409 INFORMACIÓN [main] org.apache.catalina.startup.VersionLoggerListener.log OS Name:                           Windows 10
16-Oct-2021 14:45:47.409 INFORMACIÓN [main] org.apache.catalina.startup.VersionLoggerListener.log Versión de Systema Operativo:      10.0
16-Oct-2021 14:45:47.409 INFORMACIÓN [main] org.apache.catalina.startup.VersionLoggerListener.log Arquitectura:                      amd64
16-Oct-2021 14:45:47.409 INFORMACIÓN [main] org.apache.catalina.startup.VersionLoggerListener.log Java Home:                         C:\Program Files\Java\jdk1.8.0_271\jre
16-Oct-2021 14:45:47.409 INFORMACIÓN [main] org.apache.catalina.startup.VersionLoggerListener.log JVM Version:                       1.8.0_271-b09
16-Oct-2021 14:45:47.409 INFORMACIÓN [main] org.apache.catalina.startup.VersionLoggerListener.log Vededor JVM:                       Oracle Corporation
16-Oct-2021 14:45:47.409 INFORMACIÓN [main] org.apache.catalina.startup.VersionLoggerListener.log CATALINA_BASE:                     C:\Users\Manuel\OneDrive\Documents\NetBeansProjects\Server\apache-tomcat-8.5.71
16-Oct-2021 14:45:47.409 INFORMACIÓN [main] org.apache.catalina.startup.VersionLoggerListener.log CATALINA_HOME:                     C:\Users\Manuel\OneDrive\Documents\NetBeansProjects\Server\apache-tomcat-8.5.71
16-Oct-2021 14:45:47.417 INFORMACIÓN [main] org.apache.catalina.startup.VersionLoggerListener.log Command line argument:             -Djava.util.logging.config.file=C:\Users\Manuel\OneDrive\Documents\NetBeansProjects\Server\apache-tomcat-8.5.71\conf\logging.properties
16-Oct-2021 14:45:47.417 INFORMACIÓN [main] org.apache.catalina.startup.VersionLoggerListener.log Command line argument:             -Djava.util.logging.manager=org.apache.juli.ClassLoaderLogManager
16-Oct-2021 14:45:47.417 INFORMACIÓN [main] org.apache.catalina.startup.VersionLoggerListener.log Command line argument:             -Dhttp.nonProxyHosts=localhost|127.0.0.1|LAPTOP-7MAH5C0M
16-Oct-2021 14:45:47.417 INFORMACIÓN [main] org.apache.catalina.startup.VersionLoggerListener.log Command line argument:             -Djdk.tls.ephemeralDHKeySize=2048
16-Oct-2021 14:45:47.417 INFORMACIÓN [main] org.apache.catalina.startup.VersionLoggerListener.log Command line argument:             -Djava.protocol.handler.pkgs=org.apache.catalina.webresources
16-Oct-2021 14:45:47.417 INFORMACIÓN [main] org.apache.catalina.startup.VersionLoggerListener.log Command line argument:             -agentlib:jdwp=transport=dt_shmem,address=tomcat_shared_memory_id,server=y,suspend=n
16-Oct-2021 14:45:47.417 INFORMACIÓN [main] org.apache.catalina.startup.VersionLoggerListener.log Command line argument:             -Dignore.endorsed.dirs=
16-Oct-2021 14:45:47.417 INFORMACIÓN [main] org.apache.catalina.startup.VersionLoggerListener.log Command line argument:             -Dcatalina.base=C:\Users\Manuel\OneDrive\Documents\NetBeansProjects\Server\apache-tomcat-8.5.71
16-Oct-2021 14:45:47.417 INFORMACIÓN [main] org.apache.catalina.startup.VersionLoggerListener.log Command line argument:             -Dcatalina.home=C:\Users\Manuel\OneDrive\Documents\NetBeansProjects\Server\apache-tomcat-8.5.71
16-Oct-2021 14:45:47.417 INFORMACIÓN [main] org.apache.catalina.startup.VersionLoggerListener.log Command line argument:             -Djava.io.tmpdir=C:\Users\Manuel\OneDrive\Documents\NetBeansProjects\Server\apache-tomcat-8.5.71\temp
16-Oct-2021 14:45:47.417 INFORMACIÓN [main] org.apache.catalina.core.AprLifecycleListener.lifecycleEvent Cargada la biblioteca nativa APR de Apache Tomcat [1.2.31] con la versión APR [1.7.0].
16-Oct-2021 14:45:47.417 INFORMACIÓN [main] org.apache.catalina.core.AprLifecycleListener.lifecycleEvent Capacidades APR: IPv6 [true], enviar fichero [true], aceptar filtros [false], aleatorio [true].
16-Oct-2021 14:45:47.511 INFORMACIÓN [main] org.apache.catalina.core.AprLifecycleListener.lifecycleEvent APR/OpenSSL configuration: useAprConnector [false], useOpenSSL [true]
16-Oct-2021 14:45:47.512 INFORMACIÓN [main] org.apache.catalina.core.AprLifecycleListener.initializeSSL OpenSSL inicializado correctamente [OpenSSL 1.1.1l  24 Aug 2021]
16-Oct-2021 14:45:47.964 INFORMACIÓN [main] org.apache.coyote.AbstractProtocol.init Inicializando el manejador de protocolo ["http-nio-8080"]

16-Oct-2021 14:45:48.334 INFORMACIÓN [main] org.apache.tomcat.util.net.NioSelectorPool.getSharedSelector Using a shared selector for servlet write/read
16-Oct-2021 14:45:48.382 INFORMACIÓN [main] org.apache.catalina.startup.Catalina.load Initialization processed in 2306 ms
16-Oct-2021 14:45:48.472 INFORMACIÓN [main] org.apache.catalina.core.StandardService.startInternal Arrancando servicio [Catalina]
16-Oct-2021 14:45:48.472 INFORMACIÓN [main] org.apache.catalina.core.StandardEngine.startInternal Starting Servlet engine: [Apache Tomcat/8.5.71]
16-Oct-2021 14:45:48.492 INFORMACIÓN [localhost-startStop-1] org.apache.catalina.startup.HostConfig.deployDescriptor Desplieque del descriptor de configuración [C:\Users\Manuel\OneDrive\Documents\NetBeansProjects\Server\apache-tomcat-8.5.71\conf\Catalina\localhost\Futbol.xml]
16-Oct-2021 14:45:49.709 INFORMACIÓN [localhost-startStop-1] org.apache.jasper.servlet.TldScanner.scanJars Al menos un JAR, que se ha explorado buscando TLDs, aún no contenía TLDs. Activar historial de depuración para este historiador para una completa lista de los JARs que fueron explorados y de los que nos se halló TLDs. Saltarse JARs no necesarios durante la exploración puede dar lugar a una mejora de tiempo significativa en el arranque y compilación de JSP .
16-Oct-2021 14:45:49.855 INFORMACIÓN [localhost-startStop-1] org.apache.catalina.startup.HostConfig.deployDescriptor Deployment of deployment descriptor [C:\Users\Manuel\OneDrive\Documents\NetBeansProjects\Server\apache-tomcat-8.5.71\conf\Catalina\localhost\Futbol.xml] has finished in [1.363] ms
16-Oct-2021 14:45:49.855 INFORMACIÓN [localhost-startStop-1] org.apache.catalina.startup.HostConfig.deployDescriptor Desplieque del descriptor de configuración [C:\Users\Manuel\OneDrive\Documents\NetBeansProjects\Server\apache-tomcat-8.5.71\conf\Catalina\localhost\GastosFamiliares.xml]
16-Oct-2021 14:45:50.167 INFORMACIÓN [localhost-startStop-1] org.apache.jasper.servlet.TldScanner.scanJars Al menos un JAR, que se ha explorado buscando TLDs, aún no contenía TLDs. Activar historial de depuración para este historiador para una completa lista de los JARs que fueron explorados y de los que nos se halló TLDs. Saltarse JARs no necesarios durante la exploración puede dar lugar a una mejora de tiempo significativa en el arranque y compilación de JSP .
16-Oct-2021 14:45:50.167 INFORMACIÓN [localhost-startStop-1] org.apache.catalina.startup.HostConfig.deployDescriptor Deployment of deployment descriptor [C:\Users\Manuel\OneDrive\Documents\NetBeansProjects\Server\apache-tomcat-8.5.71\conf\Catalina\localhost\GastosFamiliares.xml] has finished in [312] ms
16-Oct-2021 14:45:50.167 INFORMACIÓN [localhost-startStop-1] org.apache.catalina.startup.HostConfig.deployDescriptor Desplieque del descriptor de configuración [C:\Users\Manuel\OneDrive\Documents\NetBeansProjects\Server\apache-tomcat-8.5.71\conf\Catalina\localhost\parqueaderoWeb2021.xml]
16-Oct-2021 14:45:50.487 INFORMACIÓN [localhost-startStop-1] org.apache.jasper.servlet.TldScanner.scanJars Al menos un JAR, que se ha explorado buscando TLDs, aún no contenía TLDs. Activar historial de depuración para este historiador para una completa lista de los JARs que fueron explorados y de los que nos se halló TLDs. Saltarse JARs no necesarios durante la exploración puede dar lugar a una mejora de tiempo significativa en el arranque y compilación de JSP .
16-Oct-2021 14:45:50.487 INFORMACIÓN [localhost-startStop-1] org.apache.catalina.startup.HostConfig.deployDescriptor Deployment of deployment descriptor [C:\Users\Manuel\OneDrive\Documents\NetBeansProjects\Server\apache-tomcat-8.5.71\conf\Catalina\localhost\parqueaderoWeb2021.xml] has finished in [320] ms
16-Oct-2021 14:45:50.495 INFORMACIÓN [localhost-startStop-1] org.apache.catalina.startup.HostConfig.deployDescriptor Desplieque del descriptor de configuración [C:\Users\Manuel\OneDrive\Documents\NetBeansProjects\Server\apache-tomcat-8.5.71\conf\Catalina\localhost\Prestaya.xml]
16-Oct-2021 14:45:50.696 INFORMACIÓN [localhost-startStop-1] org.apache.jasper.servlet.TldScanner.scanJars Al menos un JAR, que se ha explorado buscando TLDs, aún no contenía TLDs. Activar historial de depuración para este historiador para una completa lista de los JARs que fueron explorados y de los que nos se halló TLDs. Saltarse JARs no necesarios durante la exploración puede dar lugar a una mejora de tiempo significativa en el arranque y compilación de JSP .
16-Oct-2021 14:45:50.704 INFORMACIÓN [localhost-startStop-1] org.apache.catalina.startup.HostConfig.deployDescriptor Deployment of deployment descriptor [C:\Users\Manuel\OneDrive\Documents\NetBeansProjects\Server\apache-tomcat-8.5.71\conf\Catalina\localhost\Prestaya.xml] has finished in [209] ms
16-Oct-2021 14:45:50.704 INFORMACIÓN [localhost-startStop-1] org.apache.catalina.startup.HostConfig.deployDescriptor Desplieque del descriptor de configuración [C:\Users\Manuel\OneDrive\Documents\NetBeansProjects\Server\apache-tomcat-8.5.71\conf\Catalina\localhost\votacionesAndroid.xml]
16-Oct-2021 14:45:50.704 GRAVE [localhost-startStop-1] org.apache.catalina.core.ContainerBase.addChildInternal ContainerBase.addChild: start: 
	org.apache.catalina.LifecycleException: Failed to start component [org.apache.catalina.webresources.StandardRoot@22237e0d]
		at org.apache.catalina.util.LifecycleBase.handleSubClassException(LifecycleBase.java:440)
		at org.apache.catalina.util.LifecycleBase.start(LifecycleBase.java:198)
		at org.apache.catalina.core.StandardContext.resourcesStart(StandardContext.java:4880)
		at org.apache.catalina.core.StandardContext.startInternal(StandardContext.java:5018)
		at org.apache.catalina.util.LifecycleBase.start(LifecycleBase.java:183)
		at org.apache.catalina.core.ContainerBase.addChildInternal(ContainerBase.java:753)
		at org.apache.catalina.core.ContainerBase.addChild(ContainerBase.java:727)
		at org.apache.catalina.core.StandardHost.addChild(StandardHost.java:695)
		at org.apache.catalina.startup.HostConfig.deployDescriptor(HostConfig.java:673)
		at org.apache.catalina.startup.HostConfig$DeployDescriptor.run(HostConfig.java:1881)
		at java.util.concurrent.Executors$RunnableAdapter.call(Executors.java:511)
		at java.util.concurrent.FutureTask.run(FutureTask.java:266)
		at java.util.concurrent.ThreadPoolExecutor.runWorker(ThreadPoolExecutor.java:1149)
		at java.util.concurrent.ThreadPoolExecutor$Worker.run(ThreadPoolExecutor.java:624)
		at java.lang.Thread.run(Thread.java:748)
	Caused by: java.lang.IllegalArgumentException: The main resource set specified [C:\Users\Manuel\OneDrive\Documents\NetBeansProjects\votacionesAndroid\build\web] is not valid
		at org.apache.catalina.webresources.StandardRoot.createMainResourceSet(StandardRoot.java:747)
		at org.apache.catalina.webresources.StandardRoot.startInternal(StandardRoot.java:705)
		at org.apache.catalina.util.LifecycleBase.start(LifecycleBase.java:183)
		... 13 more
16-Oct-2021 14:45:50.704 GRAVE [localhost-startStop-1] org.apache.catalina.startup.HostConfig.deployDescriptor Error durante el despliegue del descriptor de configuración [C:\Users\Manuel\OneDrive\Documents\NetBeansProjects\Server\apache-tomcat-8.5.71\conf\Catalina\localhost\votacionesAndroid.xml]
	java.lang.IllegalStateException: Error starting child
		at org.apache.catalina.core.ContainerBase.addChildInternal(ContainerBase.java:757)
		at org.apache.catalina.core.ContainerBase.addChild(ContainerBase.java:727)
		at org.apache.catalina.core.StandardHost.addChild(StandardHost.java:695)
		at org.apache.catalina.startup.HostConfig.deployDescriptor(HostConfig.java:673)
		at org.apache.catalina.startup.HostConfig$DeployDescriptor.run(HostConfig.java:1881)
		at java.util.concurrent.Executors$RunnableAdapter.call(Executors.java:511)
		at java.util.concurrent.FutureTask.run(FutureTask.java:266)
		at java.util.concurrent.ThreadPoolExecutor.runWorker(ThreadPoolExecutor.java:1149)
		at java.util.concurrent.ThreadPoolExecutor$Worker.run(ThreadPoolExecutor.java:624)
		at java.lang.Thread.run(Thread.java:748)
	Caused by: org.apache.catalina.LifecycleException: Failed to start component [org.apache.catalina.webresources.StandardRoot@22237e0d]
		at org.apache.catalina.util.LifecycleBase.handleSubClassException(LifecycleBase.java:440)
		at org.apache.catalina.util.LifecycleBase.start(LifecycleBase.java:198)
		at org.apache.catalina.core.StandardContext.resourcesStart(StandardContext.java:4880)
		at org.apache.catalina.core.StandardContext.startInternal(StandardContext.java:5018)
		at org.apache.catalina.util.LifecycleBase.start(LifecycleBase.java:183)
		at org.apache.catalina.core.ContainerBase.addChildInternal(ContainerBase.java:753)
		... 9 more
	Caused by: java.lang.IllegalArgumentException: The main resource set specified [C:\Users\Manuel\OneDrive\Documents\NetBeansProjects\votacionesAndroid\build\web] is not valid
		at org.apache.catalina.webresources.StandardRoot.createMainResourceSet(StandardRoot.java:747)
		at org.apache.catalina.webresources.StandardRoot.startInternal(StandardRoot.java:705)
		at org.apache.catalina.util.LifecycleBase.start(LifecycleBase.java:183)
		... 13 more
16-Oct-2021 14:45:50.757 INFORMACIÓN [localhost-startStop-1] org.apache.catalina.startup.HostConfig.deployDescriptor Deployment of deployment descriptor [C:\Users\Manuel\OneDrive\Documents\NetBeansProjects\Server\apache-tomcat-8.5.71\conf\Catalina\localhost\votacionesAndroid.xml] has finished in [53] ms
16-Oct-2021 14:45:50.757 INFORMACIÓN [localhost-startStop-1] org.apache.catalina.startup.HostConfig.deployDirectory Desplegando el directorio [C:\Users\Manuel\OneDrive\Documents\NetBeansProjects\Server\apache-tomcat-8.5.71\webapps\docs] de la aplicación web
16-Oct-2021 14:45:50.813 INFORMACIÓN [localhost-startStop-1] org.apache.catalina.startup.HostConfig.deployDirectory Deployment of web application directory [C:\Users\Manuel\OneDrive\Documents\NetBeansProjects\Server\apache-tomcat-8.5.71\webapps\docs] has finished in [56] ms
16-Oct-2021 14:45:50.813 INFORMACIÓN [localhost-startStop-1] org.apache.catalina.startup.HostConfig.deployDirectory Desplegando el directorio [C:\Users\Manuel\OneDrive\Documents\NetBeansProjects\Server\apache-tomcat-8.5.71\webapps\examples] de la aplicación web
16-Oct-2021 14:45:51.343 INFORMACIÓN [localhost-startStop-1] org.apache.catalina.startup.HostConfig.deployDirectory Deployment of web application directory [C:\Users\Manuel\OneDrive\Documents\NetBeansProjects\Server\apache-tomcat-8.5.71\webapps\examples] has finished in [530] ms
16-Oct-2021 14:45:51.343 INFORMACIÓN [localhost-startStop-1] org.apache.catalina.startup.HostConfig.deployDirectory Desplegando el directorio [C:\Users\Manuel\OneDrive\Documents\NetBeansProjects\Server\apache-tomcat-8.5.71\webapps\host-manager] de la aplicación web
16-Oct-2021 14:45:51.406 INFORMACIÓN [localhost-startStop-1] org.apache.catalina.startup.HostConfig.deployDirectory Deployment of web application directory [C:\Users\Manuel\OneDrive\Documents\NetBeansProjects\Server\apache-tomcat-8.5.71\webapps\host-manager] has finished in [63] ms
16-Oct-2021 14:45:51.406 INFORMACIÓN [localhost-startStop-1] org.apache.catalina.startup.HostConfig.deployDirectory Desplegando el directorio [C:\Users\Manuel\OneDrive\Documents\NetBeansProjects\Server\apache-tomcat-8.5.71\webapps\manager] de la aplicación web
16-Oct-2021 14:45:51.462 INFORMACIÓN [localhost-startStop-1] org.apache.catalina.startup.HostConfig.deployDirectory Deployment of web application directory [C:\Users\Manuel\OneDrive\Documents\NetBeansProjects\Server\apache-tomcat-8.5.71\webapps\manager] has finished in [56] ms
16-Oct-2021 14:45:51.462 INFORMACIÓN [localhost-startStop-1] org.apache.catalina.startup.HostConfig.deployDirectory Desplegando el directorio [C:\Users\Manuel\OneDrive\Documents\NetBeansProjects\Server\apache-tomcat-8.5.71\webapps\ROOT] de la aplicación web
16-Oct-2021 14:45:51.502 INFORMACIÓN [localhost-startStop-1] org.apache.catalina.startup.HostConfig.deployDirectory Deployment of web application directory [C:\Users\Manuel\OneDrive\Documents\NetBeansProjects\Server\apache-tomcat-8.5.71\webapps\ROOT] has finished in [40] ms
16-Oct-2021 14:45:51.510 INFORMACIÓN [main] org.apache.coyote.AbstractProtocol.start Starting ProtocolHandler ["http-nio-8080"]
16-Oct-2021 14:45:51.518 INFORMACIÓN [main] org.apache.catalina.startup.Catalina.start Server startup in 3137 ms
16-Oct-2021 14:45:53.228 INFORMACIÓN [http-nio-8080-exec-9] org.apache.catalina.startup.HostConfig.undeploy Repliegue (undeploy) de la aplicación web que tiene como trayectoria de contexto [/Futbol]
16-Oct-2021 14:45:53.319 INFORMACIÓN [http-nio-8080-exec-1] org.apache.catalina.startup.HostConfig.deployDescriptor Desplieque del descriptor de configuración [C:\Users\Manuel\OneDrive\Documents\NetBeansProjects\Server\apache-tomcat-8.5.71\conf\Catalina\localhost\Futbol.xml]
16-Oct-2021 14:45:53.651 INFORMACIÓN [http-nio-8080-exec-1] org.apache.jasper.servlet.TldScanner.scanJars Al menos un JAR, que se ha explorado buscando TLDs, aún no contenía TLDs. Activar historial de depuración para este historiador para una completa lista de los JARs que fueron explorados y de los que nos se halló TLDs. Saltarse JARs no necesarios durante la exploración puede dar lugar a una mejora de tiempo significativa en el arranque y compilación de JSP .
16-Oct-2021 14:45:53.651 INFORMACIÓN [http-nio-8080-exec-1] org.apache.catalina.startup.HostConfig.deployDescriptor Deployment of deployment descriptor [C:\Users\Manuel\OneDrive\Documents\NetBeansProjects\Server\apache-tomcat-8.5.71\conf\Catalina\localhost\Futbol.xml] has finished in [340] ms
16-Oct-2021 14:45:53.659 INFORMACIÓN [http-nio-8080-exec-10] org.apache.catalina.util.LifecycleBase.start The start() method was called on component [StandardEngine[Catalina].StandardHost[localhost].StandardContext[/Futbol]] after start() had already been called. The second call will be ignored.
16-Oct-2021 14:46:57.600 INFORMACIÓN [http-nio-8080-exec-4] org.apache.catalina.startup.HostConfig.undeploy Repliegue (undeploy) de la aplicación web que tiene como trayectoria de contexto [/Futbol]
16-Oct-2021 14:46:57.632 INFORMACIÓN [http-nio-8080-exec-1] org.apache.catalina.startup.HostConfig.deployDescriptor Desplieque del descriptor de configuración [C:\Users\Manuel\OneDrive\Documents\NetBeansProjects\Server\apache-tomcat-8.5.71\conf\Catalina\localhost\Futbol.xml]
16-Oct-2021 14:46:57.874 INFORMACIÓN [http-nio-8080-exec-1] org.apache.jasper.servlet.TldScanner.scanJars Al menos un JAR, que se ha explorado buscando TLDs, aún no contenía TLDs. Activar historial de depuración para este historiador para una completa lista de los JARs que fueron explorados y de los que nos se halló TLDs. Saltarse JARs no necesarios durante la exploración puede dar lugar a una mejora de tiempo significativa en el arranque y compilación de JSP .
16-Oct-2021 14:46:57.882 INFORMACIÓN [25] org.apache.catalina.startup.HostConfig.deployDescriptor Deployment of deployment descriptor [C:\Users\Manuel\OneDrive\Documents\NetBeansProjects\Server\apache-tomcat-8.5.71\conf\Catalina\localhost\Futbol.xml] has finished in [250] ms
16-Oct-2021 14:46:57.890 INFORMACIÓN [http-nio-8080-exec-12] org.apache.catalina.util.LifecycleBase.start The start() method was called on component [StandardEngine[Catalina].StandardHost[localhost].StandardContext[/Futbol]] after start() had already been called. The second call will be ignored.
16-Oct-2021 14:51:57.471 INFORMACIÓN [http-nio-8080-exec-22] org.apache.catalina.startup.HostConfig.undeploy Repliegue (undeploy) de la aplicación web que tiene como trayectoria de contexto [/Futbol]
16-Oct-2021 14:51:57.487 INFORMACIÓN [http-nio-8080-exec-21] org.apache.catalina.startup.HostConfig.deployDescriptor Desplieque del descriptor de configuración [C:\Users\Manuel\OneDrive\Documents\NetBeansProjects\Server\apache-tomcat-8.5.71\conf\Catalina\localhost\Futbol.xml]
16-Oct-2021 14:51:57.803 INFORMACIÓN [http-nio-8080-exec-21] org.apache.jasper.servlet.TldScanner.scanJars Al menos un JAR, que se ha explorado buscando TLDs, aún no contenía TLDs. Activar historial de depuración para este historiador para una completa lista de los JARs que fueron explorados y de los que nos se halló TLDs. Saltarse JARs no necesarios durante la exploración puede dar lugar a una mejora de tiempo significativa en el arranque y compilación de JSP .
16-Oct-2021 14:51:57.803 INFORMACIÓN [http-nio-8080-exec-21] org.apache.catalina.startup.HostConfig.deployDescriptor Deployment of deployment descriptor [C:\Users\Manuel\OneDrive\Documents\NetBeansProjects\Server\apache-tomcat-8.5.71\conf\Catalina\localhost\Futbol.xml] has finished in [316] ms
16-Oct-2021 14:51:57.818 INFORMACIÓN [http-nio-8080-exec-23] org.apache.catalina.util.LifecycleBase.start The start() method was called on component [StandardEngine[Catalina].StandardHost[localhost].StandardContext[/Futbol]] after start() had already been called. The second call will be ignored.
16-Oct-2021 15:36:11.491 INFORMACIÓN [http-nio-8080-exec-29] org.apache.catalina.core.StandardContext.reload Ha comenzado la recarga de Contexto [/Futbol]
16-Oct-2021 15:36:11.507 ADVERTENCIA [http-nio-8080-exec-29] org.apache.catalina.loader.WebappClassLoaderBase.clearReferencesJdbc La aplicación web [Futbol] registró el conductor JDBC [org.postgresql.Driver] pero falló al anular el registro mientras la aplicación web estaba parada. Para prevenir un fallo de memoria, se ha anulado el registro del conductor JDBC por la fuerza.
16-Oct-2021 15:36:11.891 INFORMACIÓN [http-nio-8080-exec-29] org.apache.jasper.servlet.TldScanner.scanJars Al menos un JAR, que se ha explorado buscando TLDs, aún no contenía TLDs. Activar historial de depuración para este historiador para una completa lista de los JARs que fueron explorados y de los que nos se halló TLDs. Saltarse JARs no necesarios durante la exploración puede dar lugar a una mejora de tiempo significativa en el arranque y compilación de JSP .
16-Oct-2021 15:36:11.915 INFORMACIÓN [http-nio-8080-exec-29] org.apache.catalina.core.StandardContext.reload Se ha completado la recarga de este Contexto
16-Oct-2021 15:36:11.923 INFORMACIÓN [http-nio-8080-exec-32] org.apache.catalina.core.StandardContext.reload Ha comenzado la recarga de Contexto [/Futbol]
16-Oct-2021 15:36:12.193 INFORMACIÓN [http-nio-8080-exec-32] org.apache.jasper.servlet.TldScanner.scanJars Al menos un JAR, que se ha explorado buscando TLDs, aún no contenía TLDs. Activar historial de depuración para este historiador para una completa lista de los JARs que fueron explorados y de los que nos se halló TLDs. Saltarse JARs no necesarios durante la exploración puede dar lugar a una mejora de tiempo significativa en el arranque y compilación de JSP .
16-Oct-2021 15:36:12.201 INFORMACIÓN [http-nio-8080-exec-32] org.apache.catalina.core.StandardContext.reload Se ha completado la recarga de este Contexto
16-Oct-2021 15:37:17.532 INFORMACIÓN [http-nio-8080-exec-38] org.apache.catalina.core.StandardContext.reload Ha comenzado la recarga de Contexto [/Futbol]
16-Oct-2021 15:37:17.540 ADVERTENCIA [http-nio-8080-exec-38] org.apache.catalina.loader.WebappClassLoaderBase.clearReferencesJdbc La aplicación web [Futbol] registró el conductor JDBC [org.postgresql.Driver] pero falló al anular el registro mientras la aplicación web estaba parada. Para prevenir un fallo de memoria, se ha anulado el registro del conductor JDBC por la fuerza.
16-Oct-2021 15:37:17.892 INFORMACIÓN [http-nio-8080-exec-38] org.apache.jasper.servlet.TldScanner.scanJars Al menos un JAR, que se ha explorado buscando TLDs, aún no contenía TLDs. Activar historial de depuración para este historiador para una completa lista de los JARs que fueron explorados y de los que nos se halló TLDs. Saltarse JARs no necesarios durante la exploración puede dar lugar a una mejora de tiempo significativa en el arranque y compilación de JSP .
16-Oct-2021 15:37:17.908 INFORMACIÓN [http-nio-8080-exec-38] org.apache.catalina.core.StandardContext.reload Se ha completado la recarga de este Contexto
16-Oct-2021 15:37:17.932 INFORMACIÓN [http-nio-8080-exec-32] org.apache.catalina.core.StandardContext.reload Ha comenzado la recarga de Contexto [/Futbol]
16-Oct-2021 15:37:18.401 INFORMACIÓN [http-nio-8080-exec-32] org.apache.jasper.servlet.TldScanner.scanJars Al menos un JAR, que se ha explorado buscando TLDs, aún no contenía TLDs. Activar historial de depuración para este historiador para una completa lista de los JARs que fueron explorados y de los que nos se halló TLDs. Saltarse JARs no necesarios durante la exploración puede dar lugar a una mejora de tiempo significativa en el arranque y compilación de JSP .
16-Oct-2021 15:37:18.401 INFORMACIÓN [http-nio-8080-exec-32] org.apache.catalina.core.StandardContext.reload Se ha completado la recarga de este Contexto
16-Oct-2021 19:53:24.447 INFORMACIÓN [http-nio-8080-exec-44] org.apache.catalina.core.StandardContext.reload Ha comenzado la recarga de Contexto [/Futbol]
16-Oct-2021 19:53:24.659 ADVERTENCIA [http-nio-8080-exec-44] org.apache.catalina.loader.WebappClassLoaderBase.clearReferencesJdbc La aplicación web [Futbol] registró el conductor JDBC [org.postgresql.Driver] pero falló al anular el registro mientras la aplicación web estaba parada. Para prevenir un fallo de memoria, se ha anulado el registro del conductor JDBC por la fuerza.
16-Oct-2021 19:53:25.632 INFORMACIÓN [http-nio-8080-exec-44] org.apache.jasper.servlet.TldScanner.scanJars Al menos un JAR, que se ha explorado buscando TLDs, aún no contenía TLDs. Activar historial de depuración para este historiador para una completa lista de los JARs que fueron explorados y de los que nos se halló TLDs. Saltarse JARs no necesarios durante la exploración puede dar lugar a una mejora de tiempo significativa en el arranque y compilación de JSP .
16-Oct-2021 19:53:25.648 INFORMACIÓN [http-nio-8080-exec-44] org.apache.catalina.core.StandardContext.reload Se ha completado la recarga de este Contexto
16-Oct-2021 19:53:25.663 INFORMACIÓN [http-nio-8080-exec-52] org.apache.catalina.core.StandardContext.reload Ha comenzado la recarga de Contexto [/Futbol]
16-Oct-2021 19:53:25.949 INFORMACIÓN [http-nio-8080-exec-52] org.apache.jasper.servlet.TldScanner.scanJars Al menos un JAR, que se ha explorado buscando TLDs, aún no contenía TLDs. Activar historial de depuración para este historiador para una completa lista de los JARs que fueron explorados y de los que nos se halló TLDs. Saltarse JARs no necesarios durante la exploración puede dar lugar a una mejora de tiempo significativa en el arranque y compilación de JSP .
16-Oct-2021 19:53:25.964 INFORMACIÓN [http-nio-8080-exec-52] org.apache.catalina.core.StandardContext.reload Se ha completado la recarga de este Contexto
16-Oct-2021 21:37:28.323 INFORMACIÓN [main] org.apache.catalina.core.StandardServer.await Se ha recibido un comando de apagado a través del puerto de apagado. Parando la instancia del Servidor.
16-Oct-2021 21:37:28.339 INFORMACIÓN [main] org.apache.coyote.AbstractProtocol.pause Pausing ProtocolHandler ["http-nio-8080"]
16-Oct-2021 21:37:28.570 INFORMACIÓN [main] org.apache.catalina.core.StandardService.stopInternal Parando servicio [Catalina]
16-Oct-2021 21:37:28.718 ADVERTENCIA [localhost-startStop-2] org.apache.catalina.loader.WebappClassLoaderBase.clearReferencesJdbc La aplicación web [Futbol] registró el conductor JDBC [org.postgresql.Driver] pero falló al anular el registro mientras la aplicación web estaba parada. Para prevenir un fallo de memoria, se ha anulado el registro del conductor JDBC por la fuerza.
16-Oct-2021 21:37:28.749 INFORMACIÓN [main] org.apache.coyote.AbstractProtocol.stop Stopping ProtocolHandler ["http-nio-8080"]
16-Oct-2021 21:37:28.764 INFORMACIÓN [main] org.apache.coyote.AbstractProtocol.destroy Destroying ProtocolHandler ["http-nio-8080"]
