06-Oct-2021 08:36:06.289 INFORMACIÓN [main] org.apache.catalina.startup.VersionLoggerListener.log Nombre de la versión del servidor: Apache Tomcat/8.5.71
06-Oct-2021 08:36:06.294 INFORMACIÓN [main] org.apache.catalina.startup.VersionLoggerListener.log Server built:                      Sep 9 2021 18:43:14 UTC
06-Oct-2021 08:36:06.294 INFORMACIÓN [main] org.apache.catalina.startup.VersionLoggerListener.log Número de versión de servidor:     8.5.71.0
06-Oct-2021 08:36:06.294 INFORMACIÓN [main] org.apache.catalina.startup.VersionLoggerListener.log OS Name:                           Windows 10
06-Oct-2021 08:36:06.295 INFORMACIÓN [main] org.apache.catalina.startup.VersionLoggerListener.log Versión de Systema Operativo:      10.0
06-Oct-2021 08:36:06.295 INFORMACIÓN [main] org.apache.catalina.startup.VersionLoggerListener.log Arquitectura:                      amd64
06-Oct-2021 08:36:06.295 INFORMACIÓN [main] org.apache.catalina.startup.VersionLoggerListener.log Java Home:                         C:\Program Files\Java\jdk1.8.0_271\jre
06-Oct-2021 08:36:06.295 INFORMACIÓN [main] org.apache.catalina.startup.VersionLoggerListener.log JVM Version:                       1.8.0_271-b09
06-Oct-2021 08:36:06.295 INFORMACIÓN [main] org.apache.catalina.startup.VersionLoggerListener.log Vededor JVM:                       Oracle Corporation
06-Oct-2021 08:36:06.295 INFORMACIÓN [main] org.apache.catalina.startup.VersionLoggerListener.log CATALINA_BASE:                     C:\Users\Manuel\OneDrive\Documents\NetBeansProjects\Server\apache-tomcat-8.5.71
06-Oct-2021 08:36:06.296 INFORMACIÓN [main] org.apache.catalina.startup.VersionLoggerListener.log CATALINA_HOME:                     C:\Users\Manuel\OneDrive\Documents\NetBeansProjects\Server\apache-tomcat-8.5.71
06-Oct-2021 08:36:06.297 INFORMACIÓN [main] org.apache.catalina.startup.VersionLoggerListener.log Command line argument:             -Djava.util.logging.config.file=C:\Users\Manuel\OneDrive\Documents\NetBeansProjects\Server\apache-tomcat-8.5.71\conf\logging.properties
06-Oct-2021 08:36:06.297 INFORMACIÓN [main] org.apache.catalina.startup.VersionLoggerListener.log Command line argument:             -Djava.util.logging.manager=org.apache.juli.ClassLoaderLogManager
06-Oct-2021 08:36:06.298 INFORMACIÓN [main] org.apache.catalina.startup.VersionLoggerListener.log Command line argument:             -Dhttp.nonProxyHosts=localhost|127.0.0.1|LAPTOP-7MAH5C0M
06-Oct-2021 08:36:06.298 INFORMACIÓN [main] org.apache.catalina.startup.VersionLoggerListener.log Command line argument:             -Djdk.tls.ephemeralDHKeySize=2048
06-Oct-2021 08:36:06.298 INFORMACIÓN [main] org.apache.catalina.startup.VersionLoggerListener.log Command line argument:             -Djava.protocol.handler.pkgs=org.apache.catalina.webresources
06-Oct-2021 08:36:06.298 INFORMACIÓN [main] org.apache.catalina.startup.VersionLoggerListener.log Command line argument:             -Dignore.endorsed.dirs=
06-Oct-2021 08:36:06.299 INFORMACIÓN [main] org.apache.catalina.startup.VersionLoggerListener.log Command line argument:             -Dcatalina.base=C:\Users\Manuel\OneDrive\Documents\NetBeansProjects\Server\apache-tomcat-8.5.71
06-Oct-2021 08:36:06.299 INFORMACIÓN [main] org.apache.catalina.startup.VersionLoggerListener.log Command line argument:             -Dcatalina.home=C:\Users\Manuel\OneDrive\Documents\NetBeansProjects\Server\apache-tomcat-8.5.71
06-Oct-2021 08:36:06.299 INFORMACIÓN [main] org.apache.catalina.startup.VersionLoggerListener.log Command line argument:             -Djava.io.tmpdir=C:\Users\Manuel\OneDrive\Documents\NetBeansProjects\Server\apache-tomcat-8.5.71\temp
06-Oct-2021 08:36:06.299 INFORMACIÓN [main] org.apache.catalina.core.AprLifecycleListener.lifecycleEvent Cargada la biblioteca nativa APR de Apache Tomcat [1.2.31] con la versión APR [1.7.0].
06-Oct-2021 08:36:06.300 INFORMACIÓN [main] org.apache.catalina.core.AprLifecycleListener.lifecycleEvent Capacidades APR: IPv6 [true], enviar fichero [true], aceptar filtros [false], aleatorio [true].
06-Oct-2021 08:36:06.300 INFORMACIÓN [main] org.apache.catalina.core.AprLifecycleListener.lifecycleEvent APR/OpenSSL configuration: useAprConnector [false], useOpenSSL [true]
06-Oct-2021 08:36:06.410 INFORMACIÓN [main] org.apache.catalina.core.AprLifecycleListener.initializeSSL OpenSSL inicializado correctamente [OpenSSL 1.1.1l  24 Aug 2021]
06-Oct-2021 08:36:06.786 INFORMACIÓN [main] org.apache.coyote.AbstractProtocol.init Inicializando el manejador de protocolo ["http-nio-8080"]

06-Oct-2021 08:36:07.074 INFORMACIÓN [main] org.apache.tomcat.util.net.NioSelectorPool.getSharedSelector Using a shared selector for servlet write/read
06-Oct-2021 08:36:07.163 INFORMACIÓN [main] org.apache.catalina.startup.Catalina.load Initialization processed in 1484 ms
06-Oct-2021 08:36:07.262 INFORMACIÓN [main] org.apache.catalina.core.StandardService.startInternal Arrancando servicio [Catalina]
06-Oct-2021 08:36:07.262 INFORMACIÓN [main] org.apache.catalina.core.StandardEngine.startInternal Starting Servlet engine: [Apache Tomcat/8.5.71]
06-Oct-2021 08:36:07.320 INFORMACIÓN [localhost-startStop-1] org.apache.catalina.startup.HostConfig.deployDescriptor Desplieque del descriptor de configuración [C:\Users\Manuel\OneDrive\Documents\NetBeansProjects\Server\apache-tomcat-8.5.71\conf\Catalina\localhost\GastosFamiliares.xml]
06-Oct-2021 08:36:08.260 INFORMACIÓN [localhost-startStop-1] org.apache.jasper.servlet.TldScanner.scanJars Al menos un JAR, que se ha explorado buscando TLDs, aún no contenía TLDs. Activar historial de depuración para este historiador para una completa lista de los JARs que fueron explorados y de los que nos se halló TLDs. Saltarse JARs no necesarios durante la exploración puede dar lugar a una mejora de tiempo significativa en el arranque y compilación de JSP .
06-Oct-2021 08:36:08.354 INFORMACIÓN [localhost-startStop-1] org.apache.catalina.startup.HostConfig.deployDescriptor Deployment of deployment descriptor [C:\Users\Manuel\OneDrive\Documents\NetBeansProjects\Server\apache-tomcat-8.5.71\conf\Catalina\localhost\GastosFamiliares.xml] has finished in [1.032] ms
06-Oct-2021 08:36:08.354 INFORMACIÓN [localhost-startStop-1] org.apache.catalina.startup.HostConfig.deployDescriptor Desplieque del descriptor de configuración [C:\Users\Manuel\OneDrive\Documents\NetBeansProjects\Server\apache-tomcat-8.5.71\conf\Catalina\localhost\parqueaderoWeb2021.xml]
06-Oct-2021 08:36:08.791 INFORMACIÓN [localhost-startStop-1] org.apache.jasper.servlet.TldScanner.scanJars Al menos un JAR, que se ha explorado buscando TLDs, aún no contenía TLDs. Activar historial de depuración para este historiador para una completa lista de los JARs que fueron explorados y de los que nos se halló TLDs. Saltarse JARs no necesarios durante la exploración puede dar lugar a una mejora de tiempo significativa en el arranque y compilación de JSP .
06-Oct-2021 08:36:08.795 INFORMACIÓN [localhost-startStop-1] org.apache.catalina.startup.HostConfig.deployDescriptor Deployment of deployment descriptor [C:\Users\Manuel\OneDrive\Documents\NetBeansProjects\Server\apache-tomcat-8.5.71\conf\Catalina\localhost\parqueaderoWeb2021.xml] has finished in [440] ms
06-Oct-2021 08:36:08.795 INFORMACIÓN [localhost-startStop-1] org.apache.catalina.startup.HostConfig.deployDescriptor Desplieque del descriptor de configuración [C:\Users\Manuel\OneDrive\Documents\NetBeansProjects\Server\apache-tomcat-8.5.71\conf\Catalina\localhost\votacionesAndroid.xml]
06-Oct-2021 08:36:08.804 GRAVE [localhost-startStop-1] org.apache.catalina.core.ContainerBase.addChildInternal ContainerBase.addChild: start: 
	org.apache.catalina.LifecycleException: Failed to start component [org.apache.catalina.webresources.StandardRoot@2a32e64a]
		at org.apache.catalina.util.LifecycleBase.handleSubClassException(LifecycleBase.java:440)
		at org.apache.catalina.util.LifecycleBase.start(LifecycleBase.java:198)
		at org.apache.catalina.core.StandardContext.resourcesStart(StandardContext.java:4880)
		at org.apache.catalina.core.StandardContext.startInternal(StandardContext.java:5018)
		at org.apache.catalina.util.LifecycleBase.start(LifecycleBase.java:183)
		at org.apache.catalina.core.ContainerBase.addChildInternal(ContainerBase.java:753)
		at org.apache.catalina.core.ContainerBase.addChild(ContainerBase.java:727)
		at org.apache.catalina.core.StandardHost.addChild(StandardHost.java:695)
		at org.apache.catalina.startup.HostConfig.deployDescriptor(HostConfig.java:673)
		at org.apache.catalina.startup.HostConfig$DeployDescriptor.run(HostConfig.java:1881)
		at java.util.concurrent.Executors$RunnableAdapter.call(Executors.java:511)
		at java.util.concurrent.FutureTask.run(FutureTask.java:266)
		at java.util.concurrent.ThreadPoolExecutor.runWorker(ThreadPoolExecutor.java:1149)
		at java.util.concurrent.ThreadPoolExecutor$Worker.run(ThreadPoolExecutor.java:624)
		at java.lang.Thread.run(Thread.java:748)
	Caused by: java.lang.IllegalArgumentException: The main resource set specified [C:\Users\Manuel\OneDrive\Documents\NetBeansProjects\votacionesAndroid\build\web] is not valid
		at org.apache.catalina.webresources.StandardRoot.createMainResourceSet(StandardRoot.java:747)
		at org.apache.catalina.webresources.StandardRoot.startInternal(StandardRoot.java:705)
		at org.apache.catalina.util.LifecycleBase.start(LifecycleBase.java:183)
		... 13 more
06-Oct-2021 08:36:08.805 GRAVE [localhost-startStop-1] org.apache.catalina.startup.HostConfig.deployDescriptor Error durante el despliegue del descriptor de configuración [C:\Users\Manuel\OneDrive\Documents\NetBeansProjects\Server\apache-tomcat-8.5.71\conf\Catalina\localhost\votacionesAndroid.xml]
	java.lang.IllegalStateException: Error starting child
		at org.apache.catalina.core.ContainerBase.addChildInternal(ContainerBase.java:757)
		at org.apache.catalina.core.ContainerBase.addChild(ContainerBase.java:727)
		at org.apache.catalina.core.StandardHost.addChild(StandardHost.java:695)
		at org.apache.catalina.startup.HostConfig.deployDescriptor(HostConfig.java:673)
		at org.apache.catalina.startup.HostConfig$DeployDescriptor.run(HostConfig.java:1881)
		at java.util.concurrent.Executors$RunnableAdapter.call(Executors.java:511)
		at java.util.concurrent.FutureTask.run(FutureTask.java:266)
		at java.util.concurrent.ThreadPoolExecutor.runWorker(ThreadPoolExecutor.java:1149)
		at java.util.concurrent.ThreadPoolExecutor$Worker.run(ThreadPoolExecutor.java:624)
		at java.lang.Thread.run(Thread.java:748)
	Caused by: org.apache.catalina.LifecycleException: Failed to start component [org.apache.catalina.webresources.StandardRoot@2a32e64a]
		at org.apache.catalina.util.LifecycleBase.handleSubClassException(LifecycleBase.java:440)
		at org.apache.catalina.util.LifecycleBase.start(LifecycleBase.java:198)
		at org.apache.catalina.core.StandardContext.resourcesStart(StandardContext.java:4880)
		at org.apache.catalina.core.StandardContext.startInternal(StandardContext.java:5018)
		at org.apache.catalina.util.LifecycleBase.start(LifecycleBase.java:183)
		at org.apache.catalina.core.ContainerBase.addChildInternal(ContainerBase.java:753)
		... 9 more
	Caused by: java.lang.IllegalArgumentException: The main resource set specified [C:\Users\Manuel\OneDrive\Documents\NetBeansProjects\votacionesAndroid\build\web] is not valid
		at org.apache.catalina.webresources.StandardRoot.createMainResourceSet(StandardRoot.java:747)
		at org.apache.catalina.webresources.StandardRoot.startInternal(StandardRoot.java:705)
		at org.apache.catalina.util.LifecycleBase.start(LifecycleBase.java:183)
		... 13 more
06-Oct-2021 08:36:08.850 INFORMACIÓN [localhost-startStop-1] org.apache.catalina.startup.HostConfig.deployDescriptor Deployment of deployment descriptor [C:\Users\Manuel\OneDrive\Documents\NetBeansProjects\Server\apache-tomcat-8.5.71\conf\Catalina\localhost\votacionesAndroid.xml] has finished in [54] ms
06-Oct-2021 08:36:08.851 INFORMACIÓN [localhost-startStop-1] org.apache.catalina.startup.HostConfig.deployDirectory Desplegando el directorio [C:\Users\Manuel\OneDrive\Documents\NetBeansProjects\Server\apache-tomcat-8.5.71\webapps\docs] de la aplicación web
06-Oct-2021 08:36:08.975 INFORMACIÓN [localhost-startStop-1] org.apache.catalina.startup.HostConfig.deployDirectory Deployment of web application directory [C:\Users\Manuel\OneDrive\Documents\NetBeansProjects\Server\apache-tomcat-8.5.71\webapps\docs] has finished in [124] ms
06-Oct-2021 08:36:08.975 INFORMACIÓN [localhost-startStop-1] org.apache.catalina.startup.HostConfig.deployDirectory Desplegando el directorio [C:\Users\Manuel\OneDrive\Documents\NetBeansProjects\Server\apache-tomcat-8.5.71\webapps\examples] de la aplicación web
06-Oct-2021 08:36:10.272 INFORMACIÓN [localhost-startStop-1] org.apache.catalina.startup.HostConfig.deployDirectory Deployment of web application directory [C:\Users\Manuel\OneDrive\Documents\NetBeansProjects\Server\apache-tomcat-8.5.71\webapps\examples] has finished in [1.296] ms
06-Oct-2021 08:36:10.272 INFORMACIÓN [localhost-startStop-1] org.apache.catalina.startup.HostConfig.deployDirectory Desplegando el directorio [C:\Users\Manuel\OneDrive\Documents\NetBeansProjects\Server\apache-tomcat-8.5.71\webapps\host-manager] de la aplicación web
06-Oct-2021 08:36:10.486 INFORMACIÓN [localhost-startStop-1] org.apache.catalina.startup.HostConfig.deployDirectory Deployment of web application directory [C:\Users\Manuel\OneDrive\Documents\NetBeansProjects\Server\apache-tomcat-8.5.71\webapps\host-manager] has finished in [214] ms
06-Oct-2021 08:36:10.486 INFORMACIÓN [localhost-startStop-1] org.apache.catalina.startup.HostConfig.deployDirectory Desplegando el directorio [C:\Users\Manuel\OneDrive\Documents\NetBeansProjects\Server\apache-tomcat-8.5.71\webapps\manager] de la aplicación web
06-Oct-2021 08:36:10.537 INFORMACIÓN [localhost-startStop-1] org.apache.catalina.startup.HostConfig.deployDirectory Deployment of web application directory [C:\Users\Manuel\OneDrive\Documents\NetBeansProjects\Server\apache-tomcat-8.5.71\webapps\manager] has finished in [51] ms
06-Oct-2021 08:36:10.537 INFORMACIÓN [localhost-startStop-1] org.apache.catalina.startup.HostConfig.deployDirectory Desplegando el directorio [C:\Users\Manuel\OneDrive\Documents\NetBeansProjects\Server\apache-tomcat-8.5.71\webapps\ROOT] de la aplicación web
06-Oct-2021 08:36:10.574 INFORMACIÓN [localhost-startStop-1] org.apache.catalina.startup.HostConfig.deployDirectory Deployment of web application directory [C:\Users\Manuel\OneDrive\Documents\NetBeansProjects\Server\apache-tomcat-8.5.71\webapps\ROOT] has finished in [37] ms
06-Oct-2021 08:36:10.606 INFORMACIÓN [main] org.apache.coyote.AbstractProtocol.start Starting ProtocolHandler ["http-nio-8080"]
06-Oct-2021 08:36:10.618 INFORMACIÓN [main] org.apache.catalina.startup.Catalina.start Server startup in 3455 ms
06-Oct-2021 08:36:14.363 INFORMACIÓN [http-nio-8080-exec-9] org.apache.catalina.core.StandardContext.reload Ha comenzado la recarga de Contexto [/GastosFamiliares]
06-Oct-2021 08:36:14.779 INFORMACIÓN [http-nio-8080-exec-9] org.apache.jasper.servlet.TldScanner.scanJars Al menos un JAR, que se ha explorado buscando TLDs, aún no contenía TLDs. Activar historial de depuración para este historiador para una completa lista de los JARs que fueron explorados y de los que nos se halló TLDs. Saltarse JARs no necesarios durante la exploración puede dar lugar a una mejora de tiempo significativa en el arranque y compilación de JSP .
06-Oct-2021 08:36:14.783 INFORMACIÓN [http-nio-8080-exec-9] org.apache.catalina.core.StandardContext.reload Se ha completado la recarga de este Contexto
06-Oct-2021 08:37:07.841 INFORMACIÓN [main] org.apache.catalina.core.StandardServer.await Se ha recibido un comando de apagado a través del puerto de apagado. Parando la instancia del Servidor.
06-Oct-2021 08:37:07.841 INFORMACIÓN [main] org.apache.coyote.AbstractProtocol.pause Pausing ProtocolHandler ["http-nio-8080"]
06-Oct-2021 08:37:07.999 INFORMACIÓN [main] org.apache.catalina.core.StandardService.stopInternal Parando servicio [Catalina]
06-Oct-2021 08:37:08.047 ADVERTENCIA [localhost-startStop-2] org.apache.catalina.loader.WebappClassLoaderBase.clearReferencesJdbc La aplicación web [GastosFamiliares] registró el conductor JDBC [org.postgresql.Driver] pero falló al anular el registro mientras la aplicación web estaba parada. Para prevenir un fallo de memoria, se ha anulado el registro del conductor JDBC por la fuerza.
06-Oct-2021 08:37:08.057 INFORMACIÓN [main] org.apache.coyote.AbstractProtocol.stop Stopping ProtocolHandler ["http-nio-8080"]
06-Oct-2021 08:37:08.061 INFORMACIÓN [main] org.apache.coyote.AbstractProtocol.destroy Destroying ProtocolHandler ["http-nio-8080"]
06-Oct-2021 08:40:16.333 INFORMACIÓN [main] org.apache.catalina.startup.VersionLoggerListener.log Nombre de la versión del servidor: Apache Tomcat/8.5.71
06-Oct-2021 08:40:16.339 INFORMACIÓN [main] org.apache.catalina.startup.VersionLoggerListener.log Server built:                      Sep 9 2021 18:43:14 UTC
06-Oct-2021 08:40:16.339 INFORMACIÓN [main] org.apache.catalina.startup.VersionLoggerListener.log Número de versión de servidor:     8.5.71.0
06-Oct-2021 08:40:16.339 INFORMACIÓN [main] org.apache.catalina.startup.VersionLoggerListener.log OS Name:                           Windows 10
06-Oct-2021 08:40:16.339 INFORMACIÓN [main] org.apache.catalina.startup.VersionLoggerListener.log Versión de Systema Operativo:      10.0
06-Oct-2021 08:40:16.340 INFORMACIÓN [main] org.apache.catalina.startup.VersionLoggerListener.log Arquitectura:                      amd64
06-Oct-2021 08:40:16.340 INFORMACIÓN [main] org.apache.catalina.startup.VersionLoggerListener.log Java Home:                         C:\Program Files\Java\jdk1.8.0_271\jre
06-Oct-2021 08:40:16.340 INFORMACIÓN [main] org.apache.catalina.startup.VersionLoggerListener.log JVM Version:                       1.8.0_271-b09
06-Oct-2021 08:40:16.340 INFORMACIÓN [main] org.apache.catalina.startup.VersionLoggerListener.log Vededor JVM:                       Oracle Corporation
06-Oct-2021 08:40:16.340 INFORMACIÓN [main] org.apache.catalina.startup.VersionLoggerListener.log CATALINA_BASE:                     C:\Users\Manuel\OneDrive\Documents\NetBeansProjects\Server\apache-tomcat-8.5.71
06-Oct-2021 08:40:16.340 INFORMACIÓN [main] org.apache.catalina.startup.VersionLoggerListener.log CATALINA_HOME:                     C:\Users\Manuel\OneDrive\Documents\NetBeansProjects\Server\apache-tomcat-8.5.71
06-Oct-2021 08:40:16.341 INFORMACIÓN [main] org.apache.catalina.startup.VersionLoggerListener.log Command line argument:             -Djava.util.logging.config.file=C:\Users\Manuel\OneDrive\Documents\NetBeansProjects\Server\apache-tomcat-8.5.71\conf\logging.properties
06-Oct-2021 08:40:16.341 INFORMACIÓN [main] org.apache.catalina.startup.VersionLoggerListener.log Command line argument:             -Djava.util.logging.manager=org.apache.juli.ClassLoaderLogManager
06-Oct-2021 08:40:16.341 INFORMACIÓN [main] org.apache.catalina.startup.VersionLoggerListener.log Command line argument:             -Dhttp.nonProxyHosts=localhost|127.0.0.1|LAPTOP-7MAH5C0M
06-Oct-2021 08:40:16.343 INFORMACIÓN [main] org.apache.catalina.startup.VersionLoggerListener.log Command line argument:             -Djdk.tls.ephemeralDHKeySize=2048
06-Oct-2021 08:40:16.343 INFORMACIÓN [main] org.apache.catalina.startup.VersionLoggerListener.log Command line argument:             -Djava.protocol.handler.pkgs=org.apache.catalina.webresources
06-Oct-2021 08:40:16.343 INFORMACIÓN [main] org.apache.catalina.startup.VersionLoggerListener.log Command line argument:             -Dignore.endorsed.dirs=
06-Oct-2021 08:40:16.343 INFORMACIÓN [main] org.apache.catalina.startup.VersionLoggerListener.log Command line argument:             -Dcatalina.base=C:\Users\Manuel\OneDrive\Documents\NetBeansProjects\Server\apache-tomcat-8.5.71
06-Oct-2021 08:40:16.343 INFORMACIÓN [main] org.apache.catalina.startup.VersionLoggerListener.log Command line argument:             -Dcatalina.home=C:\Users\Manuel\OneDrive\Documents\NetBeansProjects\Server\apache-tomcat-8.5.71
06-Oct-2021 08:40:16.343 INFORMACIÓN [main] org.apache.catalina.startup.VersionLoggerListener.log Command line argument:             -Djava.io.tmpdir=C:\Users\Manuel\OneDrive\Documents\NetBeansProjects\Server\apache-tomcat-8.5.71\temp
06-Oct-2021 08:40:16.347 INFORMACIÓN [main] org.apache.catalina.core.AprLifecycleListener.lifecycleEvent Cargada la biblioteca nativa APR de Apache Tomcat [1.2.31] con la versión APR [1.7.0].
06-Oct-2021 08:40:16.347 INFORMACIÓN [main] org.apache.catalina.core.AprLifecycleListener.lifecycleEvent Capacidades APR: IPv6 [true], enviar fichero [true], aceptar filtros [false], aleatorio [true].
06-Oct-2021 08:40:16.347 INFORMACIÓN [main] org.apache.catalina.core.AprLifecycleListener.lifecycleEvent APR/OpenSSL configuration: useAprConnector [false], useOpenSSL [true]
06-Oct-2021 08:40:16.441 INFORMACIÓN [main] org.apache.catalina.core.AprLifecycleListener.initializeSSL OpenSSL inicializado correctamente [OpenSSL 1.1.1l  24 Aug 2021]
06-Oct-2021 08:40:16.664 INFORMACIÓN [main] org.apache.coyote.AbstractProtocol.init Inicializando el manejador de protocolo ["http-nio-8080"]

06-Oct-2021 08:40:16.881 INFORMACIÓN [main] org.apache.tomcat.util.net.NioSelectorPool.getSharedSelector Using a shared selector for servlet write/read
06-Oct-2021 08:40:16.901 INFORMACIÓN [main] org.apache.catalina.startup.Catalina.load Initialization processed in 1157 ms
06-Oct-2021 08:40:17.004 INFORMACIÓN [main] org.apache.catalina.core.StandardService.startInternal Arrancando servicio [Catalina]
06-Oct-2021 08:40:17.004 INFORMACIÓN [main] org.apache.catalina.core.StandardEngine.startInternal Starting Servlet engine: [Apache Tomcat/8.5.71]
06-Oct-2021 08:40:17.102 INFORMACIÓN [localhost-startStop-1] org.apache.catalina.startup.HostConfig.deployDescriptor Desplieque del descriptor de configuración [C:\Users\Manuel\OneDrive\Documents\NetBeansProjects\Server\apache-tomcat-8.5.71\conf\Catalina\localhost\GastosFamiliares.xml]
06-Oct-2021 08:40:17.871 INFORMACIÓN [localhost-startStop-1] org.apache.jasper.servlet.TldScanner.scanJars Al menos un JAR, que se ha explorado buscando TLDs, aún no contenía TLDs. Activar historial de depuración para este historiador para una completa lista de los JARs que fueron explorados y de los que nos se halló TLDs. Saltarse JARs no necesarios durante la exploración puede dar lugar a una mejora de tiempo significativa en el arranque y compilación de JSP .
06-Oct-2021 08:40:18.109 INFORMACIÓN [localhost-startStop-1] org.apache.catalina.startup.HostConfig.deployDescriptor Deployment of deployment descriptor [C:\Users\Manuel\OneDrive\Documents\NetBeansProjects\Server\apache-tomcat-8.5.71\conf\Catalina\localhost\GastosFamiliares.xml] has finished in [990] ms
06-Oct-2021 08:40:18.110 INFORMACIÓN [localhost-startStop-1] org.apache.catalina.startup.HostConfig.deployDescriptor Desplieque del descriptor de configuración [C:\Users\Manuel\OneDrive\Documents\NetBeansProjects\Server\apache-tomcat-8.5.71\conf\Catalina\localhost\parqueaderoWeb2021.xml]
06-Oct-2021 08:40:18.551 INFORMACIÓN [localhost-startStop-1] org.apache.jasper.servlet.TldScanner.scanJars Al menos un JAR, que se ha explorado buscando TLDs, aún no contenía TLDs. Activar historial de depuración para este historiador para una completa lista de los JARs que fueron explorados y de los que nos se halló TLDs. Saltarse JARs no necesarios durante la exploración puede dar lugar a una mejora de tiempo significativa en el arranque y compilación de JSP .
06-Oct-2021 08:40:18.556 INFORMACIÓN [localhost-startStop-1] org.apache.catalina.startup.HostConfig.deployDescriptor Deployment of deployment descriptor [C:\Users\Manuel\OneDrive\Documents\NetBeansProjects\Server\apache-tomcat-8.5.71\conf\Catalina\localhost\parqueaderoWeb2021.xml] has finished in [446] ms
06-Oct-2021 08:40:18.556 INFORMACIÓN [localhost-startStop-1] org.apache.catalina.startup.HostConfig.deployDescriptor Desplieque del descriptor de configuración [C:\Users\Manuel\OneDrive\Documents\NetBeansProjects\Server\apache-tomcat-8.5.71\conf\Catalina\localhost\votacionesAndroid.xml]
06-Oct-2021 08:40:18.563 GRAVE [localhost-startStop-1] org.apache.catalina.core.ContainerBase.addChildInternal ContainerBase.addChild: start: 
	org.apache.catalina.LifecycleException: Failed to start component [org.apache.catalina.webresources.StandardRoot@8469ffa]
		at org.apache.catalina.util.LifecycleBase.handleSubClassException(LifecycleBase.java:440)
		at org.apache.catalina.util.LifecycleBase.start(LifecycleBase.java:198)
		at org.apache.catalina.core.StandardContext.resourcesStart(StandardContext.java:4880)
		at org.apache.catalina.core.StandardContext.startInternal(StandardContext.java:5018)
		at org.apache.catalina.util.LifecycleBase.start(LifecycleBase.java:183)
		at org.apache.catalina.core.ContainerBase.addChildInternal(ContainerBase.java:753)
		at org.apache.catalina.core.ContainerBase.addChild(ContainerBase.java:727)
		at org.apache.catalina.core.StandardHost.addChild(StandardHost.java:695)
		at org.apache.catalina.startup.HostConfig.deployDescriptor(HostConfig.java:673)
		at org.apache.catalina.startup.HostConfig$DeployDescriptor.run(HostConfig.java:1881)
		at java.util.concurrent.Executors$RunnableAdapter.call(Executors.java:511)
		at java.util.concurrent.FutureTask.run(FutureTask.java:266)
		at java.util.concurrent.ThreadPoolExecutor.runWorker(ThreadPoolExecutor.java:1149)
		at java.util.concurrent.ThreadPoolExecutor$Worker.run(ThreadPoolExecutor.java:624)
		at java.lang.Thread.run(Thread.java:748)
	Caused by: java.lang.IllegalArgumentException: The main resource set specified [C:\Users\Manuel\OneDrive\Documents\NetBeansProjects\votacionesAndroid\build\web] is not valid
		at org.apache.catalina.webresources.StandardRoot.createMainResourceSet(StandardRoot.java:747)
		at org.apache.catalina.webresources.StandardRoot.startInternal(StandardRoot.java:705)
		at org.apache.catalina.util.LifecycleBase.start(LifecycleBase.java:183)
		... 13 more
06-Oct-2021 08:40:18.564 GRAVE [localhost-startStop-1] org.apache.catalina.startup.HostConfig.deployDescriptor Error durante el despliegue del descriptor de configuración [C:\Users\Manuel\OneDrive\Documents\NetBeansProjects\Server\apache-tomcat-8.5.71\conf\Catalina\localhost\votacionesAndroid.xml]
	java.lang.IllegalStateException: Error starting child
		at org.apache.catalina.core.ContainerBase.addChildInternal(ContainerBase.java:757)
		at org.apache.catalina.core.ContainerBase.addChild(ContainerBase.java:727)
		at org.apache.catalina.core.StandardHost.addChild(StandardHost.java:695)
		at org.apache.catalina.startup.HostConfig.deployDescriptor(HostConfig.java:673)
		at org.apache.catalina.startup.HostConfig$DeployDescriptor.run(HostConfig.java:1881)
		at java.util.concurrent.Executors$RunnableAdapter.call(Executors.java:511)
		at java.util.concurrent.FutureTask.run(FutureTask.java:266)
		at java.util.concurrent.ThreadPoolExecutor.runWorker(ThreadPoolExecutor.java:1149)
		at java.util.concurrent.ThreadPoolExecutor$Worker.run(ThreadPoolExecutor.java:624)
		at java.lang.Thread.run(Thread.java:748)
	Caused by: org.apache.catalina.LifecycleException: Failed to start component [org.apache.catalina.webresources.StandardRoot@8469ffa]
		at org.apache.catalina.util.LifecycleBase.handleSubClassException(LifecycleBase.java:440)
		at org.apache.catalina.util.LifecycleBase.start(LifecycleBase.java:198)
		at org.apache.catalina.core.StandardContext.resourcesStart(StandardContext.java:4880)
		at org.apache.catalina.core.StandardContext.startInternal(StandardContext.java:5018)
		at org.apache.catalina.util.LifecycleBase.start(LifecycleBase.java:183)
		at org.apache.catalina.core.ContainerBase.addChildInternal(ContainerBase.java:753)
		... 9 more
	Caused by: java.lang.IllegalArgumentException: The main resource set specified [C:\Users\Manuel\OneDrive\Documents\NetBeansProjects\votacionesAndroid\build\web] is not valid
		at org.apache.catalina.webresources.StandardRoot.createMainResourceSet(StandardRoot.java:747)
		at org.apache.catalina.webresources.StandardRoot.startInternal(StandardRoot.java:705)
		at org.apache.catalina.util.LifecycleBase.start(LifecycleBase.java:183)
		... 13 more
06-Oct-2021 08:40:18.610 INFORMACIÓN [localhost-startStop-1] org.apache.catalina.startup.HostConfig.deployDescriptor Deployment of deployment descriptor [C:\Users\Manuel\OneDrive\Documents\NetBeansProjects\Server\apache-tomcat-8.5.71\conf\Catalina\localhost\votacionesAndroid.xml] has finished in [54] ms
06-Oct-2021 08:40:18.611 INFORMACIÓN [localhost-startStop-1] org.apache.catalina.startup.HostConfig.deployDirectory Desplegando el directorio [C:\Users\Manuel\OneDrive\Documents\NetBeansProjects\Server\apache-tomcat-8.5.71\webapps\docs] de la aplicación web
06-Oct-2021 08:40:18.660 INFORMACIÓN [localhost-startStop-1] org.apache.catalina.startup.HostConfig.deployDirectory Deployment of web application directory [C:\Users\Manuel\OneDrive\Documents\NetBeansProjects\Server\apache-tomcat-8.5.71\webapps\docs] has finished in [49] ms
06-Oct-2021 08:40:18.661 INFORMACIÓN [localhost-startStop-1] org.apache.catalina.startup.HostConfig.deployDirectory Desplegando el directorio [C:\Users\Manuel\OneDrive\Documents\NetBeansProjects\Server\apache-tomcat-8.5.71\webapps\examples] de la aplicación web
06-Oct-2021 08:40:19.783 INFORMACIÓN [localhost-startStop-1] org.apache.catalina.startup.HostConfig.deployDirectory Deployment of web application directory [C:\Users\Manuel\OneDrive\Documents\NetBeansProjects\Server\apache-tomcat-8.5.71\webapps\examples] has finished in [1.122] ms
06-Oct-2021 08:40:19.783 INFORMACIÓN [localhost-startStop-1] org.apache.catalina.startup.HostConfig.deployDirectory Desplegando el directorio [C:\Users\Manuel\OneDrive\Documents\NetBeansProjects\Server\apache-tomcat-8.5.71\webapps\host-manager] de la aplicación web
06-Oct-2021 08:40:19.836 INFORMACIÓN [localhost-startStop-1] org.apache.catalina.startup.HostConfig.deployDirectory Deployment of web application directory [C:\Users\Manuel\OneDrive\Documents\NetBeansProjects\Server\apache-tomcat-8.5.71\webapps\host-manager] has finished in [52] ms
06-Oct-2021 08:40:19.836 INFORMACIÓN [localhost-startStop-1] org.apache.catalina.startup.HostConfig.deployDirectory Desplegando el directorio [C:\Users\Manuel\OneDrive\Documents\NetBeansProjects\Server\apache-tomcat-8.5.71\webapps\manager] de la aplicación web
06-Oct-2021 08:40:19.917 INFORMACIÓN [localhost-startStop-1] org.apache.catalina.startup.HostConfig.deployDirectory Deployment of web application directory [C:\Users\Manuel\OneDrive\Documents\NetBeansProjects\Server\apache-tomcat-8.5.71\webapps\manager] has finished in [80] ms
06-Oct-2021 08:40:19.917 INFORMACIÓN [localhost-startStop-1] org.apache.catalina.startup.HostConfig.deployDirectory Desplegando el directorio [C:\Users\Manuel\OneDrive\Documents\NetBeansProjects\Server\apache-tomcat-8.5.71\webapps\ROOT] de la aplicación web
06-Oct-2021 08:40:19.964 INFORMACIÓN [localhost-startStop-1] org.apache.catalina.startup.HostConfig.deployDirectory Deployment of web application directory [C:\Users\Manuel\OneDrive\Documents\NetBeansProjects\Server\apache-tomcat-8.5.71\webapps\ROOT] has finished in [47] ms
06-Oct-2021 08:40:19.970 INFORMACIÓN [main] org.apache.coyote.AbstractProtocol.start Starting ProtocolHandler ["http-nio-8080"]
06-Oct-2021 08:40:19.991 INFORMACIÓN [main] org.apache.catalina.startup.Catalina.start Server startup in 3090 ms
06-Oct-2021 08:40:23.844 INFORMACIÓN [http-nio-8080-exec-8] org.apache.catalina.core.StandardContext.reload Ha comenzado la recarga de Contexto [/GastosFamiliares]
06-Oct-2021 08:40:24.222 INFORMACIÓN [http-nio-8080-exec-8] org.apache.jasper.servlet.TldScanner.scanJars Al menos un JAR, que se ha explorado buscando TLDs, aún no contenía TLDs. Activar historial de depuración para este historiador para una completa lista de los JARs que fueron explorados y de los que nos se halló TLDs. Saltarse JARs no necesarios durante la exploración puede dar lugar a una mejora de tiempo significativa en el arranque y compilación de JSP .
06-Oct-2021 08:40:24.230 INFORMACIÓN [http-nio-8080-exec-8] org.apache.catalina.core.StandardContext.reload Se ha completado la recarga de este Contexto
06-Oct-2021 10:09:22.444 INFORMACIÓN [main] org.apache.catalina.core.StandardServer.await Se ha recibido un comando de apagado a través del puerto de apagado. Parando la instancia del Servidor.
06-Oct-2021 10:09:22.444 INFORMACIÓN [main] org.apache.coyote.AbstractProtocol.pause Pausing ProtocolHandler ["http-nio-8080"]
06-Oct-2021 10:09:22.597 INFORMACIÓN [main] org.apache.catalina.core.StandardService.stopInternal Parando servicio [Catalina]
06-Oct-2021 10:09:22.647 ADVERTENCIA [localhost-startStop-2] org.apache.catalina.loader.WebappClassLoaderBase.clearReferencesJdbc La aplicación web [GastosFamiliares] registró el conductor JDBC [org.postgresql.Driver] pero falló al anular el registro mientras la aplicación web estaba parada. Para prevenir un fallo de memoria, se ha anulado el registro del conductor JDBC por la fuerza.
06-Oct-2021 10:09:22.647 INFORMACIÓN [main] org.apache.coyote.AbstractProtocol.stop Stopping ProtocolHandler ["http-nio-8080"]
06-Oct-2021 10:09:22.664 INFORMACIÓN [main] org.apache.coyote.AbstractProtocol.destroy Destroying ProtocolHandler ["http-nio-8080"]
06-Oct-2021 12:04:16.226 INFORMACIÓN [main] org.apache.catalina.startup.VersionLoggerListener.log Nombre de la versión del servidor: Apache Tomcat/8.5.71
06-Oct-2021 12:04:16.232 INFORMACIÓN [main] org.apache.catalina.startup.VersionLoggerListener.log Server built:                      Sep 9 2021 18:43:14 UTC
06-Oct-2021 12:04:16.233 INFORMACIÓN [main] org.apache.catalina.startup.VersionLoggerListener.log Número de versión de servidor:     8.5.71.0
06-Oct-2021 12:04:16.233 INFORMACIÓN [main] org.apache.catalina.startup.VersionLoggerListener.log OS Name:                           Windows 10
06-Oct-2021 12:04:16.233 INFORMACIÓN [main] org.apache.catalina.startup.VersionLoggerListener.log Versión de Systema Operativo:      10.0
06-Oct-2021 12:04:16.233 INFORMACIÓN [main] org.apache.catalina.startup.VersionLoggerListener.log Arquitectura:                      amd64
06-Oct-2021 12:04:16.233 INFORMACIÓN [main] org.apache.catalina.startup.VersionLoggerListener.log Java Home:                         C:\Program Files\Java\jdk1.8.0_271\jre
06-Oct-2021 12:04:16.233 INFORMACIÓN [main] org.apache.catalina.startup.VersionLoggerListener.log JVM Version:                       1.8.0_271-b09
06-Oct-2021 12:04:16.233 INFORMACIÓN [main] org.apache.catalina.startup.VersionLoggerListener.log Vededor JVM:                       Oracle Corporation
06-Oct-2021 12:04:16.233 INFORMACIÓN [main] org.apache.catalina.startup.VersionLoggerListener.log CATALINA_BASE:                     C:\Users\Manuel\OneDrive\Documents\NetBeansProjects\Server\apache-tomcat-8.5.71
06-Oct-2021 12:04:16.234 INFORMACIÓN [main] org.apache.catalina.startup.VersionLoggerListener.log CATALINA_HOME:                     C:\Users\Manuel\OneDrive\Documents\NetBeansProjects\Server\apache-tomcat-8.5.71
06-Oct-2021 12:04:16.234 INFORMACIÓN [main] org.apache.catalina.startup.VersionLoggerListener.log Command line argument:             -Djava.util.logging.config.file=C:\Users\Manuel\OneDrive\Documents\NetBeansProjects\Server\apache-tomcat-8.5.71\conf\logging.properties
06-Oct-2021 12:04:16.234 INFORMACIÓN [main] org.apache.catalina.startup.VersionLoggerListener.log Command line argument:             -Djava.util.logging.manager=org.apache.juli.ClassLoaderLogManager
06-Oct-2021 12:04:16.234 INFORMACIÓN [main] org.apache.catalina.startup.VersionLoggerListener.log Command line argument:             -Dhttp.nonProxyHosts=localhost|127.0.0.1|LAPTOP-7MAH5C0M
06-Oct-2021 12:04:16.234 INFORMACIÓN [main] org.apache.catalina.startup.VersionLoggerListener.log Command line argument:             -Djdk.tls.ephemeralDHKeySize=2048
06-Oct-2021 12:04:16.234 INFORMACIÓN [main] org.apache.catalina.startup.VersionLoggerListener.log Command line argument:             -Djava.protocol.handler.pkgs=org.apache.catalina.webresources
06-Oct-2021 12:04:16.235 INFORMACIÓN [main] org.apache.catalina.startup.VersionLoggerListener.log Command line argument:             -Dignore.endorsed.dirs=
06-Oct-2021 12:04:16.235 INFORMACIÓN [main] org.apache.catalina.startup.VersionLoggerListener.log Command line argument:             -Dcatalina.base=C:\Users\Manuel\OneDrive\Documents\NetBeansProjects\Server\apache-tomcat-8.5.71
06-Oct-2021 12:04:16.235 INFORMACIÓN [main] org.apache.catalina.startup.VersionLoggerListener.log Command line argument:             -Dcatalina.home=C:\Users\Manuel\OneDrive\Documents\NetBeansProjects\Server\apache-tomcat-8.5.71
06-Oct-2021 12:04:16.235 INFORMACIÓN [main] org.apache.catalina.startup.VersionLoggerListener.log Command line argument:             -Djava.io.tmpdir=C:\Users\Manuel\OneDrive\Documents\NetBeansProjects\Server\apache-tomcat-8.5.71\temp
06-Oct-2021 12:04:16.235 INFORMACIÓN [main] org.apache.catalina.core.AprLifecycleListener.lifecycleEvent Cargada la biblioteca nativa APR de Apache Tomcat [1.2.31] con la versión APR [1.7.0].
06-Oct-2021 12:04:16.235 INFORMACIÓN [main] org.apache.catalina.core.AprLifecycleListener.lifecycleEvent Capacidades APR: IPv6 [true], enviar fichero [true], aceptar filtros [false], aleatorio [true].
06-Oct-2021 12:04:16.235 INFORMACIÓN [main] org.apache.catalina.core.AprLifecycleListener.lifecycleEvent APR/OpenSSL configuration: useAprConnector [false], useOpenSSL [true]
06-Oct-2021 12:04:16.345 INFORMACIÓN [main] org.apache.catalina.core.AprLifecycleListener.initializeSSL OpenSSL inicializado correctamente [OpenSSL 1.1.1l  24 Aug 2021]
06-Oct-2021 12:04:16.613 INFORMACIÓN [main] org.apache.coyote.AbstractProtocol.init Inicializando el manejador de protocolo ["http-nio-8080"]

06-Oct-2021 12:04:16.859 INFORMACIÓN [main] org.apache.tomcat.util.net.NioSelectorPool.getSharedSelector Using a shared selector for servlet write/read
06-Oct-2021 12:04:16.877 INFORMACIÓN [main] org.apache.catalina.startup.Catalina.load Initialization processed in 1296 ms
06-Oct-2021 12:04:16.936 INFORMACIÓN [main] org.apache.catalina.core.StandardService.startInternal Arrancando servicio [Catalina]
06-Oct-2021 12:04:16.936 INFORMACIÓN [main] org.apache.catalina.core.StandardEngine.startInternal Starting Servlet engine: [Apache Tomcat/8.5.71]
06-Oct-2021 12:04:16.950 INFORMACIÓN [localhost-startStop-1] org.apache.catalina.startup.HostConfig.deployDescriptor Desplieque del descriptor de configuración [C:\Users\Manuel\OneDrive\Documents\NetBeansProjects\Server\apache-tomcat-8.5.71\conf\Catalina\localhost\GastosFamiliares.xml]
06-Oct-2021 12:04:17.786 INFORMACIÓN [localhost-startStop-1] org.apache.jasper.servlet.TldScanner.scanJars Al menos un JAR, que se ha explorado buscando TLDs, aún no contenía TLDs. Activar historial de depuración para este historiador para una completa lista de los JARs que fueron explorados y de los que nos se halló TLDs. Saltarse JARs no necesarios durante la exploración puede dar lugar a una mejora de tiempo significativa en el arranque y compilación de JSP .
06-Oct-2021 12:04:17.878 INFORMACIÓN [localhost-startStop-1] org.apache.catalina.startup.HostConfig.deployDescriptor Deployment of deployment descriptor [C:\Users\Manuel\OneDrive\Documents\NetBeansProjects\Server\apache-tomcat-8.5.71\conf\Catalina\localhost\GastosFamiliares.xml] has finished in [925] ms
06-Oct-2021 12:04:17.878 INFORMACIÓN [localhost-startStop-1] org.apache.catalina.startup.HostConfig.deployDescriptor Desplieque del descriptor de configuración [C:\Users\Manuel\OneDrive\Documents\NetBeansProjects\Server\apache-tomcat-8.5.71\conf\Catalina\localhost\parqueaderoWeb2021.xml]
06-Oct-2021 12:04:18.386 INFORMACIÓN [localhost-startStop-1] org.apache.jasper.servlet.TldScanner.scanJars Al menos un JAR, que se ha explorado buscando TLDs, aún no contenía TLDs. Activar historial de depuración para este historiador para una completa lista de los JARs que fueron explorados y de los que nos se halló TLDs. Saltarse JARs no necesarios durante la exploración puede dar lugar a una mejora de tiempo significativa en el arranque y compilación de JSP .
06-Oct-2021 12:04:18.393 INFORMACIÓN [localhost-startStop-1] org.apache.catalina.startup.HostConfig.deployDescriptor Deployment of deployment descriptor [C:\Users\Manuel\OneDrive\Documents\NetBeansProjects\Server\apache-tomcat-8.5.71\conf\Catalina\localhost\parqueaderoWeb2021.xml] has finished in [515] ms
06-Oct-2021 12:04:18.393 INFORMACIÓN [localhost-startStop-1] org.apache.catalina.startup.HostConfig.deployDescriptor Desplieque del descriptor de configuración [C:\Users\Manuel\OneDrive\Documents\NetBeansProjects\Server\apache-tomcat-8.5.71\conf\Catalina\localhost\votacionesAndroid.xml]
06-Oct-2021 12:04:18.401 GRAVE [localhost-startStop-1] org.apache.catalina.core.ContainerBase.addChildInternal ContainerBase.addChild: start: 
	org.apache.catalina.LifecycleException: Failed to start component [org.apache.catalina.webresources.StandardRoot@4ededca2]
		at org.apache.catalina.util.LifecycleBase.handleSubClassException(LifecycleBase.java:440)
		at org.apache.catalina.util.LifecycleBase.start(LifecycleBase.java:198)
		at org.apache.catalina.core.StandardContext.resourcesStart(StandardContext.java:4880)
		at org.apache.catalina.core.StandardContext.startInternal(StandardContext.java:5018)
		at org.apache.catalina.util.LifecycleBase.start(LifecycleBase.java:183)
		at org.apache.catalina.core.ContainerBase.addChildInternal(ContainerBase.java:753)
		at org.apache.catalina.core.ContainerBase.addChild(ContainerBase.java:727)
		at org.apache.catalina.core.StandardHost.addChild(StandardHost.java:695)
		at org.apache.catalina.startup.HostConfig.deployDescriptor(HostConfig.java:673)
		at org.apache.catalina.startup.HostConfig$DeployDescriptor.run(HostConfig.java:1881)
		at java.util.concurrent.Executors$RunnableAdapter.call(Executors.java:511)
		at java.util.concurrent.FutureTask.run(FutureTask.java:266)
		at java.util.concurrent.ThreadPoolExecutor.runWorker(ThreadPoolExecutor.java:1149)
		at java.util.concurrent.ThreadPoolExecutor$Worker.run(ThreadPoolExecutor.java:624)
		at java.lang.Thread.run(Thread.java:748)
	Caused by: java.lang.IllegalArgumentException: The main resource set specified [C:\Users\Manuel\OneDrive\Documents\NetBeansProjects\votacionesAndroid\build\web] is not valid
		at org.apache.catalina.webresources.StandardRoot.createMainResourceSet(StandardRoot.java:747)
		at org.apache.catalina.webresources.StandardRoot.startInternal(StandardRoot.java:705)
		at org.apache.catalina.util.LifecycleBase.start(LifecycleBase.java:183)
		... 13 more
06-Oct-2021 12:04:18.402 GRAVE [localhost-startStop-1] org.apache.catalina.startup.HostConfig.deployDescriptor Error durante el despliegue del descriptor de configuración [C:\Users\Manuel\OneDrive\Documents\NetBeansProjects\Server\apache-tomcat-8.5.71\conf\Catalina\localhost\votacionesAndroid.xml]
	java.lang.IllegalStateException: Error starting child
		at org.apache.catalina.core.ContainerBase.addChildInternal(ContainerBase.java:757)
		at org.apache.catalina.core.ContainerBase.addChild(ContainerBase.java:727)
		at org.apache.catalina.core.StandardHost.addChild(StandardHost.java:695)
		at org.apache.catalina.startup.HostConfig.deployDescriptor(HostConfig.java:673)
		at org.apache.catalina.startup.HostConfig$DeployDescriptor.run(HostConfig.java:1881)
		at java.util.concurrent.Executors$RunnableAdapter.call(Executors.java:511)
		at java.util.concurrent.FutureTask.run(FutureTask.java:266)
		at java.util.concurrent.ThreadPoolExecutor.runWorker(ThreadPoolExecutor.java:1149)
		at java.util.concurrent.ThreadPoolExecutor$Worker.run(ThreadPoolExecutor.java:624)
		at java.lang.Thread.run(Thread.java:748)
	Caused by: org.apache.catalina.LifecycleException: Failed to start component [org.apache.catalina.webresources.StandardRoot@4ededca2]
		at org.apache.catalina.util.LifecycleBase.handleSubClassException(LifecycleBase.java:440)
		at org.apache.catalina.util.LifecycleBase.start(LifecycleBase.java:198)
		at org.apache.catalina.core.StandardContext.resourcesStart(StandardContext.java:4880)
		at org.apache.catalina.core.StandardContext.startInternal(StandardContext.java:5018)
		at org.apache.catalina.util.LifecycleBase.start(LifecycleBase.java:183)
		at org.apache.catalina.core.ContainerBase.addChildInternal(ContainerBase.java:753)
		... 9 more
	Caused by: java.lang.IllegalArgumentException: The main resource set specified [C:\Users\Manuel\OneDrive\Documents\NetBeansProjects\votacionesAndroid\build\web] is not valid
		at org.apache.catalina.webresources.StandardRoot.createMainResourceSet(StandardRoot.java:747)
		at org.apache.catalina.webresources.StandardRoot.startInternal(StandardRoot.java:705)
		at org.apache.catalina.util.LifecycleBase.start(LifecycleBase.java:183)
		... 13 more
06-Oct-2021 12:04:18.439 INFORMACIÓN [localhost-startStop-1] org.apache.catalina.startup.HostConfig.deployDescriptor Deployment of deployment descriptor [C:\Users\Manuel\OneDrive\Documents\NetBeansProjects\Server\apache-tomcat-8.5.71\conf\Catalina\localhost\votacionesAndroid.xml] has finished in [45] ms
06-Oct-2021 12:04:18.440 INFORMACIÓN [localhost-startStop-1] org.apache.catalina.startup.HostConfig.deployDirectory Desplegando el directorio [C:\Users\Manuel\OneDrive\Documents\NetBeansProjects\Server\apache-tomcat-8.5.71\webapps\docs] de la aplicación web
06-Oct-2021 12:04:18.510 INFORMACIÓN [localhost-startStop-1] org.apache.catalina.startup.HostConfig.deployDirectory Deployment of web application directory [C:\Users\Manuel\OneDrive\Documents\NetBeansProjects\Server\apache-tomcat-8.5.71\webapps\docs] has finished in [70] ms
06-Oct-2021 12:04:18.510 INFORMACIÓN [localhost-startStop-1] org.apache.catalina.startup.HostConfig.deployDirectory Desplegando el directorio [C:\Users\Manuel\OneDrive\Documents\NetBeansProjects\Server\apache-tomcat-8.5.71\webapps\examples] de la aplicación web
06-Oct-2021 12:04:19.608 INFORMACIÓN [localhost-startStop-1] org.apache.catalina.startup.HostConfig.deployDirectory Deployment of web application directory [C:\Users\Manuel\OneDrive\Documents\NetBeansProjects\Server\apache-tomcat-8.5.71\webapps\examples] has finished in [1.098] ms
06-Oct-2021 12:04:19.609 INFORMACIÓN [localhost-startStop-1] org.apache.catalina.startup.HostConfig.deployDirectory Desplegando el directorio [C:\Users\Manuel\OneDrive\Documents\NetBeansProjects\Server\apache-tomcat-8.5.71\webapps\host-manager] de la aplicación web
06-Oct-2021 12:04:19.695 INFORMACIÓN [localhost-startStop-1] org.apache.catalina.startup.HostConfig.deployDirectory Deployment of web application directory [C:\Users\Manuel\OneDrive\Documents\NetBeansProjects\Server\apache-tomcat-8.5.71\webapps\host-manager] has finished in [87] ms
06-Oct-2021 12:04:19.695 INFORMACIÓN [localhost-startStop-1] org.apache.catalina.startup.HostConfig.deployDirectory Desplegando el directorio [C:\Users\Manuel\OneDrive\Documents\NetBeansProjects\Server\apache-tomcat-8.5.71\webapps\manager] de la aplicación web
06-Oct-2021 12:04:19.766 INFORMACIÓN [localhost-startStop-1] org.apache.catalina.startup.HostConfig.deployDirectory Deployment of web application directory [C:\Users\Manuel\OneDrive\Documents\NetBeansProjects\Server\apache-tomcat-8.5.71\webapps\manager] has finished in [71] ms
06-Oct-2021 12:04:19.767 INFORMACIÓN [localhost-startStop-1] org.apache.catalina.startup.HostConfig.deployDirectory Desplegando el directorio [C:\Users\Manuel\OneDrive\Documents\NetBeansProjects\Server\apache-tomcat-8.5.71\webapps\ROOT] de la aplicación web
06-Oct-2021 12:04:19.843 INFORMACIÓN [localhost-startStop-1] org.apache.catalina.startup.HostConfig.deployDirectory Deployment of web application directory [C:\Users\Manuel\OneDrive\Documents\NetBeansProjects\Server\apache-tomcat-8.5.71\webapps\ROOT] has finished in [76] ms
06-Oct-2021 12:04:19.853 INFORMACIÓN [main] org.apache.coyote.AbstractProtocol.start Starting ProtocolHandler ["http-nio-8080"]
06-Oct-2021 12:04:19.893 INFORMACIÓN [main] org.apache.catalina.startup.Catalina.start Server startup in 3015 ms
06-Oct-2021 12:04:25.277 INFORMACIÓN [http-nio-8080-exec-9] org.apache.catalina.core.StandardContext.reload Ha comenzado la recarga de Contexto [/GastosFamiliares]
06-Oct-2021 12:04:25.834 INFORMACIÓN [http-nio-8080-exec-9] org.apache.jasper.servlet.TldScanner.scanJars Al menos un JAR, que se ha explorado buscando TLDs, aún no contenía TLDs. Activar historial de depuración para este historiador para una completa lista de los JARs que fueron explorados y de los que nos se halló TLDs. Saltarse JARs no necesarios durante la exploración puede dar lugar a una mejora de tiempo significativa en el arranque y compilación de JSP .
06-Oct-2021 12:04:25.838 INFORMACIÓN [http-nio-8080-exec-9] org.apache.catalina.core.StandardContext.reload Se ha completado la recarga de este Contexto
06-Oct-2021 12:09:33.510 INFORMACIÓN [main] org.apache.catalina.core.StandardServer.await Se ha recibido un comando de apagado a través del puerto de apagado. Parando la instancia del Servidor.
06-Oct-2021 12:09:33.511 INFORMACIÓN [main] org.apache.coyote.AbstractProtocol.pause Pausing ProtocolHandler ["http-nio-8080"]
06-Oct-2021 12:09:33.670 INFORMACIÓN [main] org.apache.catalina.core.StandardService.stopInternal Parando servicio [Catalina]
06-Oct-2021 12:09:33.746 ADVERTENCIA [localhost-startStop-2] org.apache.catalina.loader.WebappClassLoaderBase.clearReferencesJdbc La aplicación web [GastosFamiliares] registró el conductor JDBC [org.postgresql.Driver] pero falló al anular el registro mientras la aplicación web estaba parada. Para prevenir un fallo de memoria, se ha anulado el registro del conductor JDBC por la fuerza.
06-Oct-2021 12:09:33.757 INFORMACIÓN [main] org.apache.coyote.AbstractProtocol.stop Stopping ProtocolHandler ["http-nio-8080"]
06-Oct-2021 12:09:33.762 INFORMACIÓN [main] org.apache.coyote.AbstractProtocol.destroy Destroying ProtocolHandler ["http-nio-8080"]
06-Oct-2021 12:09:40.504 INFORMACIÓN [main] org.apache.catalina.startup.VersionLoggerListener.log Nombre de la versión del servidor: Apache Tomcat/8.5.71
06-Oct-2021 12:09:40.511 INFORMACIÓN [main] org.apache.catalina.startup.VersionLoggerListener.log Server built:                      Sep 9 2021 18:43:14 UTC
06-Oct-2021 12:09:40.511 INFORMACIÓN [main] org.apache.catalina.startup.VersionLoggerListener.log Número de versión de servidor:     8.5.71.0
06-Oct-2021 12:09:40.511 INFORMACIÓN [main] org.apache.catalina.startup.VersionLoggerListener.log OS Name:                           Windows 10
06-Oct-2021 12:09:40.512 INFORMACIÓN [main] org.apache.catalina.startup.VersionLoggerListener.log Versión de Systema Operativo:      10.0
06-Oct-2021 12:09:40.512 INFORMACIÓN [main] org.apache.catalina.startup.VersionLoggerListener.log Arquitectura:                      amd64
06-Oct-2021 12:09:40.512 INFORMACIÓN [main] org.apache.catalina.startup.VersionLoggerListener.log Java Home:                         C:\Program Files\Java\jdk1.8.0_271\jre
06-Oct-2021 12:09:40.512 INFORMACIÓN [main] org.apache.catalina.startup.VersionLoggerListener.log JVM Version:                       1.8.0_271-b09
06-Oct-2021 12:09:40.512 INFORMACIÓN [main] org.apache.catalina.startup.VersionLoggerListener.log Vededor JVM:                       Oracle Corporation
06-Oct-2021 12:09:40.512 INFORMACIÓN [main] org.apache.catalina.startup.VersionLoggerListener.log CATALINA_BASE:                     C:\Users\Manuel\OneDrive\Documents\NetBeansProjects\Server\apache-tomcat-8.5.71
06-Oct-2021 12:09:40.512 INFORMACIÓN [main] org.apache.catalina.startup.VersionLoggerListener.log CATALINA_HOME:                     C:\Users\Manuel\OneDrive\Documents\NetBeansProjects\Server\apache-tomcat-8.5.71
06-Oct-2021 12:09:40.513 INFORMACIÓN [main] org.apache.catalina.startup.VersionLoggerListener.log Command line argument:             -Djava.util.logging.config.file=C:\Users\Manuel\OneDrive\Documents\NetBeansProjects\Server\apache-tomcat-8.5.71\conf\logging.properties
06-Oct-2021 12:09:40.513 INFORMACIÓN [main] org.apache.catalina.startup.VersionLoggerListener.log Command line argument:             -Djava.util.logging.manager=org.apache.juli.ClassLoaderLogManager
06-Oct-2021 12:09:40.513 INFORMACIÓN [main] org.apache.catalina.startup.VersionLoggerListener.log Command line argument:             -Dhttp.nonProxyHosts=localhost|127.0.0.1|LAPTOP-7MAH5C0M
06-Oct-2021 12:09:40.514 INFORMACIÓN [main] org.apache.catalina.startup.VersionLoggerListener.log Command line argument:             -Djdk.tls.ephemeralDHKeySize=2048
06-Oct-2021 12:09:40.514 INFORMACIÓN [main] org.apache.catalina.startup.VersionLoggerListener.log Command line argument:             -Djava.protocol.handler.pkgs=org.apache.catalina.webresources
06-Oct-2021 12:09:40.515 INFORMACIÓN [main] org.apache.catalina.startup.VersionLoggerListener.log Command line argument:             -Dignore.endorsed.dirs=
06-Oct-2021 12:09:40.515 INFORMACIÓN [main] org.apache.catalina.startup.VersionLoggerListener.log Command line argument:             -Dcatalina.base=C:\Users\Manuel\OneDrive\Documents\NetBeansProjects\Server\apache-tomcat-8.5.71
06-Oct-2021 12:09:40.515 INFORMACIÓN [main] org.apache.catalina.startup.VersionLoggerListener.log Command line argument:             -Dcatalina.home=C:\Users\Manuel\OneDrive\Documents\NetBeansProjects\Server\apache-tomcat-8.5.71
06-Oct-2021 12:09:40.515 INFORMACIÓN [main] org.apache.catalina.startup.VersionLoggerListener.log Command line argument:             -Djava.io.tmpdir=C:\Users\Manuel\OneDrive\Documents\NetBeansProjects\Server\apache-tomcat-8.5.71\temp
06-Oct-2021 12:09:40.516 INFORMACIÓN [main] org.apache.catalina.core.AprLifecycleListener.lifecycleEvent Cargada la biblioteca nativa APR de Apache Tomcat [1.2.31] con la versión APR [1.7.0].
06-Oct-2021 12:09:40.516 INFORMACIÓN [main] org.apache.catalina.core.AprLifecycleListener.lifecycleEvent Capacidades APR: IPv6 [true], enviar fichero [true], aceptar filtros [false], aleatorio [true].
06-Oct-2021 12:09:40.516 INFORMACIÓN [main] org.apache.catalina.core.AprLifecycleListener.lifecycleEvent APR/OpenSSL configuration: useAprConnector [false], useOpenSSL [true]
06-Oct-2021 12:09:40.579 INFORMACIÓN [main] org.apache.catalina.core.AprLifecycleListener.initializeSSL OpenSSL inicializado correctamente [OpenSSL 1.1.1l  24 Aug 2021]
06-Oct-2021 12:09:40.911 INFORMACIÓN [main] org.apache.coyote.AbstractProtocol.init Inicializando el manejador de protocolo ["http-nio-8080"]

06-Oct-2021 12:09:41.126 INFORMACIÓN [main] org.apache.tomcat.util.net.NioSelectorPool.getSharedSelector Using a shared selector for servlet write/read
06-Oct-2021 12:09:41.164 INFORMACIÓN [main] org.apache.catalina.startup.Catalina.load Initialization processed in 1278 ms
06-Oct-2021 12:09:41.229 INFORMACIÓN [main] org.apache.catalina.core.StandardService.startInternal Arrancando servicio [Catalina]
06-Oct-2021 12:09:41.229 INFORMACIÓN [main] org.apache.catalina.core.StandardEngine.startInternal Starting Servlet engine: [Apache Tomcat/8.5.71]
06-Oct-2021 12:09:41.242 INFORMACIÓN [localhost-startStop-1] org.apache.catalina.startup.HostConfig.deployDescriptor Desplieque del descriptor de configuración [C:\Users\Manuel\OneDrive\Documents\NetBeansProjects\Server\apache-tomcat-8.5.71\conf\Catalina\localhost\GastosFamiliares.xml]
06-Oct-2021 12:09:42.019 INFORMACIÓN [localhost-startStop-1] org.apache.jasper.servlet.TldScanner.scanJars Al menos un JAR, que se ha explorado buscando TLDs, aún no contenía TLDs. Activar historial de depuración para este historiador para una completa lista de los JARs que fueron explorados y de los que nos se halló TLDs. Saltarse JARs no necesarios durante la exploración puede dar lugar a una mejora de tiempo significativa en el arranque y compilación de JSP .
06-Oct-2021 12:09:42.180 INFORMACIÓN [localhost-startStop-1] org.apache.catalina.startup.HostConfig.deployDescriptor Deployment of deployment descriptor [C:\Users\Manuel\OneDrive\Documents\NetBeansProjects\Server\apache-tomcat-8.5.71\conf\Catalina\localhost\GastosFamiliares.xml] has finished in [935] ms
06-Oct-2021 12:09:42.180 INFORMACIÓN [localhost-startStop-1] org.apache.catalina.startup.HostConfig.deployDescriptor Desplieque del descriptor de configuración [C:\Users\Manuel\OneDrive\Documents\NetBeansProjects\Server\apache-tomcat-8.5.71\conf\Catalina\localhost\parqueaderoWeb2021.xml]
06-Oct-2021 12:09:42.569 INFORMACIÓN [localhost-startStop-1] org.apache.jasper.servlet.TldScanner.scanJars Al menos un JAR, que se ha explorado buscando TLDs, aún no contenía TLDs. Activar historial de depuración para este historiador para una completa lista de los JARs que fueron explorados y de los que nos se halló TLDs. Saltarse JARs no necesarios durante la exploración puede dar lugar a una mejora de tiempo significativa en el arranque y compilación de JSP .
06-Oct-2021 12:09:42.575 INFORMACIÓN [localhost-startStop-1] org.apache.catalina.startup.HostConfig.deployDescriptor Deployment of deployment descriptor [C:\Users\Manuel\OneDrive\Documents\NetBeansProjects\Server\apache-tomcat-8.5.71\conf\Catalina\localhost\parqueaderoWeb2021.xml] has finished in [395] ms
06-Oct-2021 12:09:42.575 INFORMACIÓN [localhost-startStop-1] org.apache.catalina.startup.HostConfig.deployDescriptor Desplieque del descriptor de configuración [C:\Users\Manuel\OneDrive\Documents\NetBeansProjects\Server\apache-tomcat-8.5.71\conf\Catalina\localhost\votacionesAndroid.xml]
06-Oct-2021 12:09:42.582 GRAVE [localhost-startStop-1] org.apache.catalina.core.ContainerBase.addChildInternal ContainerBase.addChild: start: 
	org.apache.catalina.LifecycleException: Failed to start component [org.apache.catalina.webresources.StandardRoot@6729ab57]
		at org.apache.catalina.util.LifecycleBase.handleSubClassException(LifecycleBase.java:440)
		at org.apache.catalina.util.LifecycleBase.start(LifecycleBase.java:198)
		at org.apache.catalina.core.StandardContext.resourcesStart(StandardContext.java:4880)
		at org.apache.catalina.core.StandardContext.startInternal(StandardContext.java:5018)
		at org.apache.catalina.util.LifecycleBase.start(LifecycleBase.java:183)
		at org.apache.catalina.core.ContainerBase.addChildInternal(ContainerBase.java:753)
		at org.apache.catalina.core.ContainerBase.addChild(ContainerBase.java:727)
		at org.apache.catalina.core.StandardHost.addChild(StandardHost.java:695)
		at org.apache.catalina.startup.HostConfig.deployDescriptor(HostConfig.java:673)
		at org.apache.catalina.startup.HostConfig$DeployDescriptor.run(HostConfig.java:1881)
		at java.util.concurrent.Executors$RunnableAdapter.call(Executors.java:511)
		at java.util.concurrent.FutureTask.run(FutureTask.java:266)
		at java.util.concurrent.ThreadPoolExecutor.runWorker(ThreadPoolExecutor.java:1149)
		at java.util.concurrent.ThreadPoolExecutor$Worker.run(ThreadPoolExecutor.java:624)
		at java.lang.Thread.run(Thread.java:748)
	Caused by: java.lang.IllegalArgumentException: The main resource set specified [C:\Users\Manuel\OneDrive\Documents\NetBeansProjects\votacionesAndroid\build\web] is not valid
		at org.apache.catalina.webresources.StandardRoot.createMainResourceSet(StandardRoot.java:747)
		at org.apache.catalina.webresources.StandardRoot.startInternal(StandardRoot.java:705)
		at org.apache.catalina.util.LifecycleBase.start(LifecycleBase.java:183)
		... 13 more
06-Oct-2021 12:09:42.583 GRAVE [localhost-startStop-1] org.apache.catalina.startup.HostConfig.deployDescriptor Error durante el despliegue del descriptor de configuración [C:\Users\Manuel\OneDrive\Documents\NetBeansProjects\Server\apache-tomcat-8.5.71\conf\Catalina\localhost\votacionesAndroid.xml]
	java.lang.IllegalStateException: Error starting child
		at org.apache.catalina.core.ContainerBase.addChildInternal(ContainerBase.java:757)
		at org.apache.catalina.core.ContainerBase.addChild(ContainerBase.java:727)
		at org.apache.catalina.core.StandardHost.addChild(StandardHost.java:695)
		at org.apache.catalina.startup.HostConfig.deployDescriptor(HostConfig.java:673)
		at org.apache.catalina.startup.HostConfig$DeployDescriptor.run(HostConfig.java:1881)
		at java.util.concurrent.Executors$RunnableAdapter.call(Executors.java:511)
		at java.util.concurrent.FutureTask.run(FutureTask.java:266)
		at java.util.concurrent.ThreadPoolExecutor.runWorker(ThreadPoolExecutor.java:1149)
		at java.util.concurrent.ThreadPoolExecutor$Worker.run(ThreadPoolExecutor.java:624)
		at java.lang.Thread.run(Thread.java:748)
	Caused by: org.apache.catalina.LifecycleException: Failed to start component [org.apache.catalina.webresources.StandardRoot@6729ab57]
		at org.apache.catalina.util.LifecycleBase.handleSubClassException(LifecycleBase.java:440)
		at org.apache.catalina.util.LifecycleBase.start(LifecycleBase.java:198)
		at org.apache.catalina.core.StandardContext.resourcesStart(StandardContext.java:4880)
		at org.apache.catalina.core.StandardContext.startInternal(StandardContext.java:5018)
		at org.apache.catalina.util.LifecycleBase.start(LifecycleBase.java:183)
		at org.apache.catalina.core.ContainerBase.addChildInternal(ContainerBase.java:753)
		... 9 more
	Caused by: java.lang.IllegalArgumentException: The main resource set specified [C:\Users\Manuel\OneDrive\Documents\NetBeansProjects\votacionesAndroid\build\web] is not valid
		at org.apache.catalina.webresources.StandardRoot.createMainResourceSet(StandardRoot.java:747)
		at org.apache.catalina.webresources.StandardRoot.startInternal(StandardRoot.java:705)
		at org.apache.catalina.util.LifecycleBase.start(LifecycleBase.java:183)
		... 13 more
06-Oct-2021 12:09:42.587 INFORMACIÓN [localhost-startStop-1] org.apache.catalina.startup.HostConfig.deployDescriptor Deployment of deployment descriptor [C:\Users\Manuel\OneDrive\Documents\NetBeansProjects\Server\apache-tomcat-8.5.71\conf\Catalina\localhost\votacionesAndroid.xml] has finished in [12] ms
06-Oct-2021 12:09:42.589 INFORMACIÓN [localhost-startStop-1] org.apache.catalina.startup.HostConfig.deployDirectory Desplegando el directorio [C:\Users\Manuel\OneDrive\Documents\NetBeansProjects\Server\apache-tomcat-8.5.71\webapps\docs] de la aplicación web
06-Oct-2021 12:09:42.696 INFORMACIÓN [localhost-startStop-1] org.apache.catalina.startup.HostConfig.deployDirectory Deployment of web application directory [C:\Users\Manuel\OneDrive\Documents\NetBeansProjects\Server\apache-tomcat-8.5.71\webapps\docs] has finished in [108] ms
06-Oct-2021 12:09:42.696 INFORMACIÓN [localhost-startStop-1] org.apache.catalina.startup.HostConfig.deployDirectory Desplegando el directorio [C:\Users\Manuel\OneDrive\Documents\NetBeansProjects\Server\apache-tomcat-8.5.71\webapps\examples] de la aplicación web
06-Oct-2021 12:09:43.292 INFORMACIÓN [localhost-startStop-1] org.apache.catalina.startup.HostConfig.deployDirectory Deployment of web application directory [C:\Users\Manuel\OneDrive\Documents\NetBeansProjects\Server\apache-tomcat-8.5.71\webapps\examples] has finished in [596] ms
06-Oct-2021 12:09:43.292 INFORMACIÓN [localhost-startStop-1] org.apache.catalina.startup.HostConfig.deployDirectory Desplegando el directorio [C:\Users\Manuel\OneDrive\Documents\NetBeansProjects\Server\apache-tomcat-8.5.71\webapps\host-manager] de la aplicación web
06-Oct-2021 12:09:43.334 INFORMACIÓN [localhost-startStop-1] org.apache.catalina.startup.HostConfig.deployDirectory Deployment of web application directory [C:\Users\Manuel\OneDrive\Documents\NetBeansProjects\Server\apache-tomcat-8.5.71\webapps\host-manager] has finished in [42] ms
06-Oct-2021 12:09:43.335 INFORMACIÓN [localhost-startStop-1] org.apache.catalina.startup.HostConfig.deployDirectory Desplegando el directorio [C:\Users\Manuel\OneDrive\Documents\NetBeansProjects\Server\apache-tomcat-8.5.71\webapps\manager] de la aplicación web
06-Oct-2021 12:09:43.387 INFORMACIÓN [localhost-startStop-1] org.apache.catalina.startup.HostConfig.deployDirectory Deployment of web application directory [C:\Users\Manuel\OneDrive\Documents\NetBeansProjects\Server\apache-tomcat-8.5.71\webapps\manager] has finished in [52] ms
06-Oct-2021 12:09:43.387 INFORMACIÓN [localhost-startStop-1] org.apache.catalina.startup.HostConfig.deployDirectory Desplegando el directorio [C:\Users\Manuel\OneDrive\Documents\NetBeansProjects\Server\apache-tomcat-8.5.71\webapps\ROOT] de la aplicación web
06-Oct-2021 12:09:43.440 INFORMACIÓN [localhost-startStop-1] org.apache.catalina.startup.HostConfig.deployDirectory Deployment of web application directory [C:\Users\Manuel\OneDrive\Documents\NetBeansProjects\Server\apache-tomcat-8.5.71\webapps\ROOT] has finished in [53] ms
06-Oct-2021 12:09:43.444 INFORMACIÓN [main] org.apache.coyote.AbstractProtocol.start Starting ProtocolHandler ["http-nio-8080"]
06-Oct-2021 12:09:43.457 INFORMACIÓN [main] org.apache.catalina.startup.Catalina.start Server startup in 2294 ms
06-Oct-2021 12:31:34.092 INFORMACIÓN [http-nio-8080-exec-10] org.apache.catalina.core.StandardContext.reload Ha comenzado la recarga de Contexto [/GastosFamiliares]
06-Oct-2021 12:31:34.105 ADVERTENCIA [http-nio-8080-exec-10] org.apache.catalina.loader.WebappClassLoaderBase.clearReferencesJdbc La aplicación web [GastosFamiliares] registró el conductor JDBC [org.postgresql.Driver] pero falló al anular el registro mientras la aplicación web estaba parada. Para prevenir un fallo de memoria, se ha anulado el registro del conductor JDBC por la fuerza.
06-Oct-2021 12:31:34.624 INFORMACIÓN [http-nio-8080-exec-10] org.apache.jasper.servlet.TldScanner.scanJars Al menos un JAR, que se ha explorado buscando TLDs, aún no contenía TLDs. Activar historial de depuración para este historiador para una completa lista de los JARs que fueron explorados y de los que nos se halló TLDs. Saltarse JARs no necesarios durante la exploración puede dar lugar a una mejora de tiempo significativa en el arranque y compilación de JSP .
06-Oct-2021 12:31:34.632 INFORMACIÓN [http-nio-8080-exec-10] org.apache.catalina.core.StandardContext.reload Se ha completado la recarga de este Contexto
06-Oct-2021 12:31:34.638 INFORMACIÓN [http-nio-8080-exec-1] org.apache.catalina.core.StandardContext.reload Ha comenzado la recarga de Contexto [/GastosFamiliares]
06-Oct-2021 12:31:35.162 INFORMACIÓN [http-nio-8080-exec-1] org.apache.jasper.servlet.TldScanner.scanJars Al menos un JAR, que se ha explorado buscando TLDs, aún no contenía TLDs. Activar historial de depuración para este historiador para una completa lista de los JARs que fueron explorados y de los que nos se halló TLDs. Saltarse JARs no necesarios durante la exploración puede dar lugar a una mejora de tiempo significativa en el arranque y compilación de JSP .
06-Oct-2021 12:31:35.168 INFORMACIÓN [http-nio-8080-exec-1] org.apache.catalina.core.StandardContext.reload Se ha completado la recarga de este Contexto
06-Oct-2021 12:34:08.920 INFORMACIÓN [http-nio-8080-exec-15] org.apache.catalina.core.StandardContext.reload Ha comenzado la recarga de Contexto [/GastosFamiliares]
06-Oct-2021 12:34:08.925 ADVERTENCIA [http-nio-8080-exec-15] org.apache.catalina.loader.WebappClassLoaderBase.clearReferencesJdbc La aplicación web [GastosFamiliares] registró el conductor JDBC [org.postgresql.Driver] pero falló al anular el registro mientras la aplicación web estaba parada. Para prevenir un fallo de memoria, se ha anulado el registro del conductor JDBC por la fuerza.
06-Oct-2021 12:34:09.365 INFORMACIÓN [http-nio-8080-exec-15] org.apache.jasper.servlet.TldScanner.scanJars Al menos un JAR, que se ha explorado buscando TLDs, aún no contenía TLDs. Activar historial de depuración para este historiador para una completa lista de los JARs que fueron explorados y de los que nos se halló TLDs. Saltarse JARs no necesarios durante la exploración puede dar lugar a una mejora de tiempo significativa en el arranque y compilación de JSP .
06-Oct-2021 12:34:09.373 INFORMACIÓN [http-nio-8080-exec-15] org.apache.catalina.core.StandardContext.reload Se ha completado la recarga de este Contexto
06-Oct-2021 12:34:09.381 INFORMACIÓN [http-nio-8080-exec-12] org.apache.catalina.core.StandardContext.reload Ha comenzado la recarga de Contexto [/GastosFamiliares]
06-Oct-2021 12:34:10.006 INFORMACIÓN [http-nio-8080-exec-12] org.apache.jasper.servlet.TldScanner.scanJars Al menos un JAR, que se ha explorado buscando TLDs, aún no contenía TLDs. Activar historial de depuración para este historiador para una completa lista de los JARs que fueron explorados y de los que nos se halló TLDs. Saltarse JARs no necesarios durante la exploración puede dar lugar a una mejora de tiempo significativa en el arranque y compilación de JSP .
06-Oct-2021 12:34:10.024 INFORMACIÓN [http-nio-8080-exec-12] org.apache.catalina.core.StandardContext.reload Se ha completado la recarga de este Contexto
06-Oct-2021 12:38:18.551 INFORMACIÓN [http-nio-8080-exec-25] org.apache.catalina.core.StandardContext.reload Ha comenzado la recarga de Contexto [/GastosFamiliares]
06-Oct-2021 12:38:18.556 ADVERTENCIA [http-nio-8080-exec-25] org.apache.catalina.loader.WebappClassLoaderBase.clearReferencesJdbc La aplicación web [GastosFamiliares] registró el conductor JDBC [org.postgresql.Driver] pero falló al anular el registro mientras la aplicación web estaba parada. Para prevenir un fallo de memoria, se ha anulado el registro del conductor JDBC por la fuerza.
06-Oct-2021 12:38:19.015 INFORMACIÓN [http-nio-8080-exec-25] org.apache.jasper.servlet.TldScanner.scanJars Al menos un JAR, que se ha explorado buscando TLDs, aún no contenía TLDs. Activar historial de depuración para este historiador para una completa lista de los JARs que fueron explorados y de los que nos se halló TLDs. Saltarse JARs no necesarios durante la exploración puede dar lugar a una mejora de tiempo significativa en el arranque y compilación de JSP .
06-Oct-2021 12:38:19.020 INFORMACIÓN [http-nio-8080-exec-25] org.apache.catalina.core.StandardContext.reload Se ha completado la recarga de este Contexto
06-Oct-2021 12:38:19.032 INFORMACIÓN [http-nio-8080-exec-21] org.apache.catalina.core.StandardContext.reload Ha comenzado la recarga de Contexto [/GastosFamiliares]
06-Oct-2021 12:38:19.906 INFORMACIÓN [http-nio-8080-exec-21] org.apache.jasper.servlet.TldScanner.scanJars Al menos un JAR, que se ha explorado buscando TLDs, aún no contenía TLDs. Activar historial de depuración para este historiador para una completa lista de los JARs que fueron explorados y de los que nos se halló TLDs. Saltarse JARs no necesarios durante la exploración puede dar lugar a una mejora de tiempo significativa en el arranque y compilación de JSP .
06-Oct-2021 12:38:19.925 INFORMACIÓN [http-nio-8080-exec-21] org.apache.catalina.core.StandardContext.reload Se ha completado la recarga de este Contexto
06-Oct-2021 12:39:57.066 INFORMACIÓN [http-nio-8080-exec-31] org.apache.catalina.startup.HostConfig.undeploy Repliegue (undeploy) de la aplicación web que tiene como trayectoria de contexto [/parqueaderoWeb2021]
06-Oct-2021 12:39:57.097 INFORMACIÓN [http-nio-8080-exec-33] org.apache.catalina.startup.HostConfig.deployDescriptor Desplieque del descriptor de configuración [C:\Users\Manuel\OneDrive\Documents\NetBeansProjects\Server\apache-tomcat-8.5.71\conf\Catalina\localhost\parqueaderoWeb2021.xml]
06-Oct-2021 12:39:57.407 INFORMACIÓN [http-nio-8080-exec-33] org.apache.jasper.servlet.TldScanner.scanJars Al menos un JAR, que se ha explorado buscando TLDs, aún no contenía TLDs. Activar historial de depuración para este historiador para una completa lista de los JARs que fueron explorados y de los que nos se halló TLDs. Saltarse JARs no necesarios durante la exploración puede dar lugar a una mejora de tiempo significativa en el arranque y compilación de JSP .
06-Oct-2021 12:39:57.412 INFORMACIÓN [http-nio-8080-exec-33] org.apache.catalina.startup.HostConfig.deployDescriptor Deployment of deployment descriptor [C:\Users\Manuel\OneDrive\Documents\NetBeansProjects\Server\apache-tomcat-8.5.71\conf\Catalina\localhost\parqueaderoWeb2021.xml] has finished in [315] ms
06-Oct-2021 12:39:57.417 INFORMACIÓN [http-nio-8080-exec-32] org.apache.catalina.util.LifecycleBase.start The start() method was called on component [StandardEngine[Catalina].StandardHost[localhost].StandardContext[/parqueaderoWeb2021]] after start() had already been called. The second call will be ignored.
06-Oct-2021 13:51:38.741 INFORMACIÓN [http-nio-8080-exec-43] org.apache.catalina.core.StandardContext.reload Ha comenzado la recarga de Contexto [/GastosFamiliares]
06-Oct-2021 13:51:38.741 ADVERTENCIA [http-nio-8080-exec-43] org.apache.catalina.loader.WebappClassLoaderBase.clearReferencesJdbc La aplicación web [GastosFamiliares] registró el conductor JDBC [org.postgresql.Driver] pero falló al anular el registro mientras la aplicación web estaba parada. Para prevenir un fallo de memoria, se ha anulado el registro del conductor JDBC por la fuerza.
06-Oct-2021 13:51:39.042 INFORMACIÓN [http-nio-8080-exec-43] org.apache.jasper.servlet.TldScanner.scanJars Al menos un JAR, que se ha explorado buscando TLDs, aún no contenía TLDs. Activar historial de depuración para este historiador para una completa lista de los JARs que fueron explorados y de los que nos se halló TLDs. Saltarse JARs no necesarios durante la exploración puede dar lugar a una mejora de tiempo significativa en el arranque y compilación de JSP .
06-Oct-2021 13:51:39.064 INFORMACIÓN [http-nio-8080-exec-43] org.apache.catalina.core.StandardContext.reload Se ha completado la recarga de este Contexto
06-Oct-2021 13:52:06.816 INFORMACIÓN [http-nio-8080-exec-53] org.apache.catalina.core.StandardContext.reload Ha comenzado la recarga de Contexto [/GastosFamiliares]
06-Oct-2021 13:52:07.086 INFORMACIÓN [http-nio-8080-exec-53] org.apache.jasper.servlet.TldScanner.scanJars Al menos un JAR, que se ha explorado buscando TLDs, aún no contenía TLDs. Activar historial de depuración para este historiador para una completa lista de los JARs que fueron explorados y de los que nos se halló TLDs. Saltarse JARs no necesarios durante la exploración puede dar lugar a una mejora de tiempo significativa en el arranque y compilación de JSP .
06-Oct-2021 13:52:07.101 INFORMACIÓN [http-nio-8080-exec-53] org.apache.catalina.core.StandardContext.reload Se ha completado la recarga de este Contexto
06-Oct-2021 13:52:36.576 INFORMACIÓN [http-nio-8080-exec-56] org.apache.catalina.core.StandardContext.reload Ha comenzado la recarga de Contexto [/GastosFamiliares]
06-Oct-2021 13:52:36.815 INFORMACIÓN [http-nio-8080-exec-56] org.apache.jasper.servlet.TldScanner.scanJars Al menos un JAR, que se ha explorado buscando TLDs, aún no contenía TLDs. Activar historial de depuración para este historiador para una completa lista de los JARs que fueron explorados y de los que nos se halló TLDs. Saltarse JARs no necesarios durante la exploración puede dar lugar a una mejora de tiempo significativa en el arranque y compilación de JSP .
06-Oct-2021 13:52:36.815 INFORMACIÓN [http-nio-8080-exec-56] org.apache.catalina.core.StandardContext.reload Se ha completado la recarga de este Contexto
06-Oct-2021 13:52:45.713 INFORMACIÓN [http-nio-8080-exec-41] org.apache.catalina.core.StandardContext.reload Ha comenzado la recarga de Contexto [/GastosFamiliares]
06-Oct-2021 13:52:45.913 INFORMACIÓN [http-nio-8080-exec-41] org.apache.jasper.servlet.TldScanner.scanJars Al menos un JAR, que se ha explorado buscando TLDs, aún no contenía TLDs. Activar historial de depuración para este historiador para una completa lista de los JARs que fueron explorados y de los que nos se halló TLDs. Saltarse JARs no necesarios durante la exploración puede dar lugar a una mejora de tiempo significativa en el arranque y compilación de JSP .
06-Oct-2021 13:52:45.913 INFORMACIÓN [http-nio-8080-exec-41] org.apache.catalina.core.StandardContext.reload Se ha completado la recarga de este Contexto
06-Oct-2021 13:53:50.067 INFORMACIÓN [http-nio-8080-exec-59] org.apache.catalina.core.StandardContext.reload Ha comenzado la recarga de Contexto [/GastosFamiliares]
06-Oct-2021 13:53:50.073 ADVERTENCIA [http-nio-8080-exec-59] org.apache.catalina.loader.WebappClassLoaderBase.clearReferencesJdbc La aplicación web [GastosFamiliares] registró el conductor JDBC [org.postgresql.Driver] pero falló al anular el registro mientras la aplicación web estaba parada. Para prevenir un fallo de memoria, se ha anulado el registro del conductor JDBC por la fuerza.
06-Oct-2021 13:53:50.389 INFORMACIÓN [http-nio-8080-exec-59] org.apache.jasper.servlet.TldScanner.scanJars Al menos un JAR, que se ha explorado buscando TLDs, aún no contenía TLDs. Activar historial de depuración para este historiador para una completa lista de los JARs que fueron explorados y de los que nos se halló TLDs. Saltarse JARs no necesarios durante la exploración puede dar lugar a una mejora de tiempo significativa en el arranque y compilación de JSP .
06-Oct-2021 13:53:50.389 INFORMACIÓN [http-nio-8080-exec-59] org.apache.catalina.core.StandardContext.reload Se ha completado la recarga de este Contexto
06-Oct-2021 13:53:51.639 INFORMACIÓN [http-nio-8080-exec-64] org.apache.catalina.core.StandardContext.reload Ha comenzado la recarga de Contexto [/GastosFamiliares]
06-Oct-2021 13:53:51.892 INFORMACIÓN [http-nio-8080-exec-64] org.apache.jasper.servlet.TldScanner.scanJars Al menos un JAR, que se ha explorado buscando TLDs, aún no contenía TLDs. Activar historial de depuración para este historiador para una completa lista de los JARs que fueron explorados y de los que nos se halló TLDs. Saltarse JARs no necesarios durante la exploración puede dar lugar a una mejora de tiempo significativa en el arranque y compilación de JSP .
06-Oct-2021 13:53:51.892 INFORMACIÓN [http-nio-8080-exec-64] org.apache.catalina.core.StandardContext.reload Se ha completado la recarga de este Contexto
06-Oct-2021 14:11:50.298 INFORMACIÓN [http-nio-8080-exec-69] org.apache.catalina.core.StandardContext.reload Ha comenzado la recarga de Contexto [/GastosFamiliares]
06-Oct-2021 14:11:50.313 ADVERTENCIA [http-nio-8080-exec-69] org.apache.catalina.loader.WebappClassLoaderBase.clearReferencesJdbc La aplicación web [GastosFamiliares] registró el conductor JDBC [org.postgresql.Driver] pero falló al anular el registro mientras la aplicación web estaba parada. Para prevenir un fallo de memoria, se ha anulado el registro del conductor JDBC por la fuerza.
06-Oct-2021 14:11:50.545 INFORMACIÓN [http-nio-8080-exec-69] org.apache.jasper.servlet.TldScanner.scanJars Al menos un JAR, que se ha explorado buscando TLDs, aún no contenía TLDs. Activar historial de depuración para este historiador para una completa lista de los JARs que fueron explorados y de los que nos se halló TLDs. Saltarse JARs no necesarios durante la exploración puede dar lugar a una mejora de tiempo significativa en el arranque y compilación de JSP .
06-Oct-2021 14:11:50.545 INFORMACIÓN [http-nio-8080-exec-69] org.apache.catalina.core.StandardContext.reload Se ha completado la recarga de este Contexto
06-Oct-2021 14:12:01.497 INFORMACIÓN [http-nio-8080-exec-76] org.apache.catalina.core.StandardContext.reload Ha comenzado la recarga de Contexto [/GastosFamiliares]
06-Oct-2021 14:12:01.699 INFORMACIÓN [http-nio-8080-exec-76] org.apache.jasper.servlet.TldScanner.scanJars Al menos un JAR, que se ha explorado buscando TLDs, aún no contenía TLDs. Activar historial de depuración para este historiador para una completa lista de los JARs que fueron explorados y de los que nos se halló TLDs. Saltarse JARs no necesarios durante la exploración puede dar lugar a una mejora de tiempo significativa en el arranque y compilación de JSP .
06-Oct-2021 14:12:01.717 INFORMACIÓN [http-nio-8080-exec-76] org.apache.catalina.core.StandardContext.reload Se ha completado la recarga de este Contexto
06-Oct-2021 14:13:08.085 INFORMACIÓN [http-nio-8080-exec-79] org.apache.catalina.core.StandardContext.reload Ha comenzado la recarga de Contexto [/GastosFamiliares]
06-Oct-2021 14:13:08.085 ADVERTENCIA [http-nio-8080-exec-79] org.apache.catalina.loader.WebappClassLoaderBase.clearReferencesJdbc La aplicación web [GastosFamiliares] registró el conductor JDBC [org.postgresql.Driver] pero falló al anular el registro mientras la aplicación web estaba parada. Para prevenir un fallo de memoria, se ha anulado el registro del conductor JDBC por la fuerza.
06-Oct-2021 14:13:08.386 INFORMACIÓN [http-nio-8080-exec-79] org.apache.jasper.servlet.TldScanner.scanJars Al menos un JAR, que se ha explorado buscando TLDs, aún no contenía TLDs. Activar historial de depuración para este historiador para una completa lista de los JARs que fueron explorados y de los que nos se halló TLDs. Saltarse JARs no necesarios durante la exploración puede dar lugar a una mejora de tiempo significativa en el arranque y compilación de JSP .
06-Oct-2021 14:13:08.402 INFORMACIÓN [http-nio-8080-exec-79] org.apache.catalina.core.StandardContext.reload Se ha completado la recarga de este Contexto
06-Oct-2021 14:13:08.402 INFORMACIÓN [http-nio-8080-exec-83] org.apache.catalina.core.StandardContext.reload Ha comenzado la recarga de Contexto [/GastosFamiliares]
06-Oct-2021 14:13:08.619 INFORMACIÓN [http-nio-8080-exec-83] org.apache.jasper.servlet.TldScanner.scanJars Al menos un JAR, que se ha explorado buscando TLDs, aún no contenía TLDs. Activar historial de depuración para este historiador para una completa lista de los JARs que fueron explorados y de los que nos se halló TLDs. Saltarse JARs no necesarios durante la exploración puede dar lugar a una mejora de tiempo significativa en el arranque y compilación de JSP .
06-Oct-2021 14:13:08.619 INFORMACIÓN [http-nio-8080-exec-83] org.apache.catalina.core.StandardContext.reload Se ha completado la recarga de este Contexto
06-Oct-2021 15:06:57.414 INFORMACIÓN [http-nio-8080-exec-88] org.apache.catalina.core.StandardContext.reload Ha comenzado la recarga de Contexto [/GastosFamiliares]
06-Oct-2021 15:06:57.445 ADVERTENCIA [http-nio-8080-exec-88] org.apache.catalina.loader.WebappClassLoaderBase.clearReferencesJdbc La aplicación web [GastosFamiliares] registró el conductor JDBC [org.postgresql.Driver] pero falló al anular el registro mientras la aplicación web estaba parada. Para prevenir un fallo de memoria, se ha anulado el registro del conductor JDBC por la fuerza.
06-Oct-2021 15:06:57.884 INFORMACIÓN [http-nio-8080-exec-88] org.apache.jasper.servlet.TldScanner.scanJars Al menos un JAR, que se ha explorado buscando TLDs, aún no contenía TLDs. Activar historial de depuración para este historiador para una completa lista de los JARs que fueron explorados y de los que nos se halló TLDs. Saltarse JARs no necesarios durante la exploración puede dar lugar a una mejora de tiempo significativa en el arranque y compilación de JSP .
06-Oct-2021 15:06:57.884 INFORMACIÓN [http-nio-8080-exec-88] org.apache.catalina.core.StandardContext.reload Se ha completado la recarga de este Contexto
06-Oct-2021 15:06:57.900 INFORMACIÓN [http-nio-8080-exec-96] org.apache.catalina.core.StandardContext.reload Ha comenzado la recarga de Contexto [/GastosFamiliares]
06-Oct-2021 15:06:58.266 INFORMACIÓN [http-nio-8080-exec-96] org.apache.jasper.servlet.TldScanner.scanJars Al menos un JAR, que se ha explorado buscando TLDs, aún no contenía TLDs. Activar historial de depuración para este historiador para una completa lista de los JARs que fueron explorados y de los que nos se halló TLDs. Saltarse JARs no necesarios durante la exploración puede dar lugar a una mejora de tiempo significativa en el arranque y compilación de JSP .
06-Oct-2021 15:06:58.268 INFORMACIÓN [http-nio-8080-exec-96] org.apache.catalina.core.StandardContext.reload Se ha completado la recarga de este Contexto
06-Oct-2021 15:34:21.176 INFORMACIÓN [main] org.apache.catalina.core.StandardServer.await Se ha recibido un comando de apagado a través del puerto de apagado. Parando la instancia del Servidor.
06-Oct-2021 15:34:21.183 INFORMACIÓN [main] org.apache.coyote.AbstractProtocol.pause Pausing ProtocolHandler ["http-nio-8080"]
06-Oct-2021 15:34:21.328 INFORMACIÓN [main] org.apache.catalina.core.StandardService.stopInternal Parando servicio [Catalina]
06-Oct-2021 15:34:21.383 ADVERTENCIA [localhost-startStop-2] org.apache.catalina.loader.WebappClassLoaderBase.clearReferencesJdbc La aplicación web [GastosFamiliares] registró el conductor JDBC [org.postgresql.Driver] pero falló al anular el registro mientras la aplicación web estaba parada. Para prevenir un fallo de memoria, se ha anulado el registro del conductor JDBC por la fuerza.
06-Oct-2021 15:34:21.399 INFORMACIÓN [main] org.apache.coyote.AbstractProtocol.stop Stopping ProtocolHandler ["http-nio-8080"]
06-Oct-2021 15:34:21.399 INFORMACIÓN [main] org.apache.coyote.AbstractProtocol.destroy Destroying ProtocolHandler ["http-nio-8080"]
