17-Oct-2021 16:38:42.517 INFORMACIÓN [localhost-startStop-1] org.apache.catalina.core.ApplicationContext.log ContextListener: contextInitialized()
17-Oct-2021 16:38:42.517 INFORMACIÓN [localhost-startStop-1] org.apache.catalina.core.ApplicationContext.log SessionListener: contextInitialized()
17-Oct-2021 16:38:42.517 INFORMACIÓN [localhost-startStop-1] org.apache.catalina.core.ApplicationContext.log ContextListener: attributeAdded('StockTicker', 'async.Stockticker@103a85eb')
17-Oct-2021 16:38:48.735 GRAVE [http-nio-8080-exec-1] org.apache.catalina.core.StandardWrapperValve.invoke El Servlet.service() para el servlet [jsp] en el contexto con ruta [/Futbol] lanzó la excepción [java.lang.NullPointerException] con causa raíz
	java.lang.NullPointerException
		at org.apache.jasper.runtime.JspRuntimeLibrary.getContextRelativePath(JspRuntimeLibrary.java:844)
		at org.apache.jasper.runtime.JspRuntimeLibrary.include(JspRuntimeLibrary.java:903)
		at org.apache.jsp.index_jsp._jspService(index_jsp.java:129)
		at org.apache.jasper.runtime.HttpJspBase.service(HttpJspBase.java:70)
		at javax.servlet.http.HttpServlet.service(HttpServlet.java:764)
		at org.apache.jasper.servlet.JspServletWrapper.service(JspServletWrapper.java:465)
		at org.apache.jasper.servlet.JspServlet.serviceJspFile(JspServlet.java:383)
		at org.apache.jasper.servlet.JspServlet.service(JspServlet.java:331)
		at javax.servlet.http.HttpServlet.service(HttpServlet.java:764)
		at org.apache.catalina.core.ApplicationFilterChain.internalDoFilter(ApplicationFilterChain.java:231)
		at org.apache.catalina.core.ApplicationFilterChain.doFilter(ApplicationFilterChain.java:166)
		at org.apache.tomcat.websocket.server.WsFilter.doFilter(WsFilter.java:52)
		at org.apache.catalina.core.ApplicationFilterChain.internalDoFilter(ApplicationFilterChain.java:193)
		at org.apache.catalina.core.ApplicationFilterChain.doFilter(ApplicationFilterChain.java:166)
		at org.apache.catalina.core.StandardWrapperValve.invoke(StandardWrapperValve.java:196)
		at org.apache.catalina.core.StandardContextValve.invoke(StandardContextValve.java:97)
		at org.apache.catalina.authenticator.AuthenticatorBase.invoke(AuthenticatorBase.java:542)
		at org.apache.catalina.core.StandardHostValve.invoke(StandardHostValve.java:135)
		at org.apache.catalina.valves.ErrorReportValve.invoke(ErrorReportValve.java:81)
		at org.apache.catalina.valves.AbstractAccessLogValve.invoke(AbstractAccessLogValve.java:698)
		at org.apache.catalina.core.StandardEngineValve.invoke(StandardEngineValve.java:78)
		at org.apache.catalina.connector.CoyoteAdapter.service(CoyoteAdapter.java:364)
		at org.apache.coyote.http11.Http11Processor.service(Http11Processor.java:624)
		at org.apache.coyote.AbstractProcessorLight.process(AbstractProcessorLight.java:65)
		at org.apache.coyote.AbstractProtocol$ConnectionHandler.process(AbstractProtocol.java:831)
		at org.apache.tomcat.util.net.NioEndpoint$SocketProcessor.doRun(NioEndpoint.java:1650)
		at org.apache.tomcat.util.net.SocketProcessorBase.run(SocketProcessorBase.java:49)
		at org.apache.tomcat.util.threads.ThreadPoolExecutor.runWorker(ThreadPoolExecutor.java:1191)
		at org.apache.tomcat.util.threads.ThreadPoolExecutor$Worker.run(ThreadPoolExecutor.java:659)
		at org.apache.tomcat.util.threads.TaskThread$WrappingRunnable.run(TaskThread.java:61)
		at java.lang.Thread.run(Thread.java:748)
17-Oct-2021 16:40:00.254 INFORMACIÓN [localhost-startStop-2] org.apache.catalina.core.ApplicationContext.log SessionListener: contextDestroyed()
17-Oct-2021 16:40:00.254 INFORMACIÓN [localhost-startStop-2] org.apache.catalina.core.ApplicationContext.log ContextListener: contextDestroyed()
